Log file open, 10/05/20 07:17:42
LogWindows: Failed to load 'aqProf.dll' (GetLastError=126)
LogWindows: File 'aqProf.dll' does not exist
LogWindows: Failed to load 'VtuneApi.dll' (GetLastError=126)
LogWindows: File 'VtuneApi.dll' does not exist
LogWindows: Failed to load 'VtuneApi32e.dll' (GetLastError=126)
LogWindows: File 'VtuneApi32e.dll' does not exist
LogConsoleResponse: Display: Failed to find resolution value strings in scalability ini. Falling back to default.
LogInit: Display: Running engine for game: Tentativa4
LogPlatformFile: Not using cached read wrapper
LogTaskGraph: Started task graph with 5 named threads and 47 total threads with 3 sets of task threads.
LogStats: Stats thread started at 0.251071
LogD3D11RHI: Loaded GFSDK_Aftermath_Lib.x64.dll
LogICUInternationalization: ICU TimeZone Detection - Raw Offset: -3:00, Platform Override: ''
LogPluginManager: Mounting plugin Paper2D
LogPluginManager: Mounting plugin AISupport
LogPluginManager: Mounting plugin LightPropagationVolume
LogPluginManager: Mounting plugin ActorLayerUtilities
LogPluginManager: Mounting plugin AnimationSharing
LogPluginManager: Mounting plugin CLionSourceCodeAccess
LogPluginManager: Mounting plugin CodeLiteSourceCodeAccess
LogPluginManager: Mounting plugin GitSourceControl
LogPluginManager: Mounting plugin KDevelopSourceCodeAccess
LogPluginManager: Mounting plugin NullSourceCodeAccess
LogPluginManager: Mounting plugin PerforceSourceControl
LogPluginManager: Mounting plugin SubversionSourceControl
LogPluginManager: Mounting plugin UObjectPlugin
LogPluginManager: Mounting plugin VisualStudioCodeSourceCodeAccess
LogPluginManager: Mounting plugin VisualStudioSourceCodeAccess
LogPluginManager: Mounting plugin XCodeSourceCodeAccess
LogPluginManager: Mounting plugin AssetManagerEditor
LogPluginManager: Mounting plugin CryptoKeys
LogPluginManager: Mounting plugin CurveEditorTools
LogPluginManager: Mounting plugin DataValidation
LogPluginManager: Mounting plugin FacialAnimation
LogPluginManager: Mounting plugin GameplayTagsEditor
LogPluginManager: Mounting plugin MacGraphicsSwitching
LogPluginManager: Mounting plugin MaterialAnalyzer
LogPluginManager: Mounting plugin MobileLauncherProfileWizard
LogPluginManager: Mounting plugin PluginBrowser
LogPluginManager: Mounting plugin SpeedTreeImporter
LogPluginManager: Mounting plugin DatasmithContent
LogPluginManager: Mounting plugin VariantManagerContent
LogPluginManager: Mounting plugin AlembicImporter
LogPluginManager: Mounting plugin AutomationUtils
LogPluginManager: Mounting plugin BackChannel
LogPluginManager: Mounting plugin CharacterAI
LogPluginManager: Mounting plugin GeometryCache
LogPluginManager: Mounting plugin HTML5Networking
LogPluginManager: Mounting plugin PlatformCrypto
LogPluginManager: Mounting plugin ProxyLODPlugin
LogPluginManager: Mounting plugin SkeletalReduction
LogPluginManager: Mounting plugin MagicLeap
LogPluginManager: Mounting plugin MagicLeapMedia
LogPluginManager: Mounting plugin AndroidMedia
LogPluginManager: Mounting plugin AvfMedia
LogPluginManager: Mounting plugin ImgMedia
LogPluginManager: Mounting plugin MediaCompositing
LogPluginManager: Mounting plugin MediaPlayerEditor
LogPluginManager: Mounting plugin WebMMedia
LogPluginManager: Mounting plugin WmfMedia
LogPluginManager: Mounting plugin TcpMessaging
LogPluginManager: Mounting plugin UdpMessaging
LogPluginManager: Mounting plugin ActorSequence
LogPluginManager: Mounting plugin LevelSequenceEditor
LogPluginManager: Mounting plugin MatineeToLevelSequence
LogPluginManager: Mounting plugin NetcodeUnitTest
LogPluginManager: Mounting plugin NUTUnrealEngine4
LogPluginManager: Mounting plugin OnlineSubsystemGooglePlay
LogPluginManager: Mounting plugin OnlineSubsystemIOS
LogPluginManager: Mounting plugin OnlineSubsystem
LogPluginManager: Mounting plugin OnlineSubsystemNull
LogPluginManager: Mounting plugin OnlineSubsystemUtils
LogPluginManager: Mounting plugin LauncherChunkInstaller
LogPluginManager: Mounting plugin AndroidDeviceProfileSelector
LogPluginManager: Mounting plugin AndroidMoviePlayer
LogPluginManager: Mounting plugin AndroidPermission
LogPluginManager: Mounting plugin AppleImageUtils
LogPluginManager: Mounting plugin AppleMoviePlayer
LogPluginManager: Mounting plugin ArchVisCharacter
LogPluginManager: Mounting plugin AudioCapture
LogPluginManager: Mounting plugin CableComponent
LogPluginManager: Mounting plugin CustomMeshComponent
LogPluginManager: Mounting plugin EditableMesh
LogPluginManager: Mounting plugin ExampleDeviceProfileSelector
LogPluginManager: Mounting plugin GoogleCloudMessaging
LogPluginManager: Mounting plugin IOSDeviceProfileSelector
LogPluginManager: Mounting plugin LinuxDeviceProfileSelector
LogPluginManager: Mounting plugin LocationServicesBPLibrary
LogPluginManager: Mounting plugin MobilePatchingUtils
LogPluginManager: Mounting plugin OculusVR
LogPluginManager: Mounting plugin PhysXVehicles
LogPluginManager: Mounting plugin ProceduralMeshComponent
LogPluginManager: Mounting plugin RuntimePhysXCooking
LogPluginManager: Mounting plugin SignificanceManager
LogPluginManager: Mounting plugin SteamVR
LogPluginManager: Mounting plugin WebMMoviePlayer
LogPluginManager: Mounting plugin WindowsMoviePlayer
LogPluginManager: Mounting plugin ScreenshotTools
LogInit: Using libcurl 7.55.1-DEV
LogInit:  - built for x86_64-pc-win32
LogInit:  - supports SSL with OpenSSL/1.1.1
LogInit:  - supports HTTP deflate (compression) using libz 1.2.8
LogInit:  - other features:
LogInit:      CURL_VERSION_SSL
LogInit:      CURL_VERSION_LIBZ
LogInit:      CURL_VERSION_IPV6
LogInit:      CURL_VERSION_ASYNCHDNS
LogInit:      CURL_VERSION_LARGEFILE
LogInit:      CURL_VERSION_IDN
LogInit:  CurlRequestOptions (configurable via config and command line):
LogInit:  - bVerifyPeer = true  - Libcurl will verify peer certificate
LogInit:  - bUseHttpProxy = false  - Libcurl will NOT use HTTP proxy
LogInit:  - bDontReuseConnections = false  - Libcurl will reuse connections
LogInit:  - MaxHostConnections = 16  - Libcurl will limit the number of connections to a host
LogInit:  - LocalHostAddr = Default
LogInit:  - BufferSize = 65536
LogOnline: OSS: Creating online subsystem instance for: NULL
LogInit: WinSock: version 1.1 (2.2), MaxSocks=32767, MaxUdp=65467
LogInit: Build: ++UE4+Release-4.23-CL-9631420
LogInit: Engine Version: 4.23.1-9631420+++UE4+Release-4.23
LogInit: Compatible Engine Version: 4.23.0-8386587+++UE4+Release-4.23
LogInit: Net CL: 8386587
LogInit: OS: Windows 10 (Release 2004) (), CPU: AMD Ryzen 7 3800X 8-Core Processor             , GPU: NVIDIA GeForce GTX 960
LogInit: Compiled (64-bit): Oct 18 2019 02:07:44
LogInit: Compiled with Visual C++: 19.16.27030.01
LogInit: Build Configuration: Development
LogInit: Branch Name: ++UE4+Release-4.23
LogInit: Command Line: 
LogInit: Base Directory: C:/Program Files/Epic Games/UE_4.23/Engine/Binaries/Win64/
LogInit: Installed Engine Build: 1
LogDevObjectVersion: Number of dev versions registered: 23
LogDevObjectVersion:   Dev-Blueprints (B0D832E4-1F89-4F0D-ACCF-7EB736FD4AA2): 10
LogDevObjectVersion:   Dev-Build (E1C64328-A22C-4D53-A36C-8E866417BD8C): 0
LogDevObjectVersion:   Dev-Core (375EC13C-06E4-48FB-B500-84F0262A717E): 3
LogDevObjectVersion:   Dev-Editor (E4B068ED-F494-42E9-A231-DA0B2E46BB41): 34
LogDevObjectVersion:   Dev-Framework (CFFC743F-43B0-4480-9391-14DF171D2073): 35
LogDevObjectVersion:   Dev-Mobile (B02B49B5-BB20-44E9-A304-32B752E40360): 2
LogDevObjectVersion:   Dev-Networking (A4E4105C-59A1-49B5-A7C5-40C4547EDFEE): 0
LogDevObjectVersion:   Dev-Online (39C831C9-5AE6-47DC-9A44-9C173E1C8E7C): 0
LogDevObjectVersion:   Dev-Physics (78F01B33-EBEA-4F98-B9B4-84EACCB95AA2): 0
LogDevObjectVersion:   Dev-Platform (6631380F-2D4D-43E0-8009-CF276956A95A): 0
LogDevObjectVersion:   Dev-Rendering (12F88B9F-8875-4AFC-A67C-D90C383ABD29): 31
LogDevObjectVersion:   Dev-Sequencer (7B5AE74C-D270-4C10-A958-57980B212A5A): 11
LogDevObjectVersion:   Dev-VR (D7296918-1DD6-4BDD-9DE2-64A83CC13884): 2
LogDevObjectVersion:   Dev-LoadTimes (C2A15278-BFE7-4AFE-6C17-90FF531DF755): 1
LogDevObjectVersion:   Private-Geometry (6EACA3D4-40EC-4CC1-B786-8BED09428FC5): 3
LogDevObjectVersion:   Dev-AnimPhys (29E575DD-E0A3-4627-9D10-D276232CDCEA): 17
LogDevObjectVersion:   Dev-Anim (AF43A65D-7FD3-4947-9873-3E8ED9C1BB05): 2
LogDevObjectVersion:   Dev-ReflectionCapture (6B266CEC-1EC7-4B8F-A30B-E4D90942FC07): 1
LogDevObjectVersion:   Dev-Automation (0DF73D61-A23F-47EA-B727-89E90C41499A): 1
LogDevObjectVersion:   FortniteMain (601D1886-AC64-4F84-AA16-D3DE0DEAC7D6): 27
LogDevObjectVersion:   Dev-Enterprise (9DFFBCD6-494F-0158-E221-12823C92A888): 6
LogDevObjectVersion:   Dev-Niagara (F2AED0AC-9AFE-416F-8664-AA7FFA26D6FC): 1
LogDevObjectVersion:   Dev-Destruction (174F1F0B-B4C6-45A5-B13F-2EE8D0FB917D): 9
LogInit: Presizing for max 16777216 objects, including 0 objects not considered by GC, pre-allocating 0 bytes for permanent pool.
LogInit: Object subsystem initialized
LogConfig: Setting CVar [[con.DebugEarlyDefault:1]]
LogConfig: Setting CVar [[r.setres:1280x720]]
[2020.10.05-10.17.48:535][  0]LogConfig: Setting CVar [[r.VSync:0]]
[2020.10.05-10.17.48:535][  0]LogConfig: Setting CVar [[r.RHICmdBypass:0]]
[2020.10.05-10.17.48:535][  0]LogConfig: Applying CVar settings from Section [/Script/Engine.RendererSettings] File [C:/Users/leoda/Desktop/TCC/AiaiEsseTCC/Tentativa4/Saved/Config/Windows/Engine.ini]
[2020.10.05-10.17.48:535][  0]LogConfig: Setting CVar [[r.GPUCrashDebugging:0]]
[2020.10.05-10.17.48:535][  0]LogConfig: Applying CVar settings from Section [/Script/Engine.RendererOverrideSettings] File [C:/Users/leoda/Desktop/TCC/AiaiEsseTCC/Tentativa4/Saved/Config/Windows/Engine.ini]
[2020.10.05-10.17.48:535][  0]LogConfig: Applying CVar settings from Section [/Script/Engine.StreamingSettings] File [C:/Users/leoda/Desktop/TCC/AiaiEsseTCC/Tentativa4/Saved/Config/Windows/Engine.ini]
[2020.10.05-10.17.48:535][  0]LogConfig: Setting CVar [[s.MinBulkDataSizeForAsyncLoading:131072]]
[2020.10.05-10.17.48:535][  0]LogConfig: Setting CVar [[s.AsyncLoadingThreadEnabled:0]]
[2020.10.05-10.17.48:535][  0]LogConfig: Setting CVar [[s.EventDrivenLoaderEnabled:1]]
[2020.10.05-10.17.48:535][  0]LogConfig: Setting CVar [[s.WarnIfTimeLimitExceeded:0]]
[2020.10.05-10.17.48:535][  0]LogConfig: Setting CVar [[s.TimeLimitExceededMultiplier:1.5]]
[2020.10.05-10.17.48:535][  0]LogConfig: Setting CVar [[s.TimeLimitExceededMinTime:0.005]]
[2020.10.05-10.17.48:535][  0]LogConfig: Setting CVar [[s.UseBackgroundLevelStreaming:1]]
[2020.10.05-10.17.48:535][  0]LogConfig: Setting CVar [[s.PriorityAsyncLoadingExtraTime:15.0]]
[2020.10.05-10.17.48:535][  0]LogConfig: Setting CVar [[s.LevelStreamingActorsUpdateTimeLimit:5.0]]
[2020.10.05-10.17.48:535][  0]LogConfig: Setting CVar [[s.PriorityLevelStreamingActorsUpdateExtraTime:5.0]]
[2020.10.05-10.17.48:535][  0]LogConfig: Setting CVar [[s.LevelStreamingComponentsRegistrationGranularity:10]]
[2020.10.05-10.17.48:535][  0]LogConfig: Setting CVar [[s.UnregisterComponentsTimeLimit:1.0]]
[2020.10.05-10.17.48:535][  0]LogConfig: Setting CVar [[s.LevelStreamingComponentsUnregistrationGranularity:5]]
[2020.10.05-10.17.48:535][  0]LogConfig: Applying CVar settings from Section [/Script/Engine.GarbageCollectionSettings] File [C:/Users/leoda/Desktop/TCC/AiaiEsseTCC/Tentativa4/Saved/Config/Windows/Engine.ini]
[2020.10.05-10.17.48:535][  0]LogConfig: Setting CVar [[gc.MaxObjectsNotConsideredByGC:1]]
[2020.10.05-10.17.48:535][  0]LogConfig: Setting CVar [[gc.SizeOfPermanentObjectPool:0]]
[2020.10.05-10.17.48:535][  0]LogConfig: Setting CVar [[gc.FlushStreamingOnGC:0]]
[2020.10.05-10.17.48:535][  0]LogConfig: Setting CVar [[gc.NumRetriesBeforeForcingGC:10]]
[2020.10.05-10.17.48:535][  0]LogConfig: Setting CVar [[gc.AllowParallelGC:1]]
[2020.10.05-10.17.48:535][  0]LogConfig: Setting CVar [[gc.TimeBetweenPurgingPendingKillObjects:61.1]]
[2020.10.05-10.17.48:535][  0]LogConfig: Setting CVar [[gc.MaxObjectsInEditor:16777216]]
[2020.10.05-10.17.48:535][  0]LogConfig: Setting CVar [[gc.IncrementalBeginDestroyEnabled:1]]
[2020.10.05-10.17.48:535][  0]LogConfig: Setting CVar [[gc.CreateGCClusters:1]]
[2020.10.05-10.17.48:535][  0]LogConfig: Setting CVar [[gc.MinGCClusterSize:5]]
[2020.10.05-10.17.48:535][  0]LogConfig: Setting CVar [[gc.ActorClusteringEnabled:0]]
[2020.10.05-10.17.48:535][  0]LogConfig: Setting CVar [[gc.BlueprintClusteringEnabled:0]]
[2020.10.05-10.17.48:535][  0]LogConfig: Setting CVar [[gc.UseDisregardForGCOnDedicatedServers:0]]
[2020.10.05-10.17.48:535][  0]LogConfig: Applying CVar settings from Section [/Script/Engine.NetworkSettings] File [C:/Users/leoda/Desktop/TCC/AiaiEsseTCC/Tentativa4/Saved/Config/Windows/Engine.ini]
[2020.10.05-10.17.48:535][  0]LogConfig: Applying CVar settings from Section [/Script/UnrealEd.CookerSettings] File [C:/Users/leoda/Desktop/TCC/AiaiEsseTCC/Tentativa4/Saved/Config/Windows/Engine.ini]
[2020.10.05-10.17.48:642][  0]LogConfig: Applying CVar settings from Section [ViewDistanceQuality@3] File [C:/Users/leoda/Desktop/TCC/AiaiEsseTCC/Tentativa4/Saved/Config/Windows/Scalability.ini]
[2020.10.05-10.17.48:642][  0]LogConfig: Setting CVar [[r.SkeletalMeshLODBias:0]]
[2020.10.05-10.17.48:642][  0]LogConfig: Setting CVar [[r.ViewDistanceScale:1.0]]
[2020.10.05-10.17.48:642][  0]LogConfig: Applying CVar settings from Section [AntiAliasingQuality@3] File [C:/Users/leoda/Desktop/TCC/AiaiEsseTCC/Tentativa4/Saved/Config/Windows/Scalability.ini]
[2020.10.05-10.17.48:642][  0]LogConfig: Setting CVar [[r.PostProcessAAQuality:4]]
[2020.10.05-10.17.48:642][  0]LogConfig: Applying CVar settings from Section [ShadowQuality@3] File [C:/Users/leoda/Desktop/TCC/AiaiEsseTCC/Tentativa4/Saved/Config/Windows/Scalability.ini]
[2020.10.05-10.17.48:642][  0]LogConfig: Setting CVar [[r.LightFunctionQuality:1]]
[2020.10.05-10.17.48:642][  0]LogConfig: Setting CVar [[r.ShadowQuality:5]]
[2020.10.05-10.17.48:642][  0]LogConfig: Setting CVar [[r.Shadow.CSM.MaxCascades:10]]
[2020.10.05-10.17.48:642][  0]LogConfig: Setting CVar [[r.Shadow.MaxResolution:2048]]
[2020.10.05-10.17.48:642][  0]LogConfig: Setting CVar [[r.Shadow.MaxCSMResolution:2048]]
[2020.10.05-10.17.48:642][  0]LogConfig: Setting CVar [[r.Shadow.RadiusThreshold:0.01]]
[2020.10.05-10.17.48:642][  0]LogConfig: Setting CVar [[r.Shadow.DistanceScale:1.0]]
[2020.10.05-10.17.48:642][  0]LogConfig: Setting CVar [[r.Shadow.CSM.TransitionScale:1.0]]
[2020.10.05-10.17.48:642][  0]LogConfig: Setting CVar [[r.Shadow.PreShadowResolutionFactor:1.0]]
[2020.10.05-10.17.48:642][  0]LogConfig: Setting CVar [[r.DistanceFieldShadowing:1]]
[2020.10.05-10.17.48:642][  0]LogConfig: Setting CVar [[r.DistanceFieldAO:1]]
[2020.10.05-10.17.48:642][  0]LogConfig: Setting CVar [[r.AOQuality:2]]
[2020.10.05-10.17.48:642][  0]LogConfig: Setting CVar [[r.VolumetricFog:1]]
[2020.10.05-10.17.48:642][  0]LogConfig: Setting CVar [[r.VolumetricFog.GridPixelSize:8]]
[2020.10.05-10.17.48:642][  0]LogConfig: Setting CVar [[r.VolumetricFog.GridSizeZ:128]]
[2020.10.05-10.17.48:642][  0]LogConfig: Setting CVar [[r.VolumetricFog.HistoryMissSupersampleCount:4]]
[2020.10.05-10.17.48:642][  0]LogConfig: Setting CVar [[r.LightMaxDrawDistanceScale:1]]
[2020.10.05-10.17.48:642][  0]LogConfig: Setting CVar [[r.CapsuleShadows:1]]
[2020.10.05-10.17.48:642][  0]LogConfig: Applying CVar settings from Section [PostProcessQuality@3] File [C:/Users/leoda/Desktop/TCC/AiaiEsseTCC/Tentativa4/Saved/Config/Windows/Scalability.ini]
[2020.10.05-10.17.48:642][  0]LogConfig: Setting CVar [[r.MotionBlurQuality:4]]
[2020.10.05-10.17.48:642][  0]LogConfig: Setting CVar [[r.AmbientOcclusionMipLevelFactor:0.4]]
[2020.10.05-10.17.48:642][  0]LogConfig: Setting CVar [[r.AmbientOcclusionMaxQuality:100]]
[2020.10.05-10.17.48:642][  0]LogConfig: Setting CVar [[r.AmbientOcclusionLevels:-1]]
[2020.10.05-10.17.48:642][  0]LogConfig: Setting CVar [[r.AmbientOcclusionRadiusScale:1.0]]
[2020.10.05-10.17.48:642][  0]LogConfig: Setting CVar [[r.DepthOfFieldQuality:2]]
[2020.10.05-10.17.48:642][  0]LogConfig: Setting CVar [[r.RenderTargetPoolMin:400]]
[2020.10.05-10.17.48:643][  0]LogConfig: Setting CVar [[r.LensFlareQuality:2]]
[2020.10.05-10.17.48:643][  0]LogConfig: Setting CVar [[r.SceneColorFringeQuality:1]]
[2020.10.05-10.17.48:643][  0]LogConfig: Setting CVar [[r.EyeAdaptationQuality:2]]
[2020.10.05-10.17.48:643][  0]LogConfig: Setting CVar [[r.BloomQuality:5]]
[2020.10.05-10.17.48:643][  0]LogConfig: Setting CVar [[r.FastBlurThreshold:100]]
[2020.10.05-10.17.48:643][  0]LogConfig: Setting CVar [[r.Upscale.Quality:3]]
[2020.10.05-10.17.48:643][  0]LogConfig: Setting CVar [[r.Tonemapper.GrainQuantization:1]]
[2020.10.05-10.17.48:643][  0]LogConfig: Setting CVar [[r.LightShaftQuality:1]]
[2020.10.05-10.17.48:643][  0]LogConfig: Setting CVar [[r.Filter.SizeScale:1]]
[2020.10.05-10.17.48:643][  0]LogConfig: Setting CVar [[r.Tonemapper.Quality:5]]
[2020.10.05-10.17.48:643][  0]LogConfig: Setting CVar [[r.DOF.Gather.AccumulatorQuality:1        ; higher gathering accumulator quality]]
[2020.10.05-10.17.48:643][  0]LogConfig: Setting CVar [[r.DOF.Gather.PostfilterMethod:1          ; Median3x3 postfilering method]]
[2020.10.05-10.17.48:643][  0]LogConfig: Setting CVar [[r.DOF.Gather.EnableBokehSettings:0       ; no bokeh simulation when gathering]]
[2020.10.05-10.17.48:643][  0]LogConfig: Setting CVar [[r.DOF.Gather.RingCount:4                 ; medium number of samples when gathering]]
[2020.10.05-10.17.48:643][  0]LogConfig: Setting CVar [[r.DOF.Scatter.ForegroundCompositing:1    ; additive foreground scattering]]
[2020.10.05-10.17.48:643][  0]LogConfig: Setting CVar [[r.DOF.Scatter.BackgroundCompositing:2    ; additive background scattering]]
[2020.10.05-10.17.48:643][  0]LogConfig: Setting CVar [[r.DOF.Scatter.EnableBokehSettings:1      ; bokeh simulation when scattering]]
[2020.10.05-10.17.48:643][  0]LogConfig: Setting CVar [[r.DOF.Scatter.MaxSpriteRatio:0.1         ; only a maximum of 10% of scattered bokeh]]
[2020.10.05-10.17.48:643][  0]LogConfig: Setting CVar [[r.DOF.Recombine.Quality:1                ; cheap slight out of focus]]
[2020.10.05-10.17.48:643][  0]LogConfig: Setting CVar [[r.DOF.Recombine.EnableBokehSettings:0    ; no bokeh simulation on slight out of focus]]
[2020.10.05-10.17.48:643][  0]LogConfig: Setting CVar [[r.DOF.TemporalAAQuality:1                ; more stable temporal accumulation]]
[2020.10.05-10.17.48:643][  0]LogConfig: Setting CVar [[r.DOF.Kernel.MaxForegroundRadius:0.025]]
[2020.10.05-10.17.48:643][  0]LogConfig: Setting CVar [[r.DOF.Kernel.MaxBackgroundRadius:0.025]]
[2020.10.05-10.17.48:643][  0]LogConfig: Applying CVar settings from Section [TextureQuality@3] File [C:/Users/leoda/Desktop/TCC/AiaiEsseTCC/Tentativa4/Saved/Config/Windows/Scalability.ini]
[2020.10.05-10.17.48:643][  0]LogConfig: Setting CVar [[r.Streaming.MipBias:0]]
[2020.10.05-10.17.48:643][  0]LogConfig: Setting CVar [[r.Streaming.AmortizeCPUToGPUCopy:0]]
[2020.10.05-10.17.48:643][  0]LogConfig: Setting CVar [[r.Streaming.MaxNumTexturesToStreamPerFrame:0]]
[2020.10.05-10.17.48:643][  0]LogConfig: Setting CVar [[r.Streaming.Boost:1]]
[2020.10.05-10.17.48:643][  0]LogConfig: Setting CVar [[r.MaxAnisotropy:8]]
[2020.10.05-10.17.48:643][  0]LogConfig: Setting CVar [[r.Streaming.LimitPoolSizeToVRAM:0]]
[2020.10.05-10.17.48:643][  0]LogConfig: Setting CVar [[r.Streaming.PoolSize:1000]]
[2020.10.05-10.17.48:643][  0]LogConfig: Setting CVar [[r.Streaming.MaxEffectiveScreenSize:0]]
[2020.10.05-10.17.48:643][  0]LogConfig: Applying CVar settings from Section [EffectsQuality@3] File [C:/Users/leoda/Desktop/TCC/AiaiEsseTCC/Tentativa4/Saved/Config/Windows/Scalability.ini]
[2020.10.05-10.17.48:643][  0]LogConfig: Setting CVar [[r.TranslucencyLightingVolumeDim:64]]
[2020.10.05-10.17.48:643][  0]LogConfig: Setting CVar [[r.RefractionQuality:2]]
[2020.10.05-10.17.48:643][  0]LogConfig: Setting CVar [[r.SSR.Quality:3]]
[2020.10.05-10.17.48:643][  0]LogConfig: Setting CVar [[r.SceneColorFormat:4]]
[2020.10.05-10.17.48:643][  0]LogConfig: Setting CVar [[r.DetailMode:2]]
[2020.10.05-10.17.48:643][  0]LogConfig: Setting CVar [[r.TranslucencyVolumeBlur:1]]
[2020.10.05-10.17.48:643][  0]LogConfig: Setting CVar [[r.MaterialQualityLevel:1 ; High quality]]
[2020.10.05-10.17.48:643][  0]LogConfig: Setting CVar [[r.SSS.Scale:1]]
[2020.10.05-10.17.48:643][  0]LogConfig: Setting CVar [[r.SSS.SampleSet:2]]
[2020.10.05-10.17.48:643][  0]LogConfig: Setting CVar [[r.SSS.Quality:1]]
[2020.10.05-10.17.48:643][  0]LogConfig: Setting CVar [[r.SSS.HalfRes:1]]
[2020.10.05-10.17.48:643][  0]LogConfig: Setting CVar [[r.EmitterSpawnRateScale:1.0]]
[2020.10.05-10.17.48:643][  0]LogConfig: Setting CVar [[r.ParticleLightQuality:2]]
[2020.10.05-10.17.48:643][  0]LogConfig: Applying CVar settings from Section [FoliageQuality@3] File [C:/Users/leoda/Desktop/TCC/AiaiEsseTCC/Tentativa4/Saved/Config/Windows/Scalability.ini]
[2020.10.05-10.17.48:643][  0]LogConfig: Setting CVar [[foliage.DensityScale:1.0]]
[2020.10.05-10.17.48:643][  0]LogConfig: Setting CVar [[grass.DensityScale:1.0]]
[2020.10.05-10.17.48:661][  0]LogInit: Selected Device Profile: [Windows]
[2020.10.05-10.17.48:665][  0]LogInit: Applying CVar settings loaded from the selected device profile: [Windows]
[2020.10.05-10.17.48:701][  0]LogHAL: Display: Platform has ~ 24 GB [25715486720 / 34359738368 / 24], which maps to Larger [LargestMinGB=32, LargerMinGB=12, DefaultMinGB=8, SmallerMinGB=6, SmallestMinGB=0)
[2020.10.05-10.17.48:701][  0]LogInit: Going up to parent DeviceProfile []
[2020.10.05-10.17.48:701][  0]LogConfig: Applying CVar settings from Section [ViewDistanceQuality@3] File [C:/Users/leoda/Desktop/TCC/AiaiEsseTCC/Tentativa4/Saved/Config/Windows/Scalability.ini]
[2020.10.05-10.17.48:701][  0]LogConfig: Setting CVar [[r.SkeletalMeshLODBias:0]]
[2020.10.05-10.17.48:701][  0]LogConfig: Setting CVar [[r.ViewDistanceScale:1.0]]
[2020.10.05-10.17.48:701][  0]LogConfig: Applying CVar settings from Section [AntiAliasingQuality@3] File [C:/Users/leoda/Desktop/TCC/AiaiEsseTCC/Tentativa4/Saved/Config/Windows/Scalability.ini]
[2020.10.05-10.17.48:701][  0]LogConfig: Setting CVar [[r.PostProcessAAQuality:4]]
[2020.10.05-10.17.48:701][  0]LogConfig: Applying CVar settings from Section [ShadowQuality@3] File [C:/Users/leoda/Desktop/TCC/AiaiEsseTCC/Tentativa4/Saved/Config/Windows/Scalability.ini]
[2020.10.05-10.17.48:701][  0]LogConfig: Setting CVar [[r.LightFunctionQuality:1]]
[2020.10.05-10.17.48:701][  0]LogConfig: Setting CVar [[r.ShadowQuality:5]]
[2020.10.05-10.17.48:701][  0]LogConfig: Setting CVar [[r.Shadow.CSM.MaxCascades:10]]
[2020.10.05-10.17.48:701][  0]LogConfig: Setting CVar [[r.Shadow.MaxResolution:2048]]
[2020.10.05-10.17.48:701][  0]LogConfig: Setting CVar [[r.Shadow.MaxCSMResolution:2048]]
[2020.10.05-10.17.48:701][  0]LogConfig: Setting CVar [[r.Shadow.RadiusThreshold:0.01]]
[2020.10.05-10.17.48:701][  0]LogConfig: Setting CVar [[r.Shadow.DistanceScale:1.0]]
[2020.10.05-10.17.48:701][  0]LogConfig: Setting CVar [[r.Shadow.CSM.TransitionScale:1.0]]
[2020.10.05-10.17.48:701][  0]LogConfig: Setting CVar [[r.Shadow.PreShadowResolutionFactor:1.0]]
[2020.10.05-10.17.48:701][  0]LogConfig: Setting CVar [[r.DistanceFieldShadowing:1]]
[2020.10.05-10.17.48:701][  0]LogConfig: Setting CVar [[r.DistanceFieldAO:1]]
[2020.10.05-10.17.48:701][  0]LogConfig: Setting CVar [[r.AOQuality:2]]
[2020.10.05-10.17.48:701][  0]LogConfig: Setting CVar [[r.VolumetricFog:1]]
[2020.10.05-10.17.48:701][  0]LogConfig: Setting CVar [[r.VolumetricFog.GridPixelSize:8]]
[2020.10.05-10.17.48:701][  0]LogConfig: Setting CVar [[r.VolumetricFog.GridSizeZ:128]]
[2020.10.05-10.17.48:701][  0]LogConfig: Setting CVar [[r.VolumetricFog.HistoryMissSupersampleCount:4]]
[2020.10.05-10.17.48:701][  0]LogConfig: Setting CVar [[r.LightMaxDrawDistanceScale:1]]
[2020.10.05-10.17.48:701][  0]LogConfig: Setting CVar [[r.CapsuleShadows:1]]
[2020.10.05-10.17.48:701][  0]LogConfig: Applying CVar settings from Section [PostProcessQuality@3] File [C:/Users/leoda/Desktop/TCC/AiaiEsseTCC/Tentativa4/Saved/Config/Windows/Scalability.ini]
[2020.10.05-10.17.48:701][  0]LogConfig: Setting CVar [[r.MotionBlurQuality:4]]
[2020.10.05-10.17.48:701][  0]LogConfig: Setting CVar [[r.AmbientOcclusionMipLevelFactor:0.4]]
[2020.10.05-10.17.48:701][  0]LogConfig: Setting CVar [[r.AmbientOcclusionMaxQuality:100]]
[2020.10.05-10.17.48:701][  0]LogConfig: Setting CVar [[r.AmbientOcclusionLevels:-1]]
[2020.10.05-10.17.48:701][  0]LogConfig: Setting CVar [[r.AmbientOcclusionRadiusScale:1.0]]
[2020.10.05-10.17.48:701][  0]LogConfig: Setting CVar [[r.DepthOfFieldQuality:2]]
[2020.10.05-10.17.48:701][  0]LogConfig: Setting CVar [[r.RenderTargetPoolMin:400]]
[2020.10.05-10.17.48:701][  0]LogConfig: Setting CVar [[r.LensFlareQuality:2]]
[2020.10.05-10.17.48:701][  0]LogConfig: Setting CVar [[r.SceneColorFringeQuality:1]]
[2020.10.05-10.17.48:701][  0]LogConfig: Setting CVar [[r.EyeAdaptationQuality:2]]
[2020.10.05-10.17.48:701][  0]LogConfig: Setting CVar [[r.BloomQuality:5]]
[2020.10.05-10.17.48:701][  0]LogConfig: Setting CVar [[r.FastBlurThreshold:100]]
[2020.10.05-10.17.48:701][  0]LogConfig: Setting CVar [[r.Upscale.Quality:3]]
[2020.10.05-10.17.48:701][  0]LogConfig: Setting CVar [[r.Tonemapper.GrainQuantization:1]]
[2020.10.05-10.17.48:701][  0]LogConfig: Setting CVar [[r.LightShaftQuality:1]]
[2020.10.05-10.17.48:701][  0]LogConfig: Setting CVar [[r.Filter.SizeScale:1]]
[2020.10.05-10.17.48:701][  0]LogConfig: Setting CVar [[r.Tonemapper.Quality:5]]
[2020.10.05-10.17.48:701][  0]LogConfig: Setting CVar [[r.DOF.Gather.AccumulatorQuality:1        ; higher gathering accumulator quality]]
[2020.10.05-10.17.48:701][  0]LogConfig: Setting CVar [[r.DOF.Gather.PostfilterMethod:1          ; Median3x3 postfilering method]]
[2020.10.05-10.17.48:701][  0]LogConfig: Setting CVar [[r.DOF.Gather.EnableBokehSettings:0       ; no bokeh simulation when gathering]]
[2020.10.05-10.17.48:701][  0]LogConfig: Setting CVar [[r.DOF.Gather.RingCount:4                 ; medium number of samples when gathering]]
[2020.10.05-10.17.48:701][  0]LogConfig: Setting CVar [[r.DOF.Scatter.ForegroundCompositing:1    ; additive foreground scattering]]
[2020.10.05-10.17.48:701][  0]LogConfig: Setting CVar [[r.DOF.Scatter.BackgroundCompositing:2    ; additive background scattering]]
[2020.10.05-10.17.48:702][  0]LogConfig: Setting CVar [[r.DOF.Scatter.EnableBokehSettings:1      ; bokeh simulation when scattering]]
[2020.10.05-10.17.48:702][  0]LogConfig: Setting CVar [[r.DOF.Scatter.MaxSpriteRatio:0.1         ; only a maximum of 10% of scattered bokeh]]
[2020.10.05-10.17.48:702][  0]LogConfig: Setting CVar [[r.DOF.Recombine.Quality:1                ; cheap slight out of focus]]
[2020.10.05-10.17.48:702][  0]LogConfig: Setting CVar [[r.DOF.Recombine.EnableBokehSettings:0    ; no bokeh simulation on slight out of focus]]
[2020.10.05-10.17.48:702][  0]LogConfig: Setting CVar [[r.DOF.TemporalAAQuality:1                ; more stable temporal accumulation]]
[2020.10.05-10.17.48:702][  0]LogConfig: Setting CVar [[r.DOF.Kernel.MaxForegroundRadius:0.025]]
[2020.10.05-10.17.48:702][  0]LogConfig: Setting CVar [[r.DOF.Kernel.MaxBackgroundRadius:0.025]]
[2020.10.05-10.17.48:702][  0]LogConfig: Applying CVar settings from Section [TextureQuality@3] File [C:/Users/leoda/Desktop/TCC/AiaiEsseTCC/Tentativa4/Saved/Config/Windows/Scalability.ini]
[2020.10.05-10.17.48:702][  0]LogConfig: Setting CVar [[r.Streaming.MipBias:0]]
[2020.10.05-10.17.48:702][  0]LogConfig: Setting CVar [[r.Streaming.AmortizeCPUToGPUCopy:0]]
[2020.10.05-10.17.48:702][  0]LogConfig: Setting CVar [[r.Streaming.MaxNumTexturesToStreamPerFrame:0]]
[2020.10.05-10.17.48:702][  0]LogConfig: Setting CVar [[r.Streaming.Boost:1]]
[2020.10.05-10.17.48:702][  0]LogConfig: Setting CVar [[r.MaxAnisotropy:8]]
[2020.10.05-10.17.48:702][  0]LogConfig: Setting CVar [[r.Streaming.LimitPoolSizeToVRAM:0]]
[2020.10.05-10.17.48:702][  0]LogConfig: Setting CVar [[r.Streaming.PoolSize:1000]]
[2020.10.05-10.17.48:702][  0]LogConfig: Setting CVar [[r.Streaming.MaxEffectiveScreenSize:0]]
[2020.10.05-10.17.48:702][  0]LogConfig: Applying CVar settings from Section [EffectsQuality@3] File [C:/Users/leoda/Desktop/TCC/AiaiEsseTCC/Tentativa4/Saved/Config/Windows/Scalability.ini]
[2020.10.05-10.17.48:702][  0]LogConfig: Setting CVar [[r.TranslucencyLightingVolumeDim:64]]
[2020.10.05-10.17.48:702][  0]LogConfig: Setting CVar [[r.RefractionQuality:2]]
[2020.10.05-10.17.48:702][  0]LogConfig: Setting CVar [[r.SSR.Quality:3]]
[2020.10.05-10.17.48:702][  0]LogConfig: Setting CVar [[r.SceneColorFormat:4]]
[2020.10.05-10.17.48:702][  0]LogConfig: Setting CVar [[r.DetailMode:2]]
[2020.10.05-10.17.48:702][  0]LogConfig: Setting CVar [[r.TranslucencyVolumeBlur:1]]
[2020.10.05-10.17.48:702][  0]LogConfig: Setting CVar [[r.MaterialQualityLevel:1 ; High quality]]
[2020.10.05-10.17.48:702][  0]LogConfig: Setting CVar [[r.SSS.Scale:1]]
[2020.10.05-10.17.48:702][  0]LogConfig: Setting CVar [[r.SSS.SampleSet:2]]
[2020.10.05-10.17.48:702][  0]LogConfig: Setting CVar [[r.SSS.Quality:1]]
[2020.10.05-10.17.48:702][  0]LogConfig: Setting CVar [[r.SSS.HalfRes:1]]
[2020.10.05-10.17.48:702][  0]LogConfig: Setting CVar [[r.EmitterSpawnRateScale:1.0]]
[2020.10.05-10.17.48:702][  0]LogConfig: Setting CVar [[r.ParticleLightQuality:2]]
[2020.10.05-10.17.48:702][  0]LogConfig: Applying CVar settings from Section [FoliageQuality@3] File [C:/Users/leoda/Desktop/TCC/AiaiEsseTCC/Tentativa4/Saved/Config/Windows/Scalability.ini]
[2020.10.05-10.17.48:702][  0]LogConfig: Setting CVar [[foliage.DensityScale:1.0]]
[2020.10.05-10.17.48:702][  0]LogConfig: Setting CVar [[grass.DensityScale:1.0]]
[2020.10.05-10.17.48:702][  0]LogConfig: Applying CVar settings from Section [Startup] File [../../../Engine/Config/ConsoleVariables.ini]
[2020.10.05-10.17.48:711][  0]LogConfig: Setting CVar [[net.UseAdaptiveNetUpdateFrequency:0]]
[2020.10.05-10.17.48:711][  0]LogConfig: Setting CVar [[p.chaos.AllowCreatePhysxBodies:1]]
[2020.10.05-10.17.48:711][  0]LogConfig: Applying CVar settings from Section [ConsoleVariables] File [C:/Users/leoda/Desktop/TCC/AiaiEsseTCC/Tentativa4/Saved/Config/Windows/Engine.ini]
[2020.10.05-10.17.48:762][  0]LogInit: Computer: DESKTOP-J58AG85
[2020.10.05-10.17.48:762][  0]LogInit: User: leoda
[2020.10.05-10.17.48:762][  0]LogInit: CPU Page size=4096, Cores=8
[2020.10.05-10.17.48:762][  0]LogInit: High frequency timer resolution =10.000000 MHz
[2020.10.05-10.17.48:769][  0]LogMemory: Memory total: Physical=23.9GB (24GB approx)
[2020.10.05-10.17.48:769][  0]LogMemory: Platform Memory Stats for Windows
[2020.10.05-10.17.48:769][  0]LogMemory: Process Physical Memory: 104.01 MB used, 104.02 MB peak
[2020.10.05-10.17.48:769][  0]LogMemory: Process Virtual Memory: 101.01 MB used, 101.01 MB peak
[2020.10.05-10.17.48:769][  0]LogMemory: Physical Memory: 5761.86 MB used,  18762.34 MB free, 24524.20 MB total
[2020.10.05-10.17.48:769][  0]LogMemory: Virtual Memory: 4703.40 MB used,  134213024.00 MB free, 134217728.00 MB total
[2020.10.05-10.17.48:808][  0]LogWindows: WindowsPlatformFeatures enabled
[2020.10.05-10.17.49:463][  0]LogInit: Using OS detected language (pt-BR).
[2020.10.05-10.17.49:463][  0]LogInit: Using OS detected locale (pt-BR).
[2020.10.05-10.17.49:799][  0]LogTextLocalizationResource: LocRes '../../../Engine/Content/Localization/Editor/pt/Editor.locres' could not be opened for reading!
[2020.10.05-10.17.49:799][  0]LogTextLocalizationResource: LocRes '../../../Engine/Content/Localization/EditorTutorials/pt/EditorTutorials.locres' could not be opened for reading!
[2020.10.05-10.17.49:799][  0]LogTextLocalizationResource: LocRes '../../../Engine/Content/Localization/Keywords/pt/Keywords.locres' could not be opened for reading!
[2020.10.05-10.17.49:799][  0]LogTextLocalizationResource: LocRes '../../../Engine/Content/Localization/Category/pt/Category.locres' could not be opened for reading!
[2020.10.05-10.17.49:799][  0]LogTextLocalizationResource: LocRes '../../../Engine/Content/Localization/ToolTips/pt/ToolTips.locres' could not be opened for reading!
[2020.10.05-10.17.49:799][  0]LogTextLocalizationResource: LocRes '../../../Engine/Content/Localization/PropertyNames/pt/PropertyNames.locres' could not be opened for reading!
[2020.10.05-10.17.49:799][  0]LogTextLocalizationResource: LocRes '../../../Engine/Content/Localization/Engine/pt/Engine.locres' could not be opened for reading!
[2020.10.05-10.17.49:799][  0]LogTextLocalizationResource: LocRes '../../../Engine/Plugins/Online/Android/OnlineSubsystemGooglePlay/Content/Localization/OnlineSubsystemGooglePlay/pt/OnlineSubsystemGooglePlay.locres' could not be opened for reading!
[2020.10.05-10.17.49:799][  0]LogTextLocalizationResource: LocRes '../../../Engine/Plugins/Online/IOS/OnlineSubsystemIOS/Content/Localization/OnlineSubsystemIOS/pt/OnlineSubsystemIOS.locres' could not be opened for reading!
[2020.10.05-10.17.49:799][  0]LogTextLocalizationResource: LocRes '../../../Engine/Plugins/Online/OnlineSubsystem/Content/Localization/OnlineSubsystem/pt/OnlineSubsystem.locres' could not be opened for reading!
[2020.10.05-10.17.49:799][  0]LogTextLocalizationResource: LocRes '../../../Engine/Plugins/Online/OnlineSubsystemUtils/Content/Localization/OnlineSubsystemUtils/pt/OnlineSubsystemUtils.locres' could not be opened for reading!
[2020.10.05-10.17.49:899][  0]LogInit: Setting process to per monitor DPI aware
[2020.10.05-10.17.50:492][  0]LogSlate: New Slate User Created.  User Index 0, Is Virtual User: 0
[2020.10.05-10.17.50:492][  0]LogSlate: Slate User Registered.  User Index 0, Is Virtual User: 0
[2020.10.05-10.17.57:401][  0]LogHMD: Failed to initialize OpenVR with code 110
[2020.10.05-10.17.57:401][  0]LogD3D11RHI: D3D11 adapters:
[2020.10.05-10.17.57:590][  0]LogD3D11RHI:    0. 'NVIDIA GeForce GTX 960' (Feature Level 11_0)
[2020.10.05-10.17.57:590][  0]LogD3D11RHI:       4053/0/12262 MB DedicatedVideo/DedicatedSystem/SharedSystem, Outputs:1, VendorId:0x10de
[2020.10.05-10.17.57:592][  0]LogD3D11RHI:    1. 'Microsoft Basic Render Driver' (Feature Level 11_0)
[2020.10.05-10.17.57:592][  0]LogD3D11RHI:       0/0/12262 MB DedicatedVideo/DedicatedSystem/SharedSystem, Outputs:0, VendorId:0x1414
[2020.10.05-10.17.57:592][  0]LogD3D11RHI: Chosen D3D11 Adapter: 0
[2020.10.05-10.17.57:619][  0]LogD3D11RHI: Creating new Direct3DDevice
[2020.10.05-10.17.57:619][  0]LogD3D11RHI:     GPU DeviceId: 0x1401 (for the marketing name, search the web for "GPU Device Id")
[2020.10.05-10.17.57:619][  0]LogWindows: EnumDisplayDevices:
[2020.10.05-10.17.57:619][  0]LogWindows:    0. 'NVIDIA GeForce GTX 960' (P:1 D:1)
[2020.10.05-10.17.57:619][  0]LogWindows:    1. 'NVIDIA GeForce GTX 960' (P:0 D:0)
[2020.10.05-10.17.57:619][  0]LogWindows:    2. 'NVIDIA GeForce GTX 960' (P:0 D:0)
[2020.10.05-10.17.57:620][  0]LogWindows:    3. 'NVIDIA GeForce GTX 960' (P:0 D:0)
[2020.10.05-10.17.57:620][  0]LogWindows: DebugString: FoundDriverCount:4 
[2020.10.05-10.17.57:620][  0]LogD3D11RHI:     Adapter Name: NVIDIA GeForce GTX 960
[2020.10.05-10.17.57:708][  0]LogD3D11RHI:   Driver Version: 456.55 (internal:27.21.14.5655, unified:456.55)
[2020.10.05-10.17.57:708][  0]LogD3D11RHI:      Driver Date: 9-24-2020
[2020.10.05-10.17.57:708][  0]LogRHI: Texture pool is 2837 MB (70% of 4053 MB)
[2020.10.05-10.17.57:798][  0]LogD3D11RHI: Async texture creation enabled
[2020.10.05-10.17.58:287][  0]LogD3D11RHI: GPU Timing Frequency: 1000.000000 (Debug: 2 1)
[2020.10.05-10.18.00:349][  0]LogTemp: Display: Module 'AllDesktopTargetPlatform' loaded TargetPlatform 'AllDesktop'
[2020.10.05-10.18.00:405][  0]LogTemp: Display: Module 'MacClientTargetPlatform' loaded TargetPlatform 'MacClient'
[2020.10.05-10.18.00:449][  0]LogTemp: Display: Module 'MacNoEditorTargetPlatform' loaded TargetPlatform 'MacNoEditor'
[2020.10.05-10.18.00:487][  0]LogTemp: Display: Module 'MacServerTargetPlatform' loaded TargetPlatform 'MacServer'
[2020.10.05-10.18.00:566][  0]LogTemp: Display: Module 'MacTargetPlatform' loaded TargetPlatform 'Mac'
[2020.10.05-10.18.00:716][  0]LogTemp: Display: Module 'WindowsClientTargetPlatform' loaded TargetPlatform 'WindowsClient'
[2020.10.05-10.18.00:755][  0]LogTemp: Display: Module 'WindowsNoEditorTargetPlatform' loaded TargetPlatform 'WindowsNoEditor'
[2020.10.05-10.18.00:803][  0]LogTemp: Display: Module 'WindowsServerTargetPlatform' loaded TargetPlatform 'WindowsServer'
[2020.10.05-10.18.00:839][  0]LogTemp: Display: Module 'WindowsTargetPlatform' loaded TargetPlatform 'Windows'
[2020.10.05-10.18.01:155][  0]LogTemp: Display: Module 'AndroidTargetPlatform' loaded TargetPlatform 'Android'
[2020.10.05-10.18.01:155][  0]LogTemp: Display: Module 'AndroidTargetPlatform' loaded TargetPlatform 'Android_ASTC'
[2020.10.05-10.18.01:155][  0]LogTemp: Display: Module 'AndroidTargetPlatform' loaded TargetPlatform 'Android_ATC'
[2020.10.05-10.18.01:155][  0]LogTemp: Display: Module 'AndroidTargetPlatform' loaded TargetPlatform 'Android_DXT'
[2020.10.05-10.18.01:155][  0]LogTemp: Display: Module 'AndroidTargetPlatform' loaded TargetPlatform 'Android_ETC1'
[2020.10.05-10.18.01:155][  0]LogTemp: Display: Module 'AndroidTargetPlatform' loaded TargetPlatform 'Android_ETC1a'
[2020.10.05-10.18.01:155][  0]LogTemp: Display: Module 'AndroidTargetPlatform' loaded TargetPlatform 'Android_ETC2'
[2020.10.05-10.18.01:155][  0]LogTemp: Display: Module 'AndroidTargetPlatform' loaded TargetPlatform 'Android_PVRTC'
[2020.10.05-10.18.01:155][  0]LogTemp: Display: Module 'AndroidTargetPlatform' loaded TargetPlatform 'AndroidClient'
[2020.10.05-10.18.01:155][  0]LogTemp: Display: Module 'AndroidTargetPlatform' loaded TargetPlatform 'Android_ASTCClient'
[2020.10.05-10.18.01:155][  0]LogTemp: Display: Module 'AndroidTargetPlatform' loaded TargetPlatform 'Android_ATCClient'
[2020.10.05-10.18.01:155][  0]LogTemp: Display: Module 'AndroidTargetPlatform' loaded TargetPlatform 'Android_DXTClient'
[2020.10.05-10.18.01:156][  0]LogTemp: Display: Module 'AndroidTargetPlatform' loaded TargetPlatform 'Android_ETC1Client'
[2020.10.05-10.18.01:156][  0]LogTemp: Display: Module 'AndroidTargetPlatform' loaded TargetPlatform 'Android_ETC1aClient'
[2020.10.05-10.18.01:156][  0]LogTemp: Display: Module 'AndroidTargetPlatform' loaded TargetPlatform 'Android_ETC2Client'
[2020.10.05-10.18.01:156][  0]LogTemp: Display: Module 'AndroidTargetPlatform' loaded TargetPlatform 'Android_PVRTCClient'
[2020.10.05-10.18.01:156][  0]LogTemp: Display: Module 'AndroidTargetPlatform' loaded TargetPlatform 'Android_Multi'
[2020.10.05-10.18.01:156][  0]LogTemp: Display: Module 'AndroidTargetPlatform' loaded TargetPlatform 'Android_MultiClient'
[2020.10.05-10.18.01:188][  0]LogTemp: Display: Module 'HTML5TargetPlatform' loaded TargetPlatform 'HTML5'
[2020.10.05-10.18.01:253][  0]LogTemp: Display: Module 'IOSTargetPlatform' loaded TargetPlatform 'IOSClient'
[2020.10.05-10.18.01:253][  0]LogTemp: Display: Module 'IOSTargetPlatform' loaded TargetPlatform 'IOS'
[2020.10.05-10.18.01:275][  0]LogTemp: Display: Module 'TVOSTargetPlatform' loaded TargetPlatform 'TVOSClient'
[2020.10.05-10.18.01:275][  0]LogTemp: Display: Module 'TVOSTargetPlatform' loaded TargetPlatform 'TVOS'
[2020.10.05-10.18.01:298][  0]LogTemp: Display: Module 'LinuxClientTargetPlatform' loaded TargetPlatform 'LinuxClient'
[2020.10.05-10.18.01:305][  0]LogTemp: Display: Module 'LinuxNoEditorTargetPlatform' loaded TargetPlatform 'LinuxNoEditor'
[2020.10.05-10.18.01:325][  0]LogTemp: Display: Module 'LinuxServerTargetPlatform' loaded TargetPlatform 'LinuxServer'
[2020.10.05-10.18.01:395][  0]LogTemp: Display: Module 'LinuxTargetPlatform' loaded TargetPlatform 'Linux'
[2020.10.05-10.18.01:432][  0]LogTemp: Display: Module 'LuminTargetPlatform' loaded TargetPlatform 'Lumin'
[2020.10.05-10.18.01:432][  0]LogTemp: Display: Module 'LuminTargetPlatform' loaded TargetPlatform 'LuminClient'
[2020.10.05-10.18.01:432][  0]LogTargetPlatformManager: Display: Building Assets For Windows
[2020.10.05-10.18.01:549][  0]LogAudioDebug: Display: Lib vorbis DLL was dynamically loaded.
[2020.10.05-10.18.02:345][  0]LogShaderCompilers: Guid format shader working directory is -19 characters bigger than the processId version (../../../../../../Users/leoda/Desktop/TCC/AiaiEsseTCC/Tentativa4/Intermediate/Shaders/WorkingDirectory/15868/).
[2020.10.05-10.18.02:346][  0]LogShaderCompilers: Cleaned the shader compiler working directory 'C:/Users/leoda/AppData/Local/Temp/UnrealShaderWorkingDir/B700E68F49E366179DC24EB8899EBAF1/'.
[2020.10.05-10.18.02:356][  0]LogXGEController: Cleaning working directory: C:/Users/leoda/AppData/Local/Temp/UnrealXGEWorkingDir/
[2020.10.05-10.18.02:356][  0]LogXGEController: Cannot use XGE Controller as Incredibuild is not installed on this machine.
[2020.10.05-10.18.02:362][  0]LogShaderCompilers: Cannot use XGE Shader Compiler as Incredibuild is not installed on this machine.
[2020.10.05-10.18.02:362][  0]LogShaderCompilers: Display: Using Local Shader Compiler.
[2020.10.05-10.18.07:301][  0]LogDerivedDataCache: Display: Max Cache Size: 512 MB
[2020.10.05-10.18.08:013][  0]LogDerivedDataCache: Loaded boot cache 0.70s 73MB C:/Users/leoda/AppData/Local/UnrealEngine/4.23/DerivedDataCache/Boot.ddc.
[2020.10.05-10.18.08:013][  0]LogDerivedDataCache: Display: Loaded Boot cache: C:/Users/leoda/AppData/Local/UnrealEngine/4.23/DerivedDataCache/Boot.ddc
[2020.10.05-10.18.08:013][  0]LogDerivedDataCache: FDerivedDataBackendGraph:  Pak pak cache file ../../../../../../Users/leoda/Desktop/TCC/AiaiEsseTCC/Tentativa4/DerivedDataCache/DDC.ddp not found, will not use a pak cache.
[2020.10.05-10.18.08:014][  0]LogDerivedDataCache: Unable to find inner node Pak for hierarchical cache Hierarchy.
[2020.10.05-10.18.08:014][  0]LogDerivedDataCache: FDerivedDataBackendGraph:  CompressedPak pak cache file ../../../../../../Users/leoda/Desktop/TCC/AiaiEsseTCC/Tentativa4/DerivedDataCache/Compressed.ddp not found, will not use a pak cache.
[2020.10.05-10.18.08:014][  0]LogDerivedDataCache: Unable to find inner node CompressedPak for hierarchical cache Hierarchy.
[2020.10.05-10.18.08:119][  0]LogDerivedDataCache: Display: Pak cache opened for reading ../../../Engine/DerivedDataCache/Compressed.ddp.
[2020.10.05-10.18.08:119][  0]LogDerivedDataCache: FDerivedDataBackendGraph:  EnterprisePak pak cache file ../../../Enterprise/DerivedDataCache/Compressed.ddp not found, will not use a pak cache.
[2020.10.05-10.18.08:119][  0]LogDerivedDataCache: Unable to find inner node EnterprisePak for hierarchical cache Hierarchy.
[2020.10.05-10.18.08:143][  0]LogDerivedDataCache: Using Local data cache path C:/Users/leoda/AppData/Local/UnrealEngine/Common/DerivedDataCache: Writable
[2020.10.05-10.18.08:143][  0]LogDerivedDataCache: Shared data cache path not found in *engine.ini, will not use an Shared cache.
[2020.10.05-10.18.08:143][  0]LogDerivedDataCache: Unable to find inner node Shared for hierarchical cache Hierarchy.
[2020.10.05-10.18.08:205][  0]LogMaterial: Verifying Global Shaders for PCD3D_SM5
[2020.10.05-10.18.08:294][  0]LogSlate: Using FreeType 2.6.0
[2020.10.05-10.18.08:400][  0]LogSlate: SlateFontServices - WITH_FREETYPE: 1, WITH_HARFBUZZ: 1
[2020.10.05-10.18.09:381][  0]LogAssetRegistry: FAssetRegistry took 0.0041 seconds to start up
[2020.10.05-10.18.11:397][  0]LogInit: Selected Device Profile: [Windows]
[2020.10.05-10.18.12:683][  0]LogMeshReduction: Using QuadricMeshReduction for automatic static mesh reduction
[2020.10.05-10.18.12:683][  0]LogMeshReduction: Using SimplygonMeshReduction for automatic skeletal mesh reduction
[2020.10.05-10.18.12:683][  0]LogMeshReduction: Using ProxyLODMeshReduction for automatic mesh merging
[2020.10.05-10.18.12:683][  0]LogMeshReduction: No distributed automatic mesh merging module available
[2020.10.05-10.18.12:683][  0]LogMeshMerging: No distributed automatic mesh merging module available
[2020.10.05-10.18.13:112][  0]LogNetVersion: Tentativa4 1.0.0, NetCL: 8386587, EngineNetVer: 11, GameNetVer: 0 (Checksum: 811232057)
[2020.10.05-10.18.17:434][  0]LogPackageLocalizationCache: Processed 12 localized package path(s) for 2 prioritized culture(s) in 0.298982 seconds
[2020.10.05-10.18.17:441][  0]LogUObjectArray: 43444 objects as part of root set at end of initial load.
[2020.10.05-10.18.17:441][  0]LogUObjectAllocator: 7548648 out of 0 bytes used by permanent object pool.
[2020.10.05-10.18.17:441][  0]LogUObjectArray: CloseDisregardForGC: 0/0 objects in disregard for GC pool
[2020.10.05-10.18.35:621][  0]LogTcpMessaging: Initializing TcpMessaging bridge
[2020.10.05-10.18.35:640][  0]LogUdpMessaging: Initializing bridge on interface 0.0.0.0:0 to multicast group 230.0.0.1:6666.
[2020.10.05-10.18.36:224][  0]SourceControl: Controle de origem desativado
[2020.10.05-10.18.36:237][  0]SourceControl: Controle de origem desativado
[2020.10.05-10.18.36:308][  0]SourceControl: Controle de origem desativado
[2020.10.05-10.18.36:324][  0]SourceControl: Controle de origem desativado
[2020.10.05-10.18.37:431][  0]LogAndroidPermission: UAndroidPermissionCallbackProxy::GetInstance
[2020.10.05-10.18.38:013][  0]LogOcInput: OculusInput pre-init called
[2020.10.05-10.18.38:066][  0]LogWindows: Failed to load 'OVRPlugin.dll' (GetLastError=126)
[2020.10.05-10.18.38:066][  0]LogWindows: File 'OVRPlugin.dll' does not exist
[2020.10.05-10.18.39:067][  0]LogEngine: Initializing Engine...
[2020.10.05-10.18.39:164][  0]LogHMD: Failed to initialize OpenVR with code 110
[2020.10.05-10.18.39:196][  0]LogStats: UGameplayTagsManager::InitializeManager -  0.017 s
[2020.10.05-10.18.40:062][  0]LogInit: Initializing FReadOnlyCVARCache
[2020.10.05-10.18.40:425][  0]LogAIModule: Creating AISystem for world Untitled
[2020.10.05-10.18.40:653][  0]LogInit: XAudio2 using 'VoiceMeeter Input (VB-Audio VoiceMeeter VAIO)' : 2 channels at 48 kHz using 24 bits per sample (channel mask 0x3)
[2020.10.05-10.18.40:674][  0]LogInit: FAudioDevice initialized.
[2020.10.05-10.18.40:675][  0]LogNetVersion: Set ProjectVersion to 1.0.0.0. Version Checksum will be recalculated on next use.
[2020.10.05-10.18.41:710][  0]LogDerivedDataCache: Saved boot cache 1.03s 73MB C:/Users/leoda/AppData/Local/UnrealEngine/4.23/DerivedDataCache/Boot.ddc.
[2020.10.05-10.18.41:714][  0]LogInit: Texture streaming: Enabled
[2020.10.05-10.18.42:283][  0]LogEngineSessionManager: EngineSessionManager initialized
[2020.10.05-10.18.42:283][  0]LogEditorSessionSummary: Verbose: Initializing EditorSessionSummaryWriter for editor session tracking
[2020.10.05-10.18.42:295][  0]LogEditorSessionSummary: EditorSessionSummaryWriter initialized
[2020.10.05-10.18.43:118][  0]LogInit: Transaction tracking system initialized
[2020.10.05-10.18.44:411][  0]BlueprintLog: New page: Carregar Editor
[2020.10.05-10.18.46:292][  0]LocalizationService: Localization service is disabled
[2020.10.05-10.18.54:915][  0]LogFileCache: Scanning file cache for directory 'C:/Users/leoda/Desktop/TCC/AiaiEsseTCC/Tentativa4/Content/' took 0.01s
[2020.10.05-10.18.54:915][  0]LogCook: Display: Max memory allowance for cook 16384mb min free memory 0mb
[2020.10.05-10.18.54:915][  0]LogCook: Display: Mobile HDR setting 1
[2020.10.05-10.19.01:384][  0]SourceControl: Controle de origem desativado
[2020.10.05-10.19.01:512][  0]Cmd: MAP LOAD FILE="../../../../../../Users/leoda/Desktop/TCC/AiaiEsseTCC/Tentativa4/Content/MyContent/Maps/Station.umap" TEMPLATE=0 SHOWPROGRESS=1 FEATURELEVEL=3
[2020.10.05-10.19.01:572][  0]LightingResults: New page: Compilação de Iluminação
[2020.10.05-10.19.01:723][  0]LogWorld: UWorld::CleanupWorld for Untitled, bSessionEnded=true, bCleanupResources=true
[2020.10.05-10.19.01:858][  0]MapCheck: New page: Verificação de Mapa
[2020.10.05-10.19.01:859][  0]LightingResults: New page: Compilação de Iluminação
[2020.10.05-10.19.02:221][  0]LogUObjectHash: Compacting FUObjectHashTables data took   1.51ms
[2020.10.05-10.19.12:347][  0]LogAIModule: Creating AISystem for world Station
[2020.10.05-10.19.13:808][  0]LogEditorServer: Finished looking for orphan Actors (0.000 secs)
[2020.10.05-10.19.14:403][  0]LogUObjectHash: Compacting FUObjectHashTables data took   2.14ms
[2020.10.05-10.19.14:403][  0]Cmd: MAP CHECKDEP NOCLEARLOG
[2020.10.05-10.19.14:434][  0]MapCheck: Map check complete: 0 Error(s), 0 Warning(s), took 31,359ms to complete.
[2020.10.05-10.19.14:434][  0]LogFileHelpers: Loading map 'Station' took 13.030
[2020.10.05-10.19.16:921][  0]LogSlate: Updating window title bar state: overlay mode, drag disabled, window buttons hidden, title bar hidden
[2020.10.05-10.19.16:927][  0]LogSlate: Updating window title bar state: overlay mode, drag disabled, window buttons hidden, title bar hidden
[2020.10.05-10.19.16:932][  0]LogSlate: Updating window title bar state: overlay mode, drag disabled, window buttons hidden, title bar hidden
[2020.10.05-10.19.16:937][  0]LogSlate: Updating window title bar state: overlay mode, drag disabled, window buttons hidden, title bar hidden
[2020.10.05-10.19.17:007][  0]LogCollectionManager: Loaded 0 collections in 0.001839 seconds
[2020.10.05-10.19.17:147][  0]LogFileCache: Scanning file cache for directory 'C:/Users/leoda/Desktop/TCC/AiaiEsseTCC/Tentativa4/Saved/Collections/' took 0.00s
[2020.10.05-10.19.17:147][  0]LogFileCache: Scanning file cache for directory 'C:/Users/leoda/Desktop/TCC/AiaiEsseTCC/Tentativa4/Content/Developers/leoda/Collections/' took 0.00s
[2020.10.05-10.19.17:147][  0]LogFileCache: Scanning file cache for directory 'C:/Users/leoda/Desktop/TCC/AiaiEsseTCC/Tentativa4/Content/Collections/' took 0.00s
[2020.10.05-10.19.17:147][  0]LogCollectionManager: Rebuilt the GUID cache for 0 collections in 0.000002 seconds
[2020.10.05-10.19.17:156][  0]LogContentBrowser: Native class hierarchy populated in 0.0077 seconds. Added 2863 classes and 680 folders.
[2020.10.05-10.19.17:241][  0]LogContentBrowser: Native class hierarchy updated for 'WidgetCarousel' in 0.0003 seconds. Added 0 classes and 0 folders.
[2020.10.05-10.19.20:063][  0]LogContentBrowser: Native class hierarchy updated for 'AddContentDialog' in 0.0003 seconds. Added 0 classes and 0 folders.
[2020.10.05-10.19.20:572][  0]LogContentBrowser: Native class hierarchy updated for 'SceneOutliner' in 0.0003 seconds. Added 1 classes and 2 folders.
[2020.10.05-10.19.22:096][  0]LogSlate: Took 0.063149 seconds to synchronously load lazily loaded font '../../../Engine/Content/Slate/Fonts/Roboto-Regular.ttf' (155K)
[2020.10.05-10.19.22:221][  0]LogSlate: Took 0.107745 seconds to synchronously load lazily loaded font '../../../Engine/Content/Slate/Fonts/Roboto-Bold.ttf' (160K)
[2020.10.05-10.19.22:337][  0]LogSlate: Took 0.039488 seconds to synchronously load lazily loaded font '../../../Engine/Content/Editor/Slate/Fonts/FontAwesome.ttf' (139K)
[2020.10.05-10.19.23:026][  0]LogRenderer: Reallocating scene render targets to support 1208x572 Format 10 NumSamples 1 (Frame:1).
[2020.10.05-10.19.24:619][  0]LogContentBrowser: Native class hierarchy updated for 'HierarchicalLODOutliner' in 0.0003 seconds. Added 0 classes and 0 folders.
[2020.10.05-10.19.24:619][  0]LogLoad: (Engine Initialization) Total time: 129.10 seconds
[2020.10.05-10.19.24:619][  0]LogLoad: (Engine Initialization) Total Blueprint compile time: 0.00 seconds
[2020.10.05-10.19.25:251][  0]LogContentStreaming: Texture pool size now 1000 MB
[2020.10.05-10.19.25:418][  0]LogSlate: Took 0.036075 seconds to synchronously load lazily loaded font '../../../Engine/Content/Slate/Fonts/Roboto-Light.ttf' (167K)
[2020.10.05-10.19.29:677][ 54]LogAssetRegistry: Asset discovery search completed in 80.2971 seconds
[2020.10.05-10.19.29:680][ 54]LogCollectionManager: Rebuilt the object cache for 0 collections in 0.000003 seconds (found 0 objects)
[2020.10.05-10.19.29:680][ 54]LogCollectionManager: Fixed up redirectors for 0 collections in 0.000028 seconds (updated 0 objects)
[2020.10.05-10.20.24:682][219]LogEditorSessionSummary: EditorSessionSummary sent report. Type=Shutdown, SessionId={3E5BC655-4AEF-7452-3026-D282685721F4}
[2020.10.05-10.20.32:308][ 76]LogSlate: FSceneViewport::OnFocusLost() reason 0
[2020.10.05-10.22.00:663][746]LogUObjectHash: Compacting FUObjectHashTables data took   0.84ms
[2020.10.05-10.22.00:752][746]LogSlate: Window 'Tentativa4 - Unreal Editor' being destroyed
[2020.10.05-10.22.00:753][746]LogWindowsTextInputMethodSystem: Display: IME system now deactivated.
[2020.10.05-10.22.00:904][747]Cmd: QUIT_EDITOR
[2020.10.05-10.22.01:035][747]LogExit: Preparing to exit.
[2020.10.05-10.22.01:709][747]LogWorld: UWorld::CleanupWorld for World_2, bSessionEnded=true, bCleanupResources=true
[2020.10.05-10.22.01:709][747]LogWorld: UWorld::CleanupWorld for World_1, bSessionEnded=true, bCleanupResources=true
[2020.10.05-10.22.01:709][747]LogWorld: UWorld::CleanupWorld for World_0, bSessionEnded=true, bCleanupResources=true
[2020.10.05-10.22.01:825][747]LogDemo: Cleaned up 0 splitscreen connections with owner deletion
[2020.10.05-10.22.01:846][747]LogExit: Editor shut down
[2020.10.05-10.22.01:846][747]LogExit: Transaction tracking system shut down
[2020.10.05-10.22.02:597][747]LogExit: Object subsystem successfully closed.
[2020.10.05-10.22.02:640][747]LogShaderCompilers: Display: Shaders left to compile 0
[2020.10.05-10.22.02:951][747]LogModuleManager: Shutting down and abandoning module HierarchicalLODOutliner (668)
[2020.10.05-10.22.02:951][747]LogModuleManager: Shutting down and abandoning module SceneOutliner (666)
[2020.10.05-10.22.02:951][747]LogModuleManager: Shutting down and abandoning module AddContentDialog (664)
[2020.10.05-10.22.02:952][747]LogModuleManager: Shutting down and abandoning module WidgetCarousel (663)
[2020.10.05-10.22.02:952][747]LogModuleManager: Shutting down and abandoning module EditorWidgets (660)
[2020.10.05-10.22.02:952][747]LogModuleManager: Shutting down and abandoning module CollectionManager (658)
[2020.10.05-10.22.02:952][747]LogModuleManager: Shutting down and abandoning module StatsViewer (656)
[2020.10.05-10.22.02:952][747]LogModuleManager: Shutting down and abandoning module VirtualTexturingEditor (654)
[2020.10.05-10.22.02:952][747]LogModuleManager: Shutting down and abandoning module FoliageEdit (652)
[2020.10.05-10.22.02:952][747]LogModuleManager: Shutting down and abandoning module LandscapeEditor (650)
[2020.10.05-10.22.02:977][747]LogModuleManager: Shutting down and abandoning module MeshPaintMode (648)
[2020.10.05-10.22.02:977][747]LogModuleManager: Shutting down and abandoning module SceneDepthPickerMode (646)
[2020.10.05-10.22.02:977][747]LogModuleManager: Shutting down and abandoning module ActorPickerMode (644)
[2020.10.05-10.22.02:977][747]LogModuleManager: Shutting down and abandoning module GeometryMode (642)
[2020.10.05-10.22.02:977][747]LogModuleManager: Shutting down and abandoning module TextureAlignMode (640)
[2020.10.05-10.22.02:977][747]LogModuleManager: Shutting down and abandoning module BspMode (638)
[2020.10.05-10.22.02:977][747]LogModuleManager: Shutting down and abandoning module PIEPreviewDeviceProfileSelector (636)
[2020.10.05-10.22.03:019][747]LogModuleManager: Shutting down and abandoning module SequenceRecorderSections (634)
[2020.10.05-10.22.03:019][747]LogModuleManager: Shutting down and abandoning module AutomationWorker (632)
[2020.10.05-10.22.03:019][747]LogModuleManager: Shutting down and abandoning module OculusMR (630)
[2020.10.05-10.22.03:019][747]LogModuleManager: Shutting down and abandoning module AudioCaptureEditor (628)
[2020.10.05-10.22.03:019][747]LogModuleManager: Shutting down and abandoning module MatineeToLevelSequence (626)
[2020.10.05-10.22.03:019][747]LogModuleManager: Shutting down and abandoning module LevelSequenceEditor (624)
[2020.10.05-10.22.03:031][747]LogModuleManager: Shutting down and abandoning module PlacementMode (623)
[2020.10.05-10.22.03:031][747]LogModuleManager: Shutting down and abandoning module MaterialEditor (622)
[2020.10.05-10.22.03:036][747]LogModuleManager: Shutting down and abandoning module ActorSequenceEditor (618)
[2020.10.05-10.22.03:047][747]LogModuleManager: Shutting down and abandoning module WmfMediaFactory (616)
[2020.10.05-10.22.03:048][747]LogModuleManager: Shutting down and abandoning module WmfMediaEditor (614)
[2020.10.05-10.22.03:048][747]LogModuleManager: Shutting down and abandoning module WebMMediaFactory (612)
[2020.10.05-10.22.03:048][747]LogModuleManager: Shutting down and abandoning module WebMMediaEditor (610)
[2020.10.05-10.22.03:048][747]LogModuleManager: Shutting down and abandoning module WebMMedia (608)
[2020.10.05-10.22.03:048][747]LogModuleManager: Shutting down and abandoning module MediaPlayerEditor (606)
[2020.10.05-10.22.03:051][747]LogModuleManager: Shutting down and abandoning module MediaCompositingEditor (604)
[2020.10.05-10.22.03:052][747]LogModuleManager: Shutting down and abandoning module SequenceRecorder (603)
[2020.10.05-10.22.03:052][747]LogModuleManager: Shutting down and abandoning module OpenExrWrapper (600)
[2020.10.05-10.22.03:052][747]LogModuleManager: Shutting down and abandoning module ImgMediaFactory (598)
[2020.10.05-10.22.03:052][747]LogModuleManager: Shutting down and abandoning module ImgMediaEditor (596)
[2020.10.05-10.22.03:052][747]LogModuleManager: Shutting down and abandoning module AvfMediaFactory (594)
[2020.10.05-10.22.03:052][747]LogModuleManager: Shutting down and abandoning module AvfMediaEditor (592)
[2020.10.05-10.22.03:052][747]LogModuleManager: Shutting down and abandoning module AndroidMediaFactory (590)
[2020.10.05-10.22.03:052][747]LogModuleManager: Shutting down and abandoning module AndroidMediaEditor (588)
[2020.10.05-10.22.03:052][747]LogModuleManager: Shutting down and abandoning module MagicLeapCameraPreviewFactory (586)
[2020.10.05-10.22.03:052][747]LogModuleManager: Shutting down and abandoning module MagicLeapMediaCodecFactory (584)
[2020.10.05-10.22.03:052][747]LogModuleManager: Shutting down and abandoning module MagicLeapMediaFactory (582)
[2020.10.05-10.22.03:052][747]LogModuleManager: Shutting down and abandoning module MagicLeapMediaEditor (580)
[2020.10.05-10.22.03:052][747]LogModuleManager: Shutting down and abandoning module CharacterAI (578)
[2020.10.05-10.22.03:052][747]LogModuleManager: Shutting down and abandoning module SmartSnapping (576)
[2020.10.05-10.22.03:052][747]LogModuleManager: Shutting down and abandoning module SessionServices (574)
[2020.10.05-10.22.03:052][747]LogModuleManager: Shutting down and abandoning module MeshPaint (572)
[2020.10.05-10.22.03:052][747]LogModuleManager: Shutting down and abandoning module ViewportSnapping (570)
[2020.10.05-10.22.03:052][747]LogModuleManager: Shutting down and abandoning module ViewportInteraction (568)
[2020.10.05-10.22.03:052][747]LogModuleManager: Shutting down and abandoning module ClothPainter (566)
[2020.10.05-10.22.03:062][747]LogModuleManager: Shutting down and abandoning module SkeletalMeshEditor (565)
[2020.10.05-10.22.03:063][747]LogModuleManager: Shutting down and abandoning module LogVisualizer (562)
[2020.10.05-10.22.03:071][747]LogModuleManager: Shutting down and abandoning module IntroTutorials (560)
[2020.10.05-10.22.03:071][747]LogModuleManager: Shutting down and abandoning module GameProjectGeneration (559)
[2020.10.05-10.22.03:076][747]LogModuleManager: Shutting down and abandoning module LuminPlatformEditor (556)
[2020.10.05-10.22.03:076][747]LogModuleManager: Shutting down and abandoning module IOSPlatformEditor (554)
[2020.10.05-10.22.03:076][747]LogModuleManager: Shutting down and abandoning module HTML5PlatformEditor (552)
[2020.10.05-10.22.03:076][747]LogModuleManager: Shutting down and abandoning module AndroidPlatformEditor (550)
[2020.10.05-10.22.03:076][747]LogModuleManager: Shutting down and abandoning module AndroidDeviceDetection (549)
[2020.10.05-10.22.03:207][747]LogModuleManager: Shutting down and abandoning module WindowsPlatformEditor (546)
[2020.10.05-10.22.03:208][747]LogModuleManager: Shutting down and abandoning module LuminRuntimeSettings (544)
[2020.10.05-10.22.03:208][747]LogModuleManager: Shutting down and abandoning module IOSRuntimeSettings (542)
[2020.10.05-10.22.03:208][747]LogModuleManager: Shutting down and abandoning module AndroidRuntimeSettings (540)
[2020.10.05-10.22.03:208][747]LogModuleManager: Shutting down and abandoning module TimeManagementEditor (538)
[2020.10.05-10.22.03:208][747]LogModuleManager: Shutting down and abandoning module InputBindingEditor (536)
[2020.10.05-10.22.03:208][747]LogModuleManager: Shutting down and abandoning module MergeActors (534)
[2020.10.05-10.22.03:235][747]LogModuleManager: Shutting down and abandoning module LocalizationDashboard (532)
[2020.10.05-10.22.03:235][747]LogModuleManager: Shutting down and abandoning module LocalizationService (531)
[2020.10.05-10.22.03:235][747]LogModuleManager: Shutting down and abandoning module HardwareTargeting (528)
[2020.10.05-10.22.03:235][747]LogModuleManager: Shutting down and abandoning module DeviceProfileEditor (526)
[2020.10.05-10.22.03:235][747]LogModuleManager: Shutting down and abandoning module UndoHistory (524)
[2020.10.05-10.22.03:235][747]LogModuleManager: Shutting down and abandoning module XmlParser (522)
[2020.10.05-10.22.03:235][747]LogModuleManager: Shutting down and abandoning module Blutility (520)
[2020.10.05-10.22.03:235][747]LogModuleManager: Shutting down and abandoning module ProjectSettingsViewer (518)
[2020.10.05-10.22.03:235][747]LogModuleManager: Shutting down and abandoning module ProjectTargetPlatformEditor (517)
[2020.10.05-10.22.03:236][747]LogModuleManager: Shutting down and abandoning module EditorSettingsViewer (514)
[2020.10.05-10.22.03:236][747]LogModuleManager: Shutting down and abandoning module SettingsEditor (512)
[2020.10.05-10.22.03:236][747]LogModuleManager: Shutting down and abandoning module ProjectLauncher (510)
[2020.10.05-10.22.03:356][747]LogModuleManager: Shutting down and abandoning module SessionFrontend (508)
[2020.10.05-10.22.03:356][747]LogModuleManager: Shutting down and abandoning module ProfilerClient (506)
[2020.10.05-10.22.03:364][747]LogModuleManager: Shutting down and abandoning module DeviceManager (504)
[2020.10.05-10.22.03:364][747]LogModuleManager: Shutting down and abandoning module TargetDeviceServices (503)
[2020.10.05-10.22.03:401][747]LogModuleManager: Shutting down and abandoning module AutomationController (500)
[2020.10.05-10.22.03:401][747]LogModuleManager: Shutting down and abandoning module AutomationWindow (498)
[2020.10.05-10.22.03:416][747]LogModuleManager: Shutting down and abandoning module Layers (496)
[2020.10.05-10.22.03:433][747]LogModuleManager: Shutting down and abandoning module ComponentVisualizers (494)
[2020.10.05-10.22.03:433][747]LogModuleManager: Shutting down and abandoning module DetailCustomizations (492)
[2020.10.05-10.22.03:433][747]LogModuleManager: Shutting down and abandoning module PackagesDialog (490)
[2020.10.05-10.22.03:457][747]LogModuleManager: Shutting down and abandoning module AnimationBlueprintEditor (488)
[2020.10.05-10.22.03:472][747]LogModuleManager: Shutting down and abandoning module Persona (486)
[2020.10.05-10.22.03:490][747]LogModuleManager: Shutting down and abandoning module AdvancedPreviewScene (485)
[2020.10.05-10.22.03:490][747]LogModuleManager: Shutting down and abandoning module AnimGraph (483)
[2020.10.05-10.22.03:490][747]LogModuleManager: Shutting down and abandoning module Kismet (480)
[2020.10.05-10.22.03:498][747]LogModuleManager: Shutting down and abandoning module KismetWidgets (479)
[2020.10.05-10.22.03:510][747]LogModuleManager: Shutting down and abandoning module GraphEditor (476)
[2020.10.05-10.22.03:536][747]LogModuleManager: Shutting down and abandoning module StructViewer (474)
[2020.10.05-10.22.03:536][747]LogModuleManager: Shutting down and abandoning module ClassViewer (472)
[2020.10.05-10.22.03:536][747]LogModuleManager: Shutting down and abandoning module Toolbox (470)
[2020.10.05-10.22.03:536][747]LogModuleManager: Shutting down and abandoning module ModuleUI (468)
[2020.10.05-10.22.03:543][747]LogModuleManager: Shutting down and abandoning module MovieSceneTools (466)
[2020.10.05-10.22.03:543][747]LogModuleManager: Shutting down and abandoning module OutputLog (464)
[2020.10.05-10.22.03:552][747]LogModuleManager: Shutting down and abandoning module GammaUI (462)
[2020.10.05-10.22.03:552][747]LogModuleManager: Shutting down and abandoning module Documentation (460)
[2020.10.05-10.22.03:552][747]LogModuleManager: Shutting down and abandoning module LiveCoding (458)
[2020.10.05-10.22.03:552][747]LogModuleManager: Shutting down and abandoning module LevelSequence (456)
[2020.10.05-10.22.03:552][747]LogModuleManager: Shutting down and abandoning module MovieSceneTracks (454)
[2020.10.05-10.22.03:552][747]LogModuleManager: Shutting down and abandoning module MovieScene (452)
[2020.10.05-10.22.03:552][747]LogModuleManager: Shutting down and abandoning module StreamingPauseRendering (450)
[2020.10.05-10.22.03:552][747]LogModuleManager: Shutting down and abandoning module LauncherPlatform (448)
[2020.10.05-10.22.03:552][747]LogModuleManager: Shutting down and abandoning module AnalyticsET (446)
[2020.10.05-10.22.03:552][747]LogModuleManager: Shutting down and abandoning module PortalServices (444)
[2020.10.05-10.22.03:552][747]LogModuleManager: Shutting down and abandoning module PortalRpc (442)
[2020.10.05-10.22.03:552][747]LogModuleManager: Shutting down and abandoning module MessagingRpc (440)
[2020.10.05-10.22.03:552][747]LogModuleManager: Shutting down and abandoning module AIModule (438)
[2020.10.05-10.22.03:552][747]LogModuleManager: Shutting down and abandoning module GameplayDebugger (437)
[2020.10.05-10.22.03:552][747]LogModuleManager: Shutting down and abandoning module AITestSuite (435)
[2020.10.05-10.22.03:552][747]LogModuleManager: Shutting down and abandoning module NavigationSystem (433)
[2020.10.05-10.22.03:552][747]LogModuleManager: Shutting down and abandoning module DesktopPlatform (430)
[2020.10.05-10.22.03:552][747]LogModuleManager: Shutting down and abandoning module ImageWriteQueue (428)
[2020.10.05-10.22.03:555][747]LogModuleManager: Shutting down and abandoning module ProfilerService (426)
[2020.10.05-10.22.03:647][747]LogModuleManager: Shutting down and abandoning module TaskGraph (424)
[2020.10.05-10.22.03:657][747]LogModuleManager: Shutting down and abandoning module ScreenshotTools (422)
[2020.10.05-10.22.03:657][747]LogModuleManager: Shutting down and abandoning module SteamVRController (420)
[2020.10.05-10.22.03:657][747]LogModuleManager: Shutting down and abandoning module ProceduralMeshComponentEditor (418)
[2020.10.05-10.22.03:657][747]LogModuleManager: Shutting down and abandoning module ProceduralMeshComponent (416)
[2020.10.05-10.22.03:657][747]LogModuleManager: Shutting down and abandoning module OculusEditor (414)
[2020.10.05-10.22.03:657][747]LogModuleManager: Shutting down and abandoning module OculusInput (412)
[2020.10.05-10.22.03:657][747]LogModuleManager: Shutting down and abandoning module MobilePatchingUtils (410)
[2020.10.05-10.22.03:657][747]LogModuleManager: Shutting down and abandoning module EditableMesh (408)
[2020.10.05-10.22.03:657][747]LogModuleManager: Shutting down and abandoning module CustomMeshComponent (406)
[2020.10.05-10.22.03:657][747]LogModuleManager: Shutting down and abandoning module CableComponent (404)
[2020.10.05-10.22.03:657][747]LogModuleManager: Shutting down and abandoning module AudioCapture (402)
[2020.10.05-10.22.03:657][747]LogModuleManager: Shutting down and abandoning module ArchVisCharacter (400)
[2020.10.05-10.22.03:657][747]LogModuleManager: Shutting down and abandoning module AppleImageUtilsBlueprintSupport (398)
[2020.10.05-10.22.03:657][747]LogModuleManager: Shutting down and abandoning module AppleImageUtils (396)
[2020.10.05-10.22.03:657][747]LogModuleManager: Shutting down and abandoning module AndroidPermission (394)
[2020.10.05-10.22.03:657][747]LogModuleManager: Shutting down and abandoning module NUTUnrealEngine4 (392)
[2020.10.05-10.22.03:657][747]LogModuleManager: Shutting down and abandoning module NetcodeUnitTest (390)
[2020.10.05-10.22.03:657][747]LogModuleManager: Shutting down and abandoning module MediaCompositing (388)
[2020.10.05-10.22.03:657][747]LogModuleManager: Shutting down and abandoning module ImgMedia (386)
[2020.10.05-10.22.03:657][747]LogModuleManager: Shutting down and abandoning module MagicLeapHelperVulkan (384)
[2020.10.05-10.22.03:657][747]LogModuleManager: Shutting down and abandoning module MagicLeapHelperOpenGL (382)
[2020.10.05-10.22.03:657][747]LogModuleManager: Shutting down and abandoning module MagicLeapAudio (380)
[2020.10.05-10.22.03:657][747]LogModuleManager: Shutting down and abandoning module HTML5Networking (378)
[2020.10.05-10.22.03:657][747]LogModuleManager: Shutting down and abandoning module GeometryCacheTracks (376)
[2020.10.05-10.22.03:657][747]LogModuleManager: Shutting down and abandoning module GeometryCacheSequencer (374)
[2020.10.05-10.22.03:657][747]LogModuleManager: Shutting down and abandoning module BackChannel (372)
[2020.10.05-10.22.03:657][747]LogModuleManager: Shutting down and abandoning module AutomationUtilsEditor (370)
[2020.10.05-10.22.03:657][747]LogModuleManager: Shutting down and abandoning module AutomationUtils (368)
[2020.10.05-10.22.03:657][747]LogModuleManager: Shutting down and abandoning module AlembicImporter (366)
[2020.10.05-10.22.03:657][747]LogModuleManager: Shutting down and abandoning module AlembicLibrary (365)
[2020.10.05-10.22.03:657][747]LogModuleManager: Shutting down and abandoning module GeometryCache (364)
[2020.10.05-10.22.03:657][747]LogModuleManager: Shutting down and abandoning module GeometryCacheEd (363)
[2020.10.05-10.22.03:657][747]LogModuleManager: Shutting down and abandoning module VariantManagerContent (358)
[2020.10.05-10.22.03:657][747]LogModuleManager: Shutting down and abandoning module DatasmithContentEditor (356)
[2020.10.05-10.22.03:657][747]LogModuleManager: Shutting down and abandoning module SpeedTreeImporter (354)
[2020.10.05-10.22.03:657][747]LogModuleManager: Shutting down and abandoning module PluginBrowser (352)
[2020.10.05-10.22.03:657][747]LogModuleManager: Shutting down and abandoning module MobileLauncherProfileWizard (350)
[2020.10.05-10.22.03:667][747]LogModuleManager: Shutting down and abandoning module MaterialAnalyzer (348)
[2020.10.05-10.22.03:667][747]LogModuleManager: Shutting down and abandoning module CurveEditorTools (346)
[2020.10.05-10.22.03:667][747]LogModuleManager: Shutting down and abandoning module CurveEditor (345)
[2020.10.05-10.22.03:683][747]LogModuleManager: Shutting down and abandoning module CryptoKeysOpenSSL (342)
[2020.10.05-10.22.03:683][747]LogModuleManager: Shutting down and abandoning module CryptoKeys (340)
[2020.10.05-10.22.03:683][747]LogModuleManager: Shutting down and abandoning module VisualStudioSourceCodeAccess (338)
[2020.10.05-10.22.03:683][747]LogModuleManager: Shutting down and abandoning module VisualStudioCodeSourceCodeAccess (336)
[2020.10.05-10.22.03:683][747]LogModuleManager: Shutting down and abandoning module UObjectPlugin (334)
[2020.10.05-10.22.03:683][747]LogModuleManager: Shutting down and abandoning module SubversionSourceControl (332)
[2020.10.05-10.22.03:683][747]LogModuleManager: Shutting down and abandoning module PerforceSourceControl (330)
[2020.10.05-10.22.03:690][747]LogModuleManager: Shutting down and abandoning module GitSourceControl (328)
[2020.10.05-10.22.03:690][747]LogModuleManager: Shutting down and abandoning module SourceControl (327)
[2020.10.05-10.22.03:690][747]LogModuleManager: Shutting down and abandoning module CLionSourceCodeAccess (324)
[2020.10.05-10.22.03:690][747]LogModuleManager: Shutting down and abandoning module AnimationSharingEd (322)
[2020.10.05-10.22.03:690][747]LogModuleManager: Shutting down and abandoning module ActorLayerUtilitiesEditor (320)
[2020.10.05-10.22.03:690][747]LogModuleManager: Shutting down and abandoning module ActorLayerUtilities (318)
[2020.10.05-10.22.03:690][747]LogModuleManager: Shutting down and abandoning module LightPropagationVolumeEditor (316)
[2020.10.05-10.22.03:690][747]LogModuleManager: Shutting down and abandoning module PaperTiledImporter (314)
[2020.10.05-10.22.03:690][747]LogModuleManager: Shutting down and abandoning module PaperSpriteSheetImporter (312)
[2020.10.05-10.22.03:690][747]LogModuleManager: Shutting down and abandoning module Paper2DEditor (310)
[2020.10.05-10.22.03:693][747]LogModuleManager: Shutting down and abandoning module SignificanceManager (308)
[2020.10.05-10.22.03:693][747]LogModuleManager: Shutting down and abandoning module RuntimePhysXCooking (306)
[2020.10.05-10.22.03:693][747]LogModuleManager: Shutting down and abandoning module PhysXVehiclesEditor (304)
[2020.10.05-10.22.03:693][747]LogModuleManager: Shutting down and abandoning module LocationServicesBPLibrary (300)
[2020.10.05-10.22.03:693][747]LogModuleManager: Shutting down and abandoning module ActorSequence (298)
[2020.10.05-10.22.03:693][747]LogModuleManager: Shutting down and abandoning module UdpMessaging (296)
[2020.10.05-10.22.03:794][747]LogModuleManager: Shutting down and abandoning module TcpMessaging (294)
[2020.10.05-10.22.03:895][747]LogModuleManager: Shutting down and abandoning module MagicLeapIdentity (292)
[2020.10.05-10.22.03:895][747]LogModuleManager: Shutting down and abandoning module MagicLeapSecureStorage (290)
[2020.10.05-10.22.03:895][747]LogModuleManager: Shutting down and abandoning module MagicLeapHandTracking (288)
[2020.10.05-10.22.03:895][747]LogModuleManager: Shutting down and abandoning module MagicLeapEyeTracker (286)
[2020.10.05-10.22.03:895][747]LogModuleManager: Shutting down and abandoning module MagicLeapController (284)
[2020.10.05-10.22.03:895][747]LogSlate: Slate User Destroyed.  User Index 0, Is Virtual User: 0
[2020.10.05-10.22.03:895][747]LogModuleManager: Shutting down and abandoning module MagicLeapAR (282)
[2020.10.05-10.22.03:895][747]LogModuleManager: Shutting down and abandoning module AugmentedReality (281)
[2020.10.05-10.22.03:895][747]LogModuleManager: Shutting down and abandoning module GameplayTagsEditor (278)
[2020.10.05-10.22.03:895][747]LogModuleManager: Shutting down and abandoning module FacialAnimationEditor (276)
[2020.10.05-10.22.03:895][747]LogModuleManager: Shutting down and abandoning module FacialAnimation (274)
[2020.10.05-10.22.03:895][747]LogModuleManager: Shutting down and abandoning module DataValidation (272)
[2020.10.05-10.22.03:895][747]LogModuleManager: Shutting down and abandoning module AssetManagerEditor (270)
[2020.10.05-10.22.03:903][747]LogModuleManager: Shutting down and abandoning module LevelEditor (269)
[2020.10.05-10.22.03:907][747]LogModuleManager: Shutting down and abandoning module PixelInspectorModule (268)
[2020.10.05-10.22.03:907][747]LogModuleManager: Shutting down and abandoning module CommonMenuExtensions (266)
[2020.10.05-10.22.03:907][747]LogModuleManager: Shutting down and abandoning module MainFrame (264)
[2020.10.05-10.22.03:907][747]LogModuleManager: Shutting down and abandoning module HotReload (263)
[2020.10.05-10.22.03:907][747]LogModuleManager: Shutting down and abandoning module ContentBrowser (259)
[2020.10.05-10.22.03:908][747]LogModuleManager: Shutting down and abandoning module TreeMap (257)
[2020.10.05-10.22.03:908][747]LogModuleManager: Shutting down and abandoning module AnimationSharing (254)
[2020.10.05-10.22.03:908][747]LogModuleManager: Shutting down and abandoning module LightPropagationVolumeRuntime (252)
[2020.10.05-10.22.03:908][747]LogModuleManager: Shutting down and abandoning module Paper2D (250)
[2020.10.05-10.22.03:908][747]LogModuleManager: Shutting down and abandoning module WindowsMoviePlayer (248)
[2020.10.05-10.22.03:911][747]LogModuleManager: Shutting down and abandoning module WebMMoviePlayer (246)
[2020.10.05-10.22.03:911][747]LogModuleManager: Shutting down and abandoning module NetworkReplayStreaming (244)
[2020.10.05-10.22.03:911][747]LogModuleManager: Shutting down and abandoning module PacketHandler (242)
[2020.10.05-10.22.03:911][747]LogModuleManager: Shutting down and abandoning module ClothingSystemEditor (240)
[2020.10.05-10.22.03:911][747]LogModuleManager: Shutting down and abandoning module ClothingSystemRuntime (238)
[2020.10.05-10.22.03:923][747]LogModuleManager: Shutting down and abandoning module MediaAssets (236)
[2020.10.05-10.22.03:923][747]LogModuleManager: Shutting down and abandoning module Overlay (234)
[2020.10.05-10.22.03:923][747]LogModuleManager: Shutting down and abandoning module OverlayEditor (233)
[2020.10.05-10.22.03:923][747]LogModuleManager: Shutting down and abandoning module VREditor (230)
[2020.10.05-10.22.03:923][747]LogModuleManager: Shutting down and abandoning module StringTableEditor (228)
[2020.10.05-10.22.03:934][747]LogModuleManager: Shutting down and abandoning module GameplayTasksEditor (226)
[2020.10.05-10.22.03:934][747]LogModuleManager: Shutting down and abandoning module BehaviorTreeEditor (224)
[2020.10.05-10.22.03:952][747]LogModuleManager: Shutting down and abandoning module FunctionalTesting (222)
[2020.10.05-10.22.03:952][747]LogModuleManager: Shutting down and abandoning module CollisionAnalyzer (220)
[2020.10.05-10.22.03:952][747]LogModuleManager: Shutting down and abandoning module WorkspaceMenuStructure (219)
[2020.10.05-10.22.03:952][747]LogModuleManager: Shutting down and abandoning module UMG (216)
[2020.10.05-10.22.03:960][747]LogModuleManager: Shutting down and abandoning module UMGEditor (215)
[2020.10.05-10.22.03:960][747]LogModuleManager: Shutting down and abandoning module Sequencer (214)
[2020.10.05-10.22.03:969][747]LogModuleManager: Shutting down and abandoning module MessageLog (211)
[2020.10.05-10.22.03:969][747]LogModuleManager: Shutting down and abandoning module SlateReflector (206)
[2020.10.05-10.22.03:989][747]LogModuleManager: Shutting down and abandoning module Slate (204)
[2020.10.05-10.22.03:989][747]LogModuleManager: Shutting down and abandoning module LandscapeEditorUtilities (202)
[2020.10.05-10.22.03:989][747]LogModuleManager: Shutting down and abandoning module EditorStyle (200)
[2020.10.05-10.22.03:990][747]LogModuleManager: Shutting down and abandoning module UnrealEd (198)
[2020.10.05-10.22.03:990][747]LogModuleManager: Shutting down and abandoning module MRMesh (196)
[2020.10.05-10.22.03:990][747]LogModuleManager: Shutting down and abandoning module SourceCodeAccess (194)
[2020.10.05-10.22.03:990][747]LogModuleManager: Shutting down and abandoning module HeadMountedDisplay (192)
[2020.10.05-10.22.03:990][747]LogModuleManager: Shutting down and abandoning module XAudio2 (190)
[2020.10.05-10.22.03:990][747]LogModuleManager: Shutting down and abandoning module Networking (188)
[2020.10.05-10.22.03:990][747]LogModuleManager: Shutting down and abandoning module Core (186)
[2020.10.05-10.22.03:990][747]LogModuleManager: Shutting down and abandoning module KismetCompiler (184)
[2020.10.05-10.22.03:990][747]LogModuleManager: Shutting down and abandoning module MeshUtilities (182)
[2020.10.05-10.22.03:990][747]LogModuleManager: Shutting down and abandoning module MeshMergeUtilities (181)
[2020.10.05-10.22.03:990][747]LogModuleManager: Shutting down and abandoning module MeshReductionInterface (180)
[2020.10.05-10.22.03:990][747]LogModuleManager: Shutting down and abandoning module SkeletalMeshReduction (179)
[2020.10.05-10.22.03:997][747]LogModuleManager: Shutting down and abandoning module ProxyLODMeshReduction (177)
[2020.10.05-10.22.04:013][747]LogModuleManager: Shutting down and abandoning module QuadricMeshReduction (175)
[2020.10.05-10.22.04:013][747]LogModuleManager: Shutting down and abandoning module MaterialBaking (171)
[2020.10.05-10.22.04:057][747]LogModuleManager: Shutting down and abandoning module NullInstallBundleManager (166)
[2020.10.05-10.22.04:057][747]LogModuleManager: Shutting down and abandoning module DerivedDataCache (164)
[2020.10.05-10.22.04:126][747]LogDerivedDataCache: Shutdown
[2020.10.05-10.22.04:127][747]LogModuleManager: Shutting down and abandoning module XGEController (162)
[2020.10.05-10.22.04:127][747]LogXGEController: Cleaning working directory: C:/Users/leoda/AppData/Local/Temp/UnrealXGEWorkingDir/
[2020.10.05-10.22.04:127][747]LogModuleManager: Shutting down and abandoning module TargetPlatform (160)
[2020.10.05-10.22.04:127][747]LogModuleManager: Shutting down and abandoning module VulkanShaderFormat (159)
[2020.10.05-10.22.04:127][747]LogModuleManager: Shutting down and abandoning module ShaderFormatVectorVM (157)
[2020.10.05-10.22.04:127][747]LogModuleManager: Shutting down and abandoning module ShaderFormatOpenGL (155)
[2020.10.05-10.22.04:132][747]LogModuleManager: Shutting down and abandoning module ShaderFormatD3D (153)
[2020.10.05-10.22.04:132][747]LogModuleManager: Shutting down and abandoning module MetalShaderFormat (151)
[2020.10.05-10.22.04:137][747]LogModuleManager: Shutting down and abandoning module TextureFormatUncompressed (149)
[2020.10.05-10.22.04:137][747]LogModuleManager: Shutting down and abandoning module TextureFormatPVR (147)
[2020.10.05-10.22.04:137][747]LogModuleManager: Shutting down and abandoning module TextureFormatDXT (145)
[2020.10.05-10.22.04:137][747]LogModuleManager: Shutting down and abandoning module TextureFormatIntelISPCTexComp (143)
[2020.10.05-10.22.04:137][747]LogModuleManager: Shutting down and abandoning module TextureFormatASTC (141)
[2020.10.05-10.22.04:137][747]LogModuleManager: Shutting down and abandoning module ImageWrapper (140)
[2020.10.05-10.22.04:137][747]LogModuleManager: Shutting down and abandoning module TextureFormatAndroid (137)
[2020.10.05-10.22.04:137][747]LogModuleManager: Shutting down and abandoning module AudioFormatOpus (135)
[2020.10.05-10.22.04:137][747]LogModuleManager: Shutting down and abandoning module AudioFormatOgg (133)
[2020.10.05-10.22.04:137][747]LogModuleManager: Shutting down and abandoning module AudioFormatADPCM (131)
[2020.10.05-10.22.04:137][747]LogModuleManager: Shutting down and abandoning module LuminTargetPlatform (129)
[2020.10.05-10.22.04:138][747]LogModuleManager: Shutting down and abandoning module LinuxTargetPlatform (127)
[2020.10.05-10.22.04:138][747]LogModuleManager: Shutting down and abandoning module LinuxServerTargetPlatform (125)
[2020.10.05-10.22.04:138][747]LogModuleManager: Shutting down and abandoning module LinuxNoEditorTargetPlatform (123)
[2020.10.05-10.22.04:138][747]LogModuleManager: Shutting down and abandoning module LinuxClientTargetPlatform (121)
[2020.10.05-10.22.04:138][747]LogModuleManager: Shutting down and abandoning module TVOSTargetPlatform (119)
[2020.10.05-10.22.04:138][747]LogModuleManager: Shutting down and abandoning module Messaging (117)
[2020.10.05-10.22.04:138][747]LogModuleManager: Shutting down and abandoning module IOSTargetPlatform (115)
[2020.10.05-10.22.04:139][747]LogModuleManager: Shutting down and abandoning module HTML5TargetPlatform (113)
[2020.10.05-10.22.04:139][747]LogModuleManager: Shutting down and abandoning module AndroidTargetPlatform (111)
[2020.10.05-10.22.04:143][747]LogModuleManager: Shutting down and abandoning module WindowsTargetPlatform (109)
[2020.10.05-10.22.04:144][747]LogModuleManager: Shutting down and abandoning module WindowsServerTargetPlatform (107)
[2020.10.05-10.22.04:144][747]LogModuleManager: Shutting down and abandoning module WindowsNoEditorTargetPlatform (105)
[2020.10.05-10.22.04:144][747]LogModuleManager: Shutting down and abandoning module WindowsClientTargetPlatform (103)
[2020.10.05-10.22.04:144][747]LogModuleManager: Shutting down and abandoning module MacTargetPlatform (101)
[2020.10.05-10.22.04:144][747]LogModuleManager: Shutting down and abandoning module MacServerTargetPlatform (99)
[2020.10.05-10.22.04:144][747]LogModuleManager: Shutting down and abandoning module MacNoEditorTargetPlatform (97)
[2020.10.05-10.22.04:144][747]LogModuleManager: Shutting down and abandoning module MacClientTargetPlatform (95)
[2020.10.05-10.22.04:144][747]LogModuleManager: Shutting down and abandoning module AllDesktopTargetPlatform (93)
[2020.10.05-10.22.04:144][747]LogModuleManager: Shutting down and abandoning module InputCore (90)
[2020.10.05-10.22.04:144][747]LogModuleManager: Shutting down and abandoning module Settings (88)
[2020.10.05-10.22.04:144][747]LogModuleManager: Shutting down and abandoning module DirectoryWatcher (86)
[2020.10.05-10.22.04:144][747]LogModuleManager: Shutting down and abandoning module PhysXCooking (84)
[2020.10.05-10.22.04:144][747]LogModuleManager: Shutting down and abandoning module WindowsPlatformFeatures (82)
[2020.10.05-10.22.04:144][747]LogModuleManager: Shutting down and abandoning module GameplayMediaEncoder (81)
[2020.10.05-10.22.04:144][747]LogModuleManager: Shutting down and abandoning module SteamVR (78)
[2020.10.05-10.22.04:144][747]LogHMD: Freeing OpenVRDLLHandle.
[2020.10.05-10.22.04:144][747]LogModuleManager: Shutting down and abandoning module OculusHMD (76)
[2020.10.05-10.22.04:144][747]LogModuleManager: Shutting down and abandoning module ExampleDeviceProfileSelector (74)
[2020.10.05-10.22.04:144][747]LogModuleManager: Shutting down and abandoning module LauncherChunkInstaller (72)
[2020.10.05-10.22.04:144][747]LogModuleManager: Shutting down and abandoning module OnlineBlueprintSupport (70)
[2020.10.05-10.22.04:144][747]LogModuleManager: Shutting down and abandoning module OnlineSubsystem (66)
[2020.10.05-10.22.04:151][747]LogModuleManager: Shutting down and abandoning module XMPP (61)
[2020.10.05-10.22.04:162][747]LogModuleManager: Shutting down and abandoning module WebSockets (60)
[2020.10.05-10.22.04:198][747]LogModuleManager: Shutting down and abandoning module HTTP (57)
[2020.10.05-10.22.04:198][747]LogHttp: Display: Http module shutting down, but needs to wait on 1 outstanding Http requests:
[2020.10.05-10.22.04:198][747]LogHttp: Display: 	verb=[POST] url=[https://datarouter.ol.epicgames.com/datarouter/api/v1/public/data?SessionID=%7BE35C6090-4C4F-CBBB-35E2-5A9973BD33A2%7D&AppID=UEEditor.Rocket.Release&AppVersion=4.23.1-9631420%2B%2B%2BUE4%2BRelease-4.23&UserID=f1ce4e76488250e6d36a7fae890bd6f8%7C6ecf42121a5d42209fed87504fdd46e4%7C279ca8b7-9b47-4509-a31d-c076d62432a7&AppEnvironment=datacollector-binary&UploadType=eteventstream] status=Processing
[2020.10.05-10.22.04:205][747]LogModuleManager: Shutting down and abandoning module SSL (56)
[2020.10.05-10.22.04:206][747]LogModuleManager: Shutting down and abandoning module WmfMedia (52)
[2020.10.05-10.22.04:218][747]LogModuleManager: Shutting down and abandoning module Media (51)
[2020.10.05-10.22.04:218][747]LogModuleManager: Shutting down and abandoning module MagicLeap (48)
[2020.10.05-10.22.04:218][747]LogModuleManager: Shutting down and abandoning module DatasmithContent (46)
[2020.10.05-10.22.04:219][747]LogModuleManager: Shutting down and abandoning module AISupportModule (44)
[2020.10.05-10.22.04:219][747]LogModuleManager: Shutting down and abandoning module PlatformCryptoOpenSSL (42)
[2020.10.05-10.22.04:219][747]LogModuleManager: Shutting down and abandoning module PlatformCrypto (40)
[2020.10.05-10.22.04:219][747]LogModuleManager: Shutting down and abandoning module AnimationModifiers (38)
[2020.10.05-10.22.04:224][747]LogModuleManager: Shutting down and abandoning module PropertyEditor (37)
[2020.10.05-10.22.04:233][747]LogModuleManager: Shutting down and abandoning module AudioEditor (34)
[2020.10.05-10.22.04:242][747]LogModuleManager: Shutting down and abandoning module TextureCompressor (32)
[2020.10.05-10.22.04:242][747]LogModuleManager: Shutting down and abandoning module RenderCore (30)
[2020.10.05-10.22.04:242][747]LogModuleManager: Shutting down and abandoning module Landscape (28)
[2020.10.05-10.22.04:242][747]LogModuleManager: Shutting down and abandoning module SlateRHIRenderer (26)
[2020.10.05-10.22.04:243][747]LogModuleManager: Shutting down and abandoning module OpenGLDrv (24)
[2020.10.05-10.22.04:250][747]LogModuleManager: Shutting down and abandoning module D3D11RHI (22)
[2020.10.05-10.22.04:250][747]LogModuleManager: Shutting down and abandoning module AnimGraphRuntime (20)
[2020.10.05-10.22.04:250][747]LogModuleManager: Shutting down and abandoning module Renderer (18)
[2020.10.05-10.22.04:250][747]LogModuleManager: Shutting down and abandoning module Engine (16)
[2020.10.05-10.22.04:250][747]LogModuleManager: Shutting down and abandoning module CoreUObject (14)
[2020.10.05-10.22.04:250][747]LogModuleManager: Shutting down and abandoning module NetworkFile (12)
[2020.10.05-10.22.04:250][747]LogModuleManager: Shutting down and abandoning module CookedIterativeFile (10)
[2020.10.05-10.22.04:250][747]LogModuleManager: Shutting down and abandoning module StreamingFile (8)
[2020.10.05-10.22.04:250][747]LogModuleManager: Shutting down and abandoning module SandboxFile (6)
[2020.10.05-10.22.04:250][747]LogModuleManager: Shutting down and abandoning module PakFile (4)
[2020.10.05-10.22.04:250][747]LogModuleManager: Shutting down and abandoning module RSA (3)
[2020.10.05-10.22.04:251][747]LogD3D11RHI: Shutdown
[2020.10.05-10.22.04:251][747]LogD3D11RHI: CleanupD3DDevice
[2020.10.05-10.22.04:254][747]LogRendererCore: FGlobalDynamicReadBuffer::Cleanup()
[2020.10.05-10.22.04:254][747]LogRendererCore: FGlobalDynamicReadBuffer::Cleanup()
[2020.10.05-10.22.04:254][747]LogRendererCore: FGlobalDynamicReadBuffer::Cleanup()
[2020.10.05-10.22.04:339][747]LogD3D11RHI: ~FD3D11DynamicRHI
[2020.10.05-10.22.04:353][747]LogExit: Exiting.
[2020.10.05-10.22.04:380][747]Log file closed, 10/05/20 07:22:04
