Log file open, 10/22/20 16:24:34
LogWindows: Failed to load 'aqProf.dll' (GetLastError=126)
LogWindows: File 'aqProf.dll' does not exist
LogWindows: Failed to load 'VtuneApi.dll' (GetLastError=126)
LogWindows: File 'VtuneApi.dll' does not exist
LogWindows: Failed to load 'VtuneApi32e.dll' (GetLastError=126)
LogWindows: File 'VtuneApi32e.dll' does not exist
LogConsoleResponse: Display: Failed to find resolution value strings in scalability ini. Falling back to default.
LogInit: Display: Running engine for game: Tentativa4
LogPlatformFile: Not using cached read wrapper
LogTaskGraph: Started task graph with 5 named threads and 23 total threads with 3 sets of task threads.
LogStats: Stats thread started at 0.080499
LogD3D11RHI: Loaded GFSDK_Aftermath_Lib.x64.dll
LogICUInternationalization: ICU TimeZone Detection - Raw Offset: -3:00, Platform Override: ''
LogPluginManager: Mounting plugin Paper2D
LogPluginManager: Mounting plugin AISupport
LogPluginManager: Mounting plugin LightPropagationVolume
LogPluginManager: Mounting plugin ActorLayerUtilities
LogPluginManager: Mounting plugin AnimationSharing
LogPluginManager: Mounting plugin CLionSourceCodeAccess
LogPluginManager: Mounting plugin CodeLiteSourceCodeAccess
LogPluginManager: Mounting plugin GitSourceControl
LogPluginManager: Mounting plugin KDevelopSourceCodeAccess
LogPluginManager: Mounting plugin NullSourceCodeAccess
LogPluginManager: Mounting plugin PerforceSourceControl
LogPluginManager: Mounting plugin SubversionSourceControl
LogPluginManager: Mounting plugin UObjectPlugin
LogPluginManager: Mounting plugin VisualStudioCodeSourceCodeAccess
LogPluginManager: Mounting plugin VisualStudioSourceCodeAccess
LogPluginManager: Mounting plugin XCodeSourceCodeAccess
LogPluginManager: Mounting plugin AssetManagerEditor
LogPluginManager: Mounting plugin CryptoKeys
LogPluginManager: Mounting plugin CurveEditorTools
LogPluginManager: Mounting plugin DataValidation
LogPluginManager: Mounting plugin FacialAnimation
LogPluginManager: Mounting plugin GameplayTagsEditor
LogPluginManager: Mounting plugin MacGraphicsSwitching
LogPluginManager: Mounting plugin MaterialAnalyzer
LogPluginManager: Mounting plugin MobileLauncherProfileWizard
LogPluginManager: Mounting plugin PluginBrowser
LogPluginManager: Mounting plugin SpeedTreeImporter
LogPluginManager: Mounting plugin DatasmithContent
LogPluginManager: Mounting plugin VariantManagerContent
LogPluginManager: Mounting plugin AlembicImporter
LogPluginManager: Mounting plugin AutomationUtils
LogPluginManager: Mounting plugin BackChannel
LogPluginManager: Mounting plugin CharacterAI
LogPluginManager: Mounting plugin GeometryCache
LogPluginManager: Mounting plugin HTML5Networking
LogPluginManager: Mounting plugin PlatformCrypto
LogPluginManager: Mounting plugin ProxyLODPlugin
LogPluginManager: Mounting plugin SkeletalReduction
LogPluginManager: Mounting plugin MagicLeap
LogPluginManager: Mounting plugin MagicLeapMedia
LogPluginManager: Mounting plugin AndroidMedia
LogPluginManager: Mounting plugin AvfMedia
LogPluginManager: Mounting plugin ImgMedia
LogPluginManager: Mounting plugin MediaCompositing
LogPluginManager: Mounting plugin MediaPlayerEditor
LogPluginManager: Mounting plugin WebMMedia
LogPluginManager: Mounting plugin WmfMedia
LogPluginManager: Mounting plugin TcpMessaging
LogPluginManager: Mounting plugin UdpMessaging
LogPluginManager: Mounting plugin ActorSequence
LogPluginManager: Mounting plugin LevelSequenceEditor
LogPluginManager: Mounting plugin MatineeToLevelSequence
LogPluginManager: Mounting plugin NetcodeUnitTest
LogPluginManager: Mounting plugin NUTUnrealEngine4
LogPluginManager: Mounting plugin OnlineSubsystemGooglePlay
LogPluginManager: Mounting plugin OnlineSubsystemIOS
LogPluginManager: Mounting plugin OnlineSubsystem
LogPluginManager: Mounting plugin OnlineSubsystemNull
LogPluginManager: Mounting plugin OnlineSubsystemUtils
LogPluginManager: Mounting plugin LauncherChunkInstaller
LogPluginManager: Mounting plugin AndroidDeviceProfileSelector
LogPluginManager: Mounting plugin AndroidMoviePlayer
LogPluginManager: Mounting plugin AndroidPermission
LogPluginManager: Mounting plugin AppleImageUtils
LogPluginManager: Mounting plugin AppleMoviePlayer
LogPluginManager: Mounting plugin ArchVisCharacter
LogPluginManager: Mounting plugin AudioCapture
LogPluginManager: Mounting plugin CableComponent
LogPluginManager: Mounting plugin CustomMeshComponent
LogPluginManager: Mounting plugin EditableMesh
LogPluginManager: Mounting plugin ExampleDeviceProfileSelector
LogPluginManager: Mounting plugin GoogleCloudMessaging
LogPluginManager: Mounting plugin IOSDeviceProfileSelector
LogPluginManager: Mounting plugin LinuxDeviceProfileSelector
LogPluginManager: Mounting plugin LocationServicesBPLibrary
LogPluginManager: Mounting plugin MobilePatchingUtils
LogPluginManager: Mounting plugin OculusVR
LogPluginManager: Mounting plugin PhysXVehicles
LogPluginManager: Mounting plugin ProceduralMeshComponent
LogPluginManager: Mounting plugin RuntimePhysXCooking
LogPluginManager: Mounting plugin SignificanceManager
LogPluginManager: Mounting plugin SteamVR
LogPluginManager: Mounting plugin WebMMoviePlayer
LogPluginManager: Mounting plugin WindowsMoviePlayer
LogPluginManager: Mounting plugin ScreenshotTools
LogInit: Using libcurl 7.55.1-DEV
LogInit:  - built for x86_64-pc-win32
LogInit:  - supports SSL with OpenSSL/1.1.1
LogInit:  - supports HTTP deflate (compression) using libz 1.2.8
LogInit:  - other features:
LogInit:      CURL_VERSION_SSL
LogInit:      CURL_VERSION_LIBZ
LogInit:      CURL_VERSION_IPV6
LogInit:      CURL_VERSION_ASYNCHDNS
LogInit:      CURL_VERSION_LARGEFILE
LogInit:      CURL_VERSION_IDN
LogInit:  CurlRequestOptions (configurable via config and command line):
LogInit:  - bVerifyPeer = true  - Libcurl will verify peer certificate
LogInit:  - bUseHttpProxy = false  - Libcurl will NOT use HTTP proxy
LogInit:  - bDontReuseConnections = false  - Libcurl will reuse connections
LogInit:  - MaxHostConnections = 16  - Libcurl will limit the number of connections to a host
LogInit:  - LocalHostAddr = Default
LogInit:  - BufferSize = 65536
LogOnline: OSS: Creating online subsystem instance for: NULL
LogInit: WinSock: version 1.1 (2.2), MaxSocks=32767, MaxUdp=65467
LogInit: Build: ++UE4+Release-4.23-CL-9631420
LogInit: Engine Version: 4.23.1-9631420+++UE4+Release-4.23
LogInit: Compatible Engine Version: 4.23.0-8386587+++UE4+Release-4.23
LogInit: Net CL: 8386587
LogInit: OS: Windows 10 (Release 2004) (), CPU: Intel(R) Core(TM) i7-6700K CPU @ 4.00GHz, GPU: Intel(R) HD Graphics 530
LogInit: Compiled (64-bit): Oct 18 2019 02:07:44
LogInit: Compiled with Visual C++: 19.16.27030.01
LogInit: Build Configuration: Development
LogInit: Branch Name: ++UE4+Release-4.23
LogInit: Command Line: 
LogInit: Base Directory: E:/UE_4.23/Engine/Binaries/Win64/
LogInit: Installed Engine Build: 1
LogDevObjectVersion: Number of dev versions registered: 23
LogDevObjectVersion:   Dev-Blueprints (B0D832E4-1F89-4F0D-ACCF-7EB736FD4AA2): 10
LogDevObjectVersion:   Dev-Build (E1C64328-A22C-4D53-A36C-8E866417BD8C): 0
LogDevObjectVersion:   Dev-Core (375EC13C-06E4-48FB-B500-84F0262A717E): 3
LogDevObjectVersion:   Dev-Editor (E4B068ED-F494-42E9-A231-DA0B2E46BB41): 34
LogDevObjectVersion:   Dev-Framework (CFFC743F-43B0-4480-9391-14DF171D2073): 35
LogDevObjectVersion:   Dev-Mobile (B02B49B5-BB20-44E9-A304-32B752E40360): 2
LogDevObjectVersion:   Dev-Networking (A4E4105C-59A1-49B5-A7C5-40C4547EDFEE): 0
LogDevObjectVersion:   Dev-Online (39C831C9-5AE6-47DC-9A44-9C173E1C8E7C): 0
LogDevObjectVersion:   Dev-Physics (78F01B33-EBEA-4F98-B9B4-84EACCB95AA2): 0
LogDevObjectVersion:   Dev-Platform (6631380F-2D4D-43E0-8009-CF276956A95A): 0
LogDevObjectVersion:   Dev-Rendering (12F88B9F-8875-4AFC-A67C-D90C383ABD29): 31
LogDevObjectVersion:   Dev-Sequencer (7B5AE74C-D270-4C10-A958-57980B212A5A): 11
LogDevObjectVersion:   Dev-VR (D7296918-1DD6-4BDD-9DE2-64A83CC13884): 2
LogDevObjectVersion:   Dev-LoadTimes (C2A15278-BFE7-4AFE-6C17-90FF531DF755): 1
LogDevObjectVersion:   Private-Geometry (6EACA3D4-40EC-4CC1-B786-8BED09428FC5): 3
LogDevObjectVersion:   Dev-AnimPhys (29E575DD-E0A3-4627-9D10-D276232CDCEA): 17
LogDevObjectVersion:   Dev-Anim (AF43A65D-7FD3-4947-9873-3E8ED9C1BB05): 2
LogDevObjectVersion:   Dev-ReflectionCapture (6B266CEC-1EC7-4B8F-A30B-E4D90942FC07): 1
LogDevObjectVersion:   Dev-Automation (0DF73D61-A23F-47EA-B727-89E90C41499A): 1
LogDevObjectVersion:   FortniteMain (601D1886-AC64-4F84-AA16-D3DE0DEAC7D6): 27
LogDevObjectVersion:   Dev-Enterprise (9DFFBCD6-494F-0158-E221-12823C92A888): 6
LogDevObjectVersion:   Dev-Niagara (F2AED0AC-9AFE-416F-8664-AA7FFA26D6FC): 1
LogDevObjectVersion:   Dev-Destruction (174F1F0B-B4C6-45A5-B13F-2EE8D0FB917D): 9
LogInit: Presizing for max 16777216 objects, including 0 objects not considered by GC, pre-allocating 0 bytes for permanent pool.
LogInit: Object subsystem initialized
LogConfig: Setting CVar [[con.DebugEarlyDefault:1]]
LogConfig: Setting CVar [[r.setres:1280x720]]
[2020.10.22-19.24.35:034][  0]LogConfig: Setting CVar [[r.VSync:0]]
[2020.10.22-19.24.35:034][  0]LogConfig: Setting CVar [[r.RHICmdBypass:0]]
[2020.10.22-19.24.35:034][  0]LogConfig: Applying CVar settings from Section [/Script/Engine.RendererSettings] File [C:/Users/salles/Desktop/AiaiEsseTCC/Tentativa4/Saved/Config/Windows/Engine.ini]
[2020.10.22-19.24.35:034][  0]LogConfig: Setting CVar [[r.GPUCrashDebugging:0]]
[2020.10.22-19.24.35:034][  0]LogConfig: Applying CVar settings from Section [/Script/Engine.RendererOverrideSettings] File [C:/Users/salles/Desktop/AiaiEsseTCC/Tentativa4/Saved/Config/Windows/Engine.ini]
[2020.10.22-19.24.35:034][  0]LogConfig: Applying CVar settings from Section [/Script/Engine.StreamingSettings] File [C:/Users/salles/Desktop/AiaiEsseTCC/Tentativa4/Saved/Config/Windows/Engine.ini]
[2020.10.22-19.24.35:034][  0]LogConfig: Setting CVar [[s.MinBulkDataSizeForAsyncLoading:131072]]
[2020.10.22-19.24.35:034][  0]LogConfig: Setting CVar [[s.AsyncLoadingThreadEnabled:0]]
[2020.10.22-19.24.35:034][  0]LogConfig: Setting CVar [[s.EventDrivenLoaderEnabled:1]]
[2020.10.22-19.24.35:034][  0]LogConfig: Setting CVar [[s.WarnIfTimeLimitExceeded:0]]
[2020.10.22-19.24.35:034][  0]LogConfig: Setting CVar [[s.TimeLimitExceededMultiplier:1.5]]
[2020.10.22-19.24.35:034][  0]LogConfig: Setting CVar [[s.TimeLimitExceededMinTime:0.005]]
[2020.10.22-19.24.35:034][  0]LogConfig: Setting CVar [[s.UseBackgroundLevelStreaming:1]]
[2020.10.22-19.24.35:034][  0]LogConfig: Setting CVar [[s.PriorityAsyncLoadingExtraTime:15.0]]
[2020.10.22-19.24.35:034][  0]LogConfig: Setting CVar [[s.LevelStreamingActorsUpdateTimeLimit:5.0]]
[2020.10.22-19.24.35:034][  0]LogConfig: Setting CVar [[s.PriorityLevelStreamingActorsUpdateExtraTime:5.0]]
[2020.10.22-19.24.35:034][  0]LogConfig: Setting CVar [[s.LevelStreamingComponentsRegistrationGranularity:10]]
[2020.10.22-19.24.35:034][  0]LogConfig: Setting CVar [[s.UnregisterComponentsTimeLimit:1.0]]
[2020.10.22-19.24.35:034][  0]LogConfig: Setting CVar [[s.LevelStreamingComponentsUnregistrationGranularity:5]]
[2020.10.22-19.24.35:034][  0]LogConfig: Applying CVar settings from Section [/Script/Engine.GarbageCollectionSettings] File [C:/Users/salles/Desktop/AiaiEsseTCC/Tentativa4/Saved/Config/Windows/Engine.ini]
[2020.10.22-19.24.35:034][  0]LogConfig: Setting CVar [[gc.MaxObjectsNotConsideredByGC:1]]
[2020.10.22-19.24.35:034][  0]LogConfig: Setting CVar [[gc.SizeOfPermanentObjectPool:0]]
[2020.10.22-19.24.35:034][  0]LogConfig: Setting CVar [[gc.FlushStreamingOnGC:0]]
[2020.10.22-19.24.35:034][  0]LogConfig: Setting CVar [[gc.NumRetriesBeforeForcingGC:10]]
[2020.10.22-19.24.35:034][  0]LogConfig: Setting CVar [[gc.AllowParallelGC:1]]
[2020.10.22-19.24.35:034][  0]LogConfig: Setting CVar [[gc.TimeBetweenPurgingPendingKillObjects:61.1]]
[2020.10.22-19.24.35:034][  0]LogConfig: Setting CVar [[gc.MaxObjectsInEditor:16777216]]
[2020.10.22-19.24.35:034][  0]LogConfig: Setting CVar [[gc.IncrementalBeginDestroyEnabled:1]]
[2020.10.22-19.24.35:034][  0]LogConfig: Setting CVar [[gc.CreateGCClusters:1]]
[2020.10.22-19.24.35:034][  0]LogConfig: Setting CVar [[gc.MinGCClusterSize:5]]
[2020.10.22-19.24.35:034][  0]LogConfig: Setting CVar [[gc.ActorClusteringEnabled:0]]
[2020.10.22-19.24.35:034][  0]LogConfig: Setting CVar [[gc.BlueprintClusteringEnabled:0]]
[2020.10.22-19.24.35:034][  0]LogConfig: Setting CVar [[gc.UseDisregardForGCOnDedicatedServers:0]]
[2020.10.22-19.24.35:034][  0]LogConfig: Applying CVar settings from Section [/Script/Engine.NetworkSettings] File [C:/Users/salles/Desktop/AiaiEsseTCC/Tentativa4/Saved/Config/Windows/Engine.ini]
[2020.10.22-19.24.35:034][  0]LogConfig: Applying CVar settings from Section [/Script/UnrealEd.CookerSettings] File [C:/Users/salles/Desktop/AiaiEsseTCC/Tentativa4/Saved/Config/Windows/Engine.ini]
[2020.10.22-19.24.35:040][  0]LogConfig: Applying CVar settings from Section [ViewDistanceQuality@3] File [C:/Users/salles/Desktop/AiaiEsseTCC/Tentativa4/Saved/Config/Windows/Scalability.ini]
[2020.10.22-19.24.35:040][  0]LogConfig: Setting CVar [[r.SkeletalMeshLODBias:0]]
[2020.10.22-19.24.35:040][  0]LogConfig: Setting CVar [[r.ViewDistanceScale:1.0]]
[2020.10.22-19.24.35:040][  0]LogConfig: Applying CVar settings from Section [AntiAliasingQuality@3] File [C:/Users/salles/Desktop/AiaiEsseTCC/Tentativa4/Saved/Config/Windows/Scalability.ini]
[2020.10.22-19.24.35:040][  0]LogConfig: Setting CVar [[r.PostProcessAAQuality:4]]
[2020.10.22-19.24.35:041][  0]LogConfig: Applying CVar settings from Section [ShadowQuality@3] File [C:/Users/salles/Desktop/AiaiEsseTCC/Tentativa4/Saved/Config/Windows/Scalability.ini]
[2020.10.22-19.24.35:041][  0]LogConfig: Setting CVar [[r.LightFunctionQuality:1]]
[2020.10.22-19.24.35:041][  0]LogConfig: Setting CVar [[r.ShadowQuality:5]]
[2020.10.22-19.24.35:041][  0]LogConfig: Setting CVar [[r.Shadow.CSM.MaxCascades:10]]
[2020.10.22-19.24.35:041][  0]LogConfig: Setting CVar [[r.Shadow.MaxResolution:2048]]
[2020.10.22-19.24.35:041][  0]LogConfig: Setting CVar [[r.Shadow.MaxCSMResolution:2048]]
[2020.10.22-19.24.35:041][  0]LogConfig: Setting CVar [[r.Shadow.RadiusThreshold:0.01]]
[2020.10.22-19.24.35:041][  0]LogConfig: Setting CVar [[r.Shadow.DistanceScale:1.0]]
[2020.10.22-19.24.35:041][  0]LogConfig: Setting CVar [[r.Shadow.CSM.TransitionScale:1.0]]
[2020.10.22-19.24.35:041][  0]LogConfig: Setting CVar [[r.Shadow.PreShadowResolutionFactor:1.0]]
[2020.10.22-19.24.35:041][  0]LogConfig: Setting CVar [[r.DistanceFieldShadowing:1]]
[2020.10.22-19.24.35:041][  0]LogConfig: Setting CVar [[r.DistanceFieldAO:1]]
[2020.10.22-19.24.35:041][  0]LogConfig: Setting CVar [[r.AOQuality:2]]
[2020.10.22-19.24.35:041][  0]LogConfig: Setting CVar [[r.VolumetricFog:1]]
[2020.10.22-19.24.35:041][  0]LogConfig: Setting CVar [[r.VolumetricFog.GridPixelSize:8]]
[2020.10.22-19.24.35:041][  0]LogConfig: Setting CVar [[r.VolumetricFog.GridSizeZ:128]]
[2020.10.22-19.24.35:041][  0]LogConfig: Setting CVar [[r.VolumetricFog.HistoryMissSupersampleCount:4]]
[2020.10.22-19.24.35:041][  0]LogConfig: Setting CVar [[r.LightMaxDrawDistanceScale:1]]
[2020.10.22-19.24.35:041][  0]LogConfig: Setting CVar [[r.CapsuleShadows:1]]
[2020.10.22-19.24.35:041][  0]LogConfig: Applying CVar settings from Section [PostProcessQuality@3] File [C:/Users/salles/Desktop/AiaiEsseTCC/Tentativa4/Saved/Config/Windows/Scalability.ini]
[2020.10.22-19.24.35:041][  0]LogConfig: Setting CVar [[r.MotionBlurQuality:4]]
[2020.10.22-19.24.35:041][  0]LogConfig: Setting CVar [[r.AmbientOcclusionMipLevelFactor:0.4]]
[2020.10.22-19.24.35:041][  0]LogConfig: Setting CVar [[r.AmbientOcclusionMaxQuality:100]]
[2020.10.22-19.24.35:041][  0]LogConfig: Setting CVar [[r.AmbientOcclusionLevels:-1]]
[2020.10.22-19.24.35:041][  0]LogConfig: Setting CVar [[r.AmbientOcclusionRadiusScale:1.0]]
[2020.10.22-19.24.35:041][  0]LogConfig: Setting CVar [[r.DepthOfFieldQuality:2]]
[2020.10.22-19.24.35:041][  0]LogConfig: Setting CVar [[r.RenderTargetPoolMin:400]]
[2020.10.22-19.24.35:041][  0]LogConfig: Setting CVar [[r.LensFlareQuality:2]]
[2020.10.22-19.24.35:041][  0]LogConfig: Setting CVar [[r.SceneColorFringeQuality:1]]
[2020.10.22-19.24.35:041][  0]LogConfig: Setting CVar [[r.EyeAdaptationQuality:2]]
[2020.10.22-19.24.35:041][  0]LogConfig: Setting CVar [[r.BloomQuality:5]]
[2020.10.22-19.24.35:041][  0]LogConfig: Setting CVar [[r.FastBlurThreshold:100]]
[2020.10.22-19.24.35:041][  0]LogConfig: Setting CVar [[r.Upscale.Quality:3]]
[2020.10.22-19.24.35:041][  0]LogConfig: Setting CVar [[r.Tonemapper.GrainQuantization:1]]
[2020.10.22-19.24.35:042][  0]LogConfig: Setting CVar [[r.LightShaftQuality:1]]
[2020.10.22-19.24.35:042][  0]LogConfig: Setting CVar [[r.Filter.SizeScale:1]]
[2020.10.22-19.24.35:042][  0]LogConfig: Setting CVar [[r.Tonemapper.Quality:5]]
[2020.10.22-19.24.35:042][  0]LogConfig: Setting CVar [[r.DOF.Gather.AccumulatorQuality:1        ; higher gathering accumulator quality]]
[2020.10.22-19.24.35:042][  0]LogConfig: Setting CVar [[r.DOF.Gather.PostfilterMethod:1          ; Median3x3 postfilering method]]
[2020.10.22-19.24.35:042][  0]LogConfig: Setting CVar [[r.DOF.Gather.EnableBokehSettings:0       ; no bokeh simulation when gathering]]
[2020.10.22-19.24.35:042][  0]LogConfig: Setting CVar [[r.DOF.Gather.RingCount:4                 ; medium number of samples when gathering]]
[2020.10.22-19.24.35:042][  0]LogConfig: Setting CVar [[r.DOF.Scatter.ForegroundCompositing:1    ; additive foreground scattering]]
[2020.10.22-19.24.35:042][  0]LogConfig: Setting CVar [[r.DOF.Scatter.BackgroundCompositing:2    ; additive background scattering]]
[2020.10.22-19.24.35:042][  0]LogConfig: Setting CVar [[r.DOF.Scatter.EnableBokehSettings:1      ; bokeh simulation when scattering]]
[2020.10.22-19.24.35:042][  0]LogConfig: Setting CVar [[r.DOF.Scatter.MaxSpriteRatio:0.1         ; only a maximum of 10% of scattered bokeh]]
[2020.10.22-19.24.35:042][  0]LogConfig: Setting CVar [[r.DOF.Recombine.Quality:1                ; cheap slight out of focus]]
[2020.10.22-19.24.35:042][  0]LogConfig: Setting CVar [[r.DOF.Recombine.EnableBokehSettings:0    ; no bokeh simulation on slight out of focus]]
[2020.10.22-19.24.35:042][  0]LogConfig: Setting CVar [[r.DOF.TemporalAAQuality:1                ; more stable temporal accumulation]]
[2020.10.22-19.24.35:042][  0]LogConfig: Setting CVar [[r.DOF.Kernel.MaxForegroundRadius:0.025]]
[2020.10.22-19.24.35:042][  0]LogConfig: Setting CVar [[r.DOF.Kernel.MaxBackgroundRadius:0.025]]
[2020.10.22-19.24.35:042][  0]LogConfig: Applying CVar settings from Section [TextureQuality@3] File [C:/Users/salles/Desktop/AiaiEsseTCC/Tentativa4/Saved/Config/Windows/Scalability.ini]
[2020.10.22-19.24.35:042][  0]LogConfig: Setting CVar [[r.Streaming.MipBias:0]]
[2020.10.22-19.24.35:042][  0]LogConfig: Setting CVar [[r.Streaming.AmortizeCPUToGPUCopy:0]]
[2020.10.22-19.24.35:042][  0]LogConfig: Setting CVar [[r.Streaming.MaxNumTexturesToStreamPerFrame:0]]
[2020.10.22-19.24.35:042][  0]LogConfig: Setting CVar [[r.Streaming.Boost:1]]
[2020.10.22-19.24.35:042][  0]LogConfig: Setting CVar [[r.MaxAnisotropy:8]]
[2020.10.22-19.24.35:042][  0]LogConfig: Setting CVar [[r.Streaming.LimitPoolSizeToVRAM:0]]
[2020.10.22-19.24.35:042][  0]LogConfig: Setting CVar [[r.Streaming.PoolSize:1000]]
[2020.10.22-19.24.35:042][  0]LogConfig: Setting CVar [[r.Streaming.MaxEffectiveScreenSize:0]]
[2020.10.22-19.24.35:042][  0]LogConfig: Applying CVar settings from Section [EffectsQuality@3] File [C:/Users/salles/Desktop/AiaiEsseTCC/Tentativa4/Saved/Config/Windows/Scalability.ini]
[2020.10.22-19.24.35:042][  0]LogConfig: Setting CVar [[r.TranslucencyLightingVolumeDim:64]]
[2020.10.22-19.24.35:042][  0]LogConfig: Setting CVar [[r.RefractionQuality:2]]
[2020.10.22-19.24.35:042][  0]LogConfig: Setting CVar [[r.SSR.Quality:3]]
[2020.10.22-19.24.35:042][  0]LogConfig: Setting CVar [[r.SceneColorFormat:4]]
[2020.10.22-19.24.35:042][  0]LogConfig: Setting CVar [[r.DetailMode:2]]
[2020.10.22-19.24.35:042][  0]LogConfig: Setting CVar [[r.TranslucencyVolumeBlur:1]]
[2020.10.22-19.24.35:042][  0]LogConfig: Setting CVar [[r.MaterialQualityLevel:1 ; High quality]]
[2020.10.22-19.24.35:042][  0]LogConfig: Setting CVar [[r.SSS.Scale:1]]
[2020.10.22-19.24.35:042][  0]LogConfig: Setting CVar [[r.SSS.SampleSet:2]]
[2020.10.22-19.24.35:042][  0]LogConfig: Setting CVar [[r.SSS.Quality:1]]
[2020.10.22-19.24.35:042][  0]LogConfig: Setting CVar [[r.SSS.HalfRes:1]]
[2020.10.22-19.24.35:042][  0]LogConfig: Setting CVar [[r.EmitterSpawnRateScale:1.0]]
[2020.10.22-19.24.35:042][  0]LogConfig: Setting CVar [[r.ParticleLightQuality:2]]
[2020.10.22-19.24.35:042][  0]LogConfig: Applying CVar settings from Section [FoliageQuality@3] File [C:/Users/salles/Desktop/AiaiEsseTCC/Tentativa4/Saved/Config/Windows/Scalability.ini]
[2020.10.22-19.24.35:042][  0]LogConfig: Setting CVar [[foliage.DensityScale:1.0]]
[2020.10.22-19.24.35:042][  0]LogConfig: Setting CVar [[grass.DensityScale:1.0]]
[2020.10.22-19.24.35:042][  0]LogInit: Selected Device Profile: [Windows]
[2020.10.22-19.24.35:042][  0]LogInit: Applying CVar settings loaded from the selected device profile: [Windows]
[2020.10.22-19.24.35:047][  0]LogHAL: Display: Platform has ~ 12 GB [12751085568 / 17179869184 / 12], which maps to Larger [LargestMinGB=32, LargerMinGB=12, DefaultMinGB=8, SmallerMinGB=6, SmallestMinGB=0)
[2020.10.22-19.24.35:047][  0]LogInit: Going up to parent DeviceProfile []
[2020.10.22-19.24.35:047][  0]LogConfig: Applying CVar settings from Section [ViewDistanceQuality@0] File [C:/Users/salles/Desktop/AiaiEsseTCC/Tentativa4/Saved/Config/Windows/Scalability.ini]
[2020.10.22-19.24.35:047][  0]LogConfig: Setting CVar [[r.SkeletalMeshLODBias:2]]
[2020.10.22-19.24.35:047][  0]LogConfig: Setting CVar [[r.ViewDistanceScale:0.4]]
[2020.10.22-19.24.35:047][  0]LogConfig: Applying CVar settings from Section [AntiAliasingQuality@0] File [C:/Users/salles/Desktop/AiaiEsseTCC/Tentativa4/Saved/Config/Windows/Scalability.ini]
[2020.10.22-19.24.35:047][  0]LogConfig: Setting CVar [[r.PostProcessAAQuality:0]]
[2020.10.22-19.24.35:047][  0]LogConfig: Applying CVar settings from Section [ShadowQuality@0] File [C:/Users/salles/Desktop/AiaiEsseTCC/Tentativa4/Saved/Config/Windows/Scalability.ini]
[2020.10.22-19.24.35:047][  0]LogConfig: Setting CVar [[r.LightFunctionQuality:0]]
[2020.10.22-19.24.35:047][  0]LogConfig: Setting CVar [[r.ShadowQuality:0]]
[2020.10.22-19.24.35:047][  0]LogConfig: Setting CVar [[r.Shadow.CSM.MaxCascades:1]]
[2020.10.22-19.24.35:047][  0]LogConfig: Setting CVar [[r.Shadow.MaxResolution:512]]
[2020.10.22-19.24.35:047][  0]LogConfig: Setting CVar [[r.Shadow.MaxCSMResolution:512]]
[2020.10.22-19.24.35:047][  0]LogConfig: Setting CVar [[r.Shadow.RadiusThreshold:0.06]]
[2020.10.22-19.24.35:047][  0]LogConfig: Setting CVar [[r.Shadow.DistanceScale:0.6]]
[2020.10.22-19.24.35:047][  0]LogConfig: Setting CVar [[r.Shadow.CSM.TransitionScale:0]]
[2020.10.22-19.24.35:047][  0]LogConfig: Setting CVar [[r.Shadow.PreShadowResolutionFactor:0.5]]
[2020.10.22-19.24.35:047][  0]LogConfig: Setting CVar [[r.DistanceFieldShadowing:0]]
[2020.10.22-19.24.35:047][  0]LogConfig: Setting CVar [[r.DistanceFieldAO:0]]
[2020.10.22-19.24.35:047][  0]LogConfig: Setting CVar [[r.VolumetricFog:0]]
[2020.10.22-19.24.35:047][  0]LogConfig: Setting CVar [[r.LightMaxDrawDistanceScale:0]]
[2020.10.22-19.24.35:047][  0]LogConfig: Setting CVar [[r.CapsuleShadows:0]]
[2020.10.22-19.24.35:047][  0]LogConfig: Applying CVar settings from Section [PostProcessQuality@0] File [C:/Users/salles/Desktop/AiaiEsseTCC/Tentativa4/Saved/Config/Windows/Scalability.ini]
[2020.10.22-19.24.35:047][  0]LogConfig: Setting CVar [[r.MotionBlurQuality:0]]
[2020.10.22-19.24.35:047][  0]LogConfig: Setting CVar [[r.AmbientOcclusionMipLevelFactor:1.0]]
[2020.10.22-19.24.35:047][  0]LogConfig: Setting CVar [[r.AmbientOcclusionMaxQuality:0]]
[2020.10.22-19.24.35:047][  0]LogConfig: Setting CVar [[r.AmbientOcclusionLevels:0]]
[2020.10.22-19.24.35:047][  0]LogConfig: Setting CVar [[r.AmbientOcclusionRadiusScale:1.2]]
[2020.10.22-19.24.35:047][  0]LogConfig: Setting CVar [[r.DepthOfFieldQuality:0]]
[2020.10.22-19.24.35:047][  0]LogConfig: Setting CVar [[r.RenderTargetPoolMin:300]]
[2020.10.22-19.24.35:047][  0]LogConfig: Setting CVar [[r.LensFlareQuality:0]]
[2020.10.22-19.24.35:047][  0]LogConfig: Setting CVar [[r.SceneColorFringeQuality:0]]
[2020.10.22-19.24.35:047][  0]LogConfig: Setting CVar [[r.EyeAdaptationQuality:0]]
[2020.10.22-19.24.35:047][  0]LogConfig: Setting CVar [[r.BloomQuality:4]]
[2020.10.22-19.24.35:047][  0]LogConfig: Setting CVar [[r.FastBlurThreshold:0]]
[2020.10.22-19.24.35:047][  0]LogConfig: Setting CVar [[r.Upscale.Quality:1]]
[2020.10.22-19.24.35:047][  0]LogConfig: Setting CVar [[r.Tonemapper.GrainQuantization:0]]
[2020.10.22-19.24.35:047][  0]LogConfig: Setting CVar [[r.LightShaftQuality:0]]
[2020.10.22-19.24.35:048][  0]LogConfig: Setting CVar [[r.Filter.SizeScale:0.6]]
[2020.10.22-19.24.35:048][  0]LogConfig: Setting CVar [[r.Tonemapper.Quality:0]]
[2020.10.22-19.24.35:048][  0]LogConfig: Applying CVar settings from Section [TextureQuality@0] File [C:/Users/salles/Desktop/AiaiEsseTCC/Tentativa4/Saved/Config/Windows/Scalability.ini]
[2020.10.22-19.24.35:048][  0]LogConfig: Setting CVar [[r.Streaming.MipBias:16]]
[2020.10.22-19.24.35:048][  0]LogConfig: Setting CVar [[r.Streaming.AmortizeCPUToGPUCopy:1]]
[2020.10.22-19.24.35:048][  0]LogConfig: Setting CVar [[r.Streaming.MaxNumTexturesToStreamPerFrame:1]]
[2020.10.22-19.24.35:048][  0]LogConfig: Setting CVar [[r.Streaming.Boost:0.3]]
[2020.10.22-19.24.35:048][  0]LogConfig: Setting CVar [[r.MaxAnisotropy:0]]
[2020.10.22-19.24.35:048][  0]LogConfig: Setting CVar [[r.Streaming.LimitPoolSizeToVRAM:1]]
[2020.10.22-19.24.35:048][  0]LogConfig: Setting CVar [[r.Streaming.PoolSize:400]]
[2020.10.22-19.24.35:048][  0]LogConfig: Setting CVar [[r.Streaming.MaxEffectiveScreenSize:0]]
[2020.10.22-19.24.35:048][  0]LogConfig: Applying CVar settings from Section [EffectsQuality@0] File [C:/Users/salles/Desktop/AiaiEsseTCC/Tentativa4/Saved/Config/Windows/Scalability.ini]
[2020.10.22-19.24.35:048][  0]LogConfig: Setting CVar [[r.TranslucencyLightingVolumeDim:24]]
[2020.10.22-19.24.35:048][  0]LogConfig: Setting CVar [[r.RefractionQuality:0]]
[2020.10.22-19.24.35:048][  0]LogConfig: Setting CVar [[r.SSR.Quality:0]]
[2020.10.22-19.24.35:048][  0]LogConfig: Setting CVar [[r.SceneColorFormat:3]]
[2020.10.22-19.24.35:048][  0]LogConfig: Setting CVar [[r.DetailMode:0]]
[2020.10.22-19.24.35:048][  0]LogConfig: Setting CVar [[r.TranslucencyVolumeBlur:0]]
[2020.10.22-19.24.35:048][  0]LogConfig: Setting CVar [[r.MaterialQualityLevel:0 ; Low quality]]
[2020.10.22-19.24.35:048][  0]LogConfig: Setting CVar [[r.SSS.Scale:0]]
[2020.10.22-19.24.35:048][  0]LogConfig: Setting CVar [[r.SSS.SampleSet:0]]
[2020.10.22-19.24.35:048][  0]LogConfig: Setting CVar [[r.SSS.Quality:0]]
[2020.10.22-19.24.35:048][  0]LogConfig: Setting CVar [[r.SSS.HalfRes:1]]
[2020.10.22-19.24.35:048][  0]LogConfig: Setting CVar [[r.EmitterSpawnRateScale:0.125]]
[2020.10.22-19.24.35:048][  0]LogConfig: Setting CVar [[r.ParticleLightQuality:0]]
[2020.10.22-19.24.35:048][  0]LogConfig: Applying CVar settings from Section [FoliageQuality@0] File [C:/Users/salles/Desktop/AiaiEsseTCC/Tentativa4/Saved/Config/Windows/Scalability.ini]
[2020.10.22-19.24.35:048][  0]LogConfig: Setting CVar [[foliage.DensityScale:0]]
[2020.10.22-19.24.35:048][  0]LogConfig: Setting CVar [[grass.DensityScale:0]]
[2020.10.22-19.24.35:048][  0]LogConfig: Applying CVar settings from Section [Startup] File [../../../Engine/Config/ConsoleVariables.ini]
[2020.10.22-19.24.35:048][  0]LogConfig: Setting CVar [[net.UseAdaptiveNetUpdateFrequency:0]]
[2020.10.22-19.24.35:049][  0]LogConfig: Setting CVar [[p.chaos.AllowCreatePhysxBodies:1]]
[2020.10.22-19.24.35:049][  0]LogConfig: Applying CVar settings from Section [ConsoleVariables] File [C:/Users/salles/Desktop/AiaiEsseTCC/Tentativa4/Saved/Config/Windows/Engine.ini]
[2020.10.22-19.24.35:049][  0]LogInit: Computer: DESKTOP-AM7GMFQ
[2020.10.22-19.24.35:049][  0]LogInit: User: salles
[2020.10.22-19.24.35:049][  0]LogInit: CPU Page size=4096, Cores=4
[2020.10.22-19.24.35:049][  0]LogInit: High frequency timer resolution =10.000000 MHz
[2020.10.22-19.24.35:050][  0]LogMemory: Memory total: Physical=11.9GB (12GB approx)
[2020.10.22-19.24.35:050][  0]LogMemory: Platform Memory Stats for Windows
[2020.10.22-19.24.35:050][  0]LogMemory: Process Physical Memory: 102.39 MB used, 102.40 MB peak
[2020.10.22-19.24.35:050][  0]LogMemory: Process Virtual Memory: 98.75 MB used, 98.75 MB peak
[2020.10.22-19.24.35:050][  0]LogMemory: Physical Memory: 6892.34 MB used,  5268.05 MB free, 12160.38 MB total
[2020.10.22-19.24.35:050][  0]LogMemory: Virtual Memory: 4668.70 MB used,  134213056.00 MB free, 134217728.00 MB total
[2020.10.22-19.24.35:054][  0]LogWindows: WindowsPlatformFeatures enabled
[2020.10.22-19.24.35:071][  0]LogInit: Overriding language with editor language configuration option (en).
[2020.10.22-19.24.35:071][  0]LogInit: Overriding locale with editor locale configuration option (en).
[2020.10.22-19.24.35:316][  0]LogInit: Setting process to per monitor DPI aware
[2020.10.22-19.24.35:358][  0]LogSlate: New Slate User Created.  User Index 0, Is Virtual User: 0
[2020.10.22-19.24.35:358][  0]LogSlate: Slate User Registered.  User Index 0, Is Virtual User: 0
[2020.10.22-19.24.35:557][  0]LogHMD: Failed to initialize OpenVR with code 110
[2020.10.22-19.24.35:557][  0]LogD3D11RHI: D3D11 adapters:
[2020.10.22-19.24.35:629][  0]LogD3D11RHI:    0. 'Intel(R) HD Graphics 530' (Feature Level 11_0)
[2020.10.22-19.24.35:629][  0]LogD3D11RHI:       128/0/6080 MB DedicatedVideo/DedicatedSystem/SharedSystem, Outputs:2, VendorId:0x8086
[2020.10.22-19.24.35:632][  0]LogD3D11RHI:    1. 'Microsoft Basic Render Driver' (Feature Level 11_0)
[2020.10.22-19.24.35:632][  0]LogD3D11RHI:       0/0/6080 MB DedicatedVideo/DedicatedSystem/SharedSystem, Outputs:0, VendorId:0x1414
[2020.10.22-19.24.35:632][  0]LogD3D11RHI: Chosen D3D11 Adapter: 0
[2020.10.22-19.24.35:641][  0]LogD3D11RHI: Creating new Direct3DDevice
[2020.10.22-19.24.35:641][  0]LogD3D11RHI:     GPU DeviceId: 0x1912 (for the marketing name, search the web for "GPU Device Id")
[2020.10.22-19.24.35:641][  0]LogWindows: EnumDisplayDevices:
[2020.10.22-19.24.35:642][  0]LogWindows:    0. 'Intel(R) HD Graphics 530' (P:1 D:1)
[2020.10.22-19.24.35:642][  0]LogWindows:    1. 'Intel(R) HD Graphics 530' (P:0 D:1)
[2020.10.22-19.24.35:643][  0]LogWindows:    2. 'Intel(R) HD Graphics 530' (P:0 D:0)
[2020.10.22-19.24.35:643][  0]LogWindows: DebugString: FoundDriverCount:3 
[2020.10.22-19.24.35:643][  0]LogD3D11RHI:     Adapter Name: Intel(R) HD Graphics 530
[2020.10.22-19.24.35:643][  0]LogD3D11RHI:   Driver Version: 26.20.100.7528 (internal:26.20.100.7528, unified:26.20.100.7528)
[2020.10.22-19.24.35:643][  0]LogD3D11RHI:      Driver Date: 11-13-2019
[2020.10.22-19.24.35:643][  0]LogRHI: Texture pool is 1523 MB (70% of 2176 MB)
[2020.10.22-19.24.35:713][  0]LogD3D11RHI: [IntelMetricsDiscovery] Started
[2020.10.22-19.24.35:713][  0]LogD3D11RHI: Async texture creation enabled
[2020.10.22-19.24.35:727][  0]LogD3D11RHI: GPU Timing Frequency: 12.000048 (Debug: 2 0)
[2020.10.22-19.24.36:112][  0]LogTemp: Display: Module 'AllDesktopTargetPlatform' loaded TargetPlatform 'AllDesktop'
[2020.10.22-19.24.36:123][  0]LogTemp: Display: Module 'MacClientTargetPlatform' loaded TargetPlatform 'MacClient'
[2020.10.22-19.24.36:130][  0]LogTemp: Display: Module 'MacNoEditorTargetPlatform' loaded TargetPlatform 'MacNoEditor'
[2020.10.22-19.24.36:138][  0]LogTemp: Display: Module 'MacServerTargetPlatform' loaded TargetPlatform 'MacServer'
[2020.10.22-19.24.36:147][  0]LogTemp: Display: Module 'MacTargetPlatform' loaded TargetPlatform 'Mac'
[2020.10.22-19.24.36:159][  0]LogTemp: Display: Module 'WindowsClientTargetPlatform' loaded TargetPlatform 'WindowsClient'
[2020.10.22-19.24.36:167][  0]LogTemp: Display: Module 'WindowsNoEditorTargetPlatform' loaded TargetPlatform 'WindowsNoEditor'
[2020.10.22-19.24.36:176][  0]LogTemp: Display: Module 'WindowsServerTargetPlatform' loaded TargetPlatform 'WindowsServer'
[2020.10.22-19.24.36:183][  0]LogTemp: Display: Module 'WindowsTargetPlatform' loaded TargetPlatform 'Windows'
[2020.10.22-19.24.36:228][  0]LogTemp: Display: Module 'AndroidTargetPlatform' loaded TargetPlatform 'Android'
[2020.10.22-19.24.36:228][  0]LogTemp: Display: Module 'AndroidTargetPlatform' loaded TargetPlatform 'Android_ASTC'
[2020.10.22-19.24.36:228][  0]LogTemp: Display: Module 'AndroidTargetPlatform' loaded TargetPlatform 'Android_ATC'
[2020.10.22-19.24.36:228][  0]LogTemp: Display: Module 'AndroidTargetPlatform' loaded TargetPlatform 'Android_DXT'
[2020.10.22-19.24.36:228][  0]LogTemp: Display: Module 'AndroidTargetPlatform' loaded TargetPlatform 'Android_ETC1'
[2020.10.22-19.24.36:228][  0]LogTemp: Display: Module 'AndroidTargetPlatform' loaded TargetPlatform 'Android_ETC1a'
[2020.10.22-19.24.36:228][  0]LogTemp: Display: Module 'AndroidTargetPlatform' loaded TargetPlatform 'Android_ETC2'
[2020.10.22-19.24.36:228][  0]LogTemp: Display: Module 'AndroidTargetPlatform' loaded TargetPlatform 'Android_PVRTC'
[2020.10.22-19.24.36:228][  0]LogTemp: Display: Module 'AndroidTargetPlatform' loaded TargetPlatform 'AndroidClient'
[2020.10.22-19.24.36:228][  0]LogTemp: Display: Module 'AndroidTargetPlatform' loaded TargetPlatform 'Android_ASTCClient'
[2020.10.22-19.24.36:228][  0]LogTemp: Display: Module 'AndroidTargetPlatform' loaded TargetPlatform 'Android_ATCClient'
[2020.10.22-19.24.36:228][  0]LogTemp: Display: Module 'AndroidTargetPlatform' loaded TargetPlatform 'Android_DXTClient'
[2020.10.22-19.24.36:228][  0]LogTemp: Display: Module 'AndroidTargetPlatform' loaded TargetPlatform 'Android_ETC1Client'
[2020.10.22-19.24.36:228][  0]LogTemp: Display: Module 'AndroidTargetPlatform' loaded TargetPlatform 'Android_ETC1aClient'
[2020.10.22-19.24.36:229][  0]LogTemp: Display: Module 'AndroidTargetPlatform' loaded TargetPlatform 'Android_ETC2Client'
[2020.10.22-19.24.36:229][  0]LogTemp: Display: Module 'AndroidTargetPlatform' loaded TargetPlatform 'Android_PVRTCClient'
[2020.10.22-19.24.36:229][  0]LogTemp: Display: Module 'AndroidTargetPlatform' loaded TargetPlatform 'Android_Multi'
[2020.10.22-19.24.36:229][  0]LogTemp: Display: Module 'AndroidTargetPlatform' loaded TargetPlatform 'Android_MultiClient'
[2020.10.22-19.24.36:230][  0]LogTemp: Display: Module 'HTML5TargetPlatform' loaded TargetPlatform 'HTML5'
[2020.10.22-19.24.36:247][  0]LogTemp: Display: Module 'IOSTargetPlatform' loaded TargetPlatform 'IOSClient'
[2020.10.22-19.24.36:247][  0]LogTemp: Display: Module 'IOSTargetPlatform' loaded TargetPlatform 'IOS'
[2020.10.22-19.24.36:263][  0]LogTemp: Display: Module 'TVOSTargetPlatform' loaded TargetPlatform 'TVOSClient'
[2020.10.22-19.24.36:263][  0]LogTemp: Display: Module 'TVOSTargetPlatform' loaded TargetPlatform 'TVOS'
[2020.10.22-19.24.36:270][  0]LogTemp: Display: Module 'LinuxClientTargetPlatform' loaded TargetPlatform 'LinuxClient'
[2020.10.22-19.24.36:277][  0]LogTemp: Display: Module 'LinuxNoEditorTargetPlatform' loaded TargetPlatform 'LinuxNoEditor'
[2020.10.22-19.24.36:289][  0]LogTemp: Display: Module 'LinuxServerTargetPlatform' loaded TargetPlatform 'LinuxServer'
[2020.10.22-19.24.36:296][  0]LogTemp: Display: Module 'LinuxTargetPlatform' loaded TargetPlatform 'Linux'
[2020.10.22-19.24.36:323][  0]LogTemp: Display: Module 'LuminTargetPlatform' loaded TargetPlatform 'Lumin'
[2020.10.22-19.24.36:323][  0]LogTemp: Display: Module 'LuminTargetPlatform' loaded TargetPlatform 'LuminClient'
[2020.10.22-19.24.36:323][  0]LogTargetPlatformManager: Display: Building Assets For Windows
[2020.10.22-19.24.36:329][  0]LogAudioDebug: Display: Lib vorbis DLL was dynamically loaded.
[2020.10.22-19.24.36:371][  0]LogShaderCompilers: Guid format shader working directory is 0 characters bigger than the processId version (C:/Users/salles/Desktop/AiaiEsseTCC/Tentativa4/Intermediate/Shaders/WorkingDirectory/14412/).
[2020.10.22-19.24.36:372][  0]LogShaderCompilers: Cleaned the shader compiler working directory 'C:/Users/salles/AppData/Local/Temp/UnrealShaderWorkingDir/FC122B3A44935FEA711AF4B93F74BD48/'.
[2020.10.22-19.24.36:373][  0]LogXGEController: Cannot use XGE Controller as Incredibuild is not installed on this machine.
[2020.10.22-19.24.36:373][  0]LogShaderCompilers: Cannot use XGE Shader Compiler as Incredibuild is not installed on this machine.
[2020.10.22-19.24.36:373][  0]LogShaderCompilers: Display: Using Local Shader Compiler.
[2020.10.22-19.24.37:021][  0]LogDerivedDataCache: Display: Max Cache Size: 512 MB
[2020.10.22-19.24.37:090][  0]LogDerivedDataCache: Loaded boot cache 0.07s 73MB C:/Users/salles/AppData/Local/UnrealEngine/4.23/DerivedDataCache/Boot.ddc.
[2020.10.22-19.24.37:090][  0]LogDerivedDataCache: Display: Loaded Boot cache: C:/Users/salles/AppData/Local/UnrealEngine/4.23/DerivedDataCache/Boot.ddc
[2020.10.22-19.24.37:090][  0]LogDerivedDataCache: FDerivedDataBackendGraph:  Pak pak cache file C:/Users/salles/Desktop/AiaiEsseTCC/Tentativa4/DerivedDataCache/DDC.ddp not found, will not use a pak cache.
[2020.10.22-19.24.37:090][  0]LogDerivedDataCache: Unable to find inner node Pak for hierarchical cache Hierarchy.
[2020.10.22-19.24.37:091][  0]LogDerivedDataCache: FDerivedDataBackendGraph:  CompressedPak pak cache file C:/Users/salles/Desktop/AiaiEsseTCC/Tentativa4/DerivedDataCache/Compressed.ddp not found, will not use a pak cache.
[2020.10.22-19.24.37:091][  0]LogDerivedDataCache: Unable to find inner node CompressedPak for hierarchical cache Hierarchy.
[2020.10.22-19.24.37:101][  0]LogDerivedDataCache: Display: Pak cache opened for reading ../../../Engine/DerivedDataCache/Compressed.ddp.
[2020.10.22-19.24.37:101][  0]LogDerivedDataCache: FDerivedDataBackendGraph:  EnterprisePak pak cache file ../../../Enterprise/DerivedDataCache/Compressed.ddp not found, will not use a pak cache.
[2020.10.22-19.24.37:101][  0]LogDerivedDataCache: Unable to find inner node EnterprisePak for hierarchical cache Hierarchy.
[2020.10.22-19.24.37:103][  0]LogDerivedDataCache: Using Local data cache path C:/Users/salles/AppData/Local/UnrealEngine/Common/DerivedDataCache: Writable
[2020.10.22-19.24.37:103][  0]LogDerivedDataCache: Shared data cache path not found in *engine.ini, will not use an Shared cache.
[2020.10.22-19.24.37:103][  0]LogDerivedDataCache: Unable to find inner node Shared for hierarchical cache Hierarchy.
[2020.10.22-19.24.37:128][  0]LogMaterial: Verifying Global Shaders for PCD3D_SM5
[2020.10.22-19.24.37:130][  0]LogSlate: Using FreeType 2.6.0
[2020.10.22-19.24.37:131][  0]LogSlate: SlateFontServices - WITH_FREETYPE: 1, WITH_HARFBUZZ: 1
[2020.10.22-19.24.37:185][  0]LogAssetRegistry: FAssetRegistry took 0.0047 seconds to start up
[2020.10.22-19.24.37:572][  0]LogInit: Selected Device Profile: [Windows]
[2020.10.22-19.24.37:717][  0]LogMeshReduction: Using QuadricMeshReduction for automatic static mesh reduction
[2020.10.22-19.24.37:717][  0]LogMeshReduction: Using SimplygonMeshReduction for automatic skeletal mesh reduction
[2020.10.22-19.24.37:717][  0]LogMeshReduction: Using ProxyLODMeshReduction for automatic mesh merging
[2020.10.22-19.24.37:718][  0]LogMeshReduction: No distributed automatic mesh merging module available
[2020.10.22-19.24.37:718][  0]LogMeshMerging: No distributed automatic mesh merging module available
[2020.10.22-19.24.37:731][  0]LogNetVersion: Tentativa4 1.0.0, NetCL: 8386587, EngineNetVer: 11, GameNetVer: 0 (Checksum: 811232057)
[2020.10.22-19.24.38:197][  0]LogPackageLocalizationCache: Processed 12 localized package path(s) for 1 prioritized culture(s) in 0.079015 seconds
[2020.10.22-19.24.38:205][  0]LogUObjectArray: 43444 objects as part of root set at end of initial load.
[2020.10.22-19.24.38:205][  0]LogUObjectAllocator: 7548648 out of 0 bytes used by permanent object pool.
[2020.10.22-19.24.38:205][  0]LogUObjectArray: CloseDisregardForGC: 0/0 objects in disregard for GC pool
[2020.10.22-19.24.39:098][  0]LogTcpMessaging: Initializing TcpMessaging bridge
[2020.10.22-19.24.39:101][  0]LogUdpMessaging: Initializing bridge on interface 0.0.0.0:0 to multicast group 230.0.0.1:6666.
[2020.10.22-19.24.39:161][  0]SourceControl: Source control is disabled
[2020.10.22-19.24.39:161][  0]SourceControl: Source control is disabled
[2020.10.22-19.24.39:162][  0]SourceControl: Source control is disabled
[2020.10.22-19.24.39:163][  0]SourceControl: Source control is disabled
[2020.10.22-19.24.39:267][  0]LogAndroidPermission: UAndroidPermissionCallbackProxy::GetInstance
[2020.10.22-19.24.39:365][  0]LogOcInput: OculusInput pre-init called
[2020.10.22-19.24.39:370][  0]LogWindows: Failed to load 'OVRPlugin.dll' (GetLastError=126)
[2020.10.22-19.24.39:370][  0]LogWindows: File 'OVRPlugin.dll' does not exist
[2020.10.22-19.24.39:437][  0]LogEngine: Initializing Engine...
[2020.10.22-19.24.39:437][  0]LogHMD: Failed to initialize OpenVR with code 110
[2020.10.22-19.24.39:438][  0]LogStats: UGameplayTagsManager::InitializeManager -  0.000 s
[2020.10.22-19.24.39:694][  0]LogInit: Initializing FReadOnlyCVARCache
[2020.10.22-19.24.39:711][  0]LogAIModule: Creating AISystem for world Untitled
[2020.10.22-19.24.39:758][  0]LogInit: XAudio2 using 'Alto-falantes (3- Logitech G533 Gaming Headset)' : 6 channels at 48 kHz using 16 bits per sample (channel mask 0x3f)
[2020.10.22-19.24.39:779][  0]LogInit: FAudioDevice initialized.
[2020.10.22-19.24.39:780][  0]LogNetVersion: Set ProjectVersion to 1.0.0.0. Version Checksum will be recalculated on next use.
[2020.10.22-19.24.39:873][  0]LogDerivedDataCache: Saved boot cache 0.09s 73MB C:/Users/salles/AppData/Local/UnrealEngine/4.23/DerivedDataCache/Boot.ddc.
[2020.10.22-19.24.39:880][  0]LogInit: Texture streaming: Enabled
[2020.10.22-19.24.39:900][  0]LogEngineSessionManager: EngineSessionManager initialized
[2020.10.22-19.24.39:900][  0]LogEditorSessionSummary: Verbose: Initializing EditorSessionSummaryWriter for editor session tracking
[2020.10.22-19.24.39:902][  0]LogEditorSessionSummary: EditorSessionSummaryWriter initialized
[2020.10.22-19.24.39:968][  0]LogInit: Transaction tracking system initialized
[2020.10.22-19.24.39:992][  0]BlueprintLog: New page: Editor Load
[2020.10.22-19.24.40:048][  0]LocalizationService: Localization service is disabled
[2020.10.22-19.24.40:449][  0]LogCook: Display: Max memory allowance for cook 16384mb min free memory 0mb
[2020.10.22-19.24.40:449][  0]LogCook: Display: Mobile HDR setting 1
[2020.10.22-19.24.40:638][  0]LogFileCache: Scanning file cache for directory 'C:/Users/salles/Desktop/AiaiEsseTCC/Tentativa4/Content/' took 0.01s
[2020.10.22-19.24.40:638][  0]SourceControl: Source control is disabled
[2020.10.22-19.24.40:638][  0]Cmd: MAP LOAD FILE="C:/Users/salles/Desktop/AiaiEsseTCC/Tentativa4/Content/MyContent/Maps/Station.umap" TEMPLATE=0 SHOWPROGRESS=1 FEATURELEVEL=3
[2020.10.22-19.24.40:639][  0]LightingResults: New page: Lighting Build
[2020.10.22-19.24.40:640][  0]LogWorld: UWorld::CleanupWorld for Untitled, bSessionEnded=true, bCleanupResources=true
[2020.10.22-19.24.40:640][  0]MapCheck: New page: Map Check
[2020.10.22-19.24.40:641][  0]LightingResults: New page: Lighting Build
[2020.10.22-19.24.40:663][  0]LogUObjectHash: Compacting FUObjectHashTables data took   1.43ms
[2020.10.22-19.24.42:262][  0]LogAIModule: Creating AISystem for world Station
[2020.10.22-19.24.42:290][  0]LogEditorServer: Finished looking for orphan Actors (0.000 secs)
[2020.10.22-19.24.42:383][  0]LogUObjectHash: Compacting FUObjectHashTables data took   3.74ms
[2020.10.22-19.24.42:383][  0]Cmd: MAP CHECKDEP NOCLEARLOG
[2020.10.22-19.24.42:384][  0]MapCheck: Map check complete: 0 Error(s), 0 Warning(s), took 0.372ms to complete.
[2020.10.22-19.24.42:384][  0]LogFileHelpers: Loading map 'Station' took 1.746
[2020.10.22-19.24.42:553][  0]LogSlate: Updating window title bar state: overlay mode, drag disabled, window buttons hidden, title bar hidden
[2020.10.22-19.24.42:561][  0]LogSlate: Updating window title bar state: overlay mode, drag disabled, window buttons hidden, title bar hidden
[2020.10.22-19.24.42:568][  0]LogSlate: Updating window title bar state: overlay mode, drag disabled, window buttons hidden, title bar hidden
[2020.10.22-19.24.42:575][  0]LogSlate: Updating window title bar state: overlay mode, drag disabled, window buttons hidden, title bar hidden
[2020.10.22-19.24.42:581][  0]LogCollectionManager: Loaded 0 collections in 0.001996 seconds
[2020.10.22-19.24.42:596][  0]LogFileCache: Scanning file cache for directory 'C:/Users/salles/Desktop/AiaiEsseTCC/Tentativa4/Saved/Collections/' took 0.00s
[2020.10.22-19.24.42:596][  0]LogFileCache: Scanning file cache for directory 'C:/Users/salles/Desktop/AiaiEsseTCC/Tentativa4/Content/Developers/salles/Collections/' took 0.00s
[2020.10.22-19.24.42:596][  0]LogFileCache: Scanning file cache for directory 'C:/Users/salles/Desktop/AiaiEsseTCC/Tentativa4/Content/Collections/' took 0.00s
[2020.10.22-19.24.42:596][  0]LogCollectionManager: Rebuilt the GUID cache for 0 collections in 0.000002 seconds
[2020.10.22-19.24.42:604][  0]LogContentBrowser: Native class hierarchy populated in 0.0078 seconds. Added 2863 classes and 680 folders.
[2020.10.22-19.24.42:626][  0]LogContentBrowser: Native class hierarchy updated for 'WidgetCarousel' in 0.0003 seconds. Added 0 classes and 0 folders.
[2020.10.22-19.24.43:050][  0]LogContentBrowser: Native class hierarchy updated for 'AddContentDialog' in 0.0003 seconds. Added 0 classes and 0 folders.
[2020.10.22-19.24.43:079][  0]LogContentBrowser: Native class hierarchy updated for 'SceneOutliner' in 0.0003 seconds. Added 1 classes and 2 folders.
[2020.10.22-19.24.43:096][  0]LogSlate: Took 0.000118 seconds to synchronously load lazily loaded font '../../../Engine/Content/Slate/Fonts/Roboto-Regular.ttf' (155K)
[2020.10.22-19.24.43:097][  0]LogSlate: Took 0.000089 seconds to synchronously load lazily loaded font '../../../Engine/Content/Slate/Fonts/Roboto-Bold.ttf' (160K)
[2020.10.22-19.24.43:109][  0]LogSlate: Took 0.007041 seconds to synchronously load lazily loaded font '../../../Engine/Content/Editor/Slate/Fonts/FontAwesome.ttf' (139K)
[2020.10.22-19.24.43:198][  0]LogRenderer: Reallocating scene render targets to support 1260x572 Format 9 NumSamples 1 (Frame:1).
[2020.10.22-19.24.43:422][  0]LogContentBrowser: Native class hierarchy updated for 'HierarchicalLODOutliner' in 0.0003 seconds. Added 0 classes and 0 folders.
[2020.10.22-19.24.43:422][  0]LogLoad: (Engine Initialization) Total time: 9.41 seconds
[2020.10.22-19.24.43:422][  0]LogLoad: (Engine Initialization) Total Blueprint compile time: 0.00 seconds
[2020.10.22-19.24.43:478][  0]LogContentStreaming: Texture pool size now 400 MB
[2020.10.22-19.24.43:852][  4]LogAssetRegistry: Asset discovery search completed in 6.6689 seconds
[2020.10.22-19.24.43:855][  4]LogCollectionManager: Rebuilt the object cache for 0 collections in 0.000014 seconds (found 0 objects)
[2020.10.22-19.24.43:856][  4]LogCollectionManager: Fixed up redirectors for 0 collections in 0.000176 seconds (updated 0 objects)
[2020.10.22-19.24.44:477][ 58]LogSlate: Took 0.011024 seconds to synchronously load lazily loaded font '../../../Engine/Content/Slate/Fonts/Roboto-Light.ttf' (167K)
[2020.10.22-19.24.44:479][ 58]LogSlate: FSceneViewport::OnFocusLost() reason 5
[2020.10.22-19.24.44:485][ 58]LogAssetEditorManager: Opening Asset editor for Blueprint /Game/TopDownBP/Blueprints/TopDownCharacter.TopDownCharacter
[2020.10.22-19.24.44:742][ 58]LogContentBrowser: Native class hierarchy updated for 'BlueprintGraph' in 0.0008 seconds. Added 121 classes and 0 folders.
[2020.10.22-19.24.45:645][ 58]LogAssetEditorManager: Opening Asset editor for Blueprint /Game/TopDownBP/Character/MyGameInstance.MyGameInstance
[2020.10.22-19.24.45:988][ 58]LogAssetEditorManager: Opening Asset editor for BlackboardData /Game/MyContent/FriendlyNPC/DialogueTree/DialogueBB.DialogueBB
[2020.10.22-19.24.46:215][ 58]LogAssetEditorManager: Opening Asset editor for BehaviorTree /Game/MyContent/FriendlyNPC/DialogueTree/DialogueTree.DialogueTree
[2020.10.22-19.24.46:295][ 58]LogAssetEditorManager: Opening Asset editor for Blueprint /Game/MyContent/FriendlyNPC/DialogueTree/Function/AskQuestion.AskQuestion
[2020.10.22-19.24.46:647][ 58]LogAssetEditorManager: Opening Asset editor for Blueprint /Game/MyContent/FriendlyNPC/DialogueTree/Function/StartDialogue.StartDialogue
[2020.10.22-19.24.47:073][ 58]LogSlate: Took 0.017348 seconds to synchronously load lazily loaded font '../../../Engine/Content/Slate/Fonts/Roboto-BoldCondensed.ttf' (158K)
[2020.10.22-19.24.49:823][240]LogSlate: Took 0.000113 seconds to synchronously load lazily loaded font '../../../Engine/Content/Slate/Fonts/Roboto-Light.ttf' (167K)
[2020.10.22-19.25.03:229][692]LogAIModule: Creating AISystem for world EstacaoAltoIpiranga
[2020.10.22-19.25.03:288][692]LogAssetEditorManager: Opening Asset editor for World /Game/MyContent/Maps/Estações/EstacaoAltoIpiranga.EstacaoAltoIpiranga
[2020.10.22-19.25.03:385][692]LogUObjectHash: Compacting FUObjectHashTables data took   4.36ms
[2020.10.22-19.25.03:414][692]Cmd: MAP LOAD FILE="C:/Users/salles/Desktop/AiaiEsseTCC/Tentativa4/Content/MyContent/Maps/Estações/EstacaoAltoIpiranga.umap" TEMPLATE=0 SHOWPROGRESS=1 FEATURELEVEL=3
[2020.10.22-19.25.03:414][692]LightingResults: New page: Lighting Build
[2020.10.22-19.25.03:415][692]LoadErrors: New page: Loading map: EstacaoAltoIpiranga.umap
[2020.10.22-19.25.03:463][692]LogWorld: UWorld::CleanupWorld for Station, bSessionEnded=true, bCleanupResources=true
[2020.10.22-19.25.03:464][692]MapCheck: New page: Map Check
[2020.10.22-19.25.03:464][692]LightingResults: New page: Lighting Build
[2020.10.22-19.25.03:501][692]LogUObjectHash: Compacting FUObjectHashTables data took   2.89ms
[2020.10.22-19.25.03:551][692]LogEditorServer: Finished looking for orphan Actors (0.000 secs)
[2020.10.22-19.25.03:592][692]LogUObjectHash: Compacting FUObjectHashTables data took   2.39ms
[2020.10.22-19.25.03:634][692]Cmd: MAP CHECKDEP NOCLEARLOG
[2020.10.22-19.25.03:634][692]MapCheck: Map check complete: 0 Error(s), 0 Warning(s), took 0.132ms to complete.
[2020.10.22-19.25.03:634][692]LogFileHelpers: Loading map 'EstacaoAltoIpiranga' took 0.248
[2020.10.22-19.25.20:711][183]LogEditorFactories: Performing atomic reimport of [E:/TCC 2020/_OBJS UV N ABERTA/Plataformas/Alto do ipiranga/Plataforma_CP_Alto_do_Ipiranga.fbx]
[2020.10.22-19.25.20:898][183]LogFbx: Loading FBX Scene from E:/TCC 2020/_OBJS UV N ABERTA/Plataformas/Alto do ipiranga/Plataforma_CP_Alto_do_Ipiranga.fbx
[2020.10.22-19.25.21:050][183]LogFbx: FBX Scene Loaded Succesfully
[2020.10.22-19.25.21:833][183]LogFbx: Display: Triangulating static mesh Plataforma_CP_Alto_do_ipiranga
[2020.10.22-19.25.22:227][183]LogStaticMesh: Building static mesh Plataforma_CP_Alto_do_Ipiranga...
[2020.10.22-19.25.23:220][183]LogStaticMesh: Built static mesh [1.01s] /Game/MyContent/Models/Assets/Models/Estacoes/EstacaoAltoIpiranga/Plataforma_CP_Alto_do_Ipiranga.Plataforma_CP_Alto_do_Ipiranga
[2020.10.22-19.25.24:437][183]LogSlate: Window 'Reimport Material Conflicts Resolution' being destroyed
[2020.10.22-19.25.24:453][183]LogEditorFactories: -- imported successfully
[2020.10.22-19.25.24:475][183]FBXImport: Warning: No smoothing group information was found in this FBX scene.  Please make sure to enable the 'Export Smoothing Groups' option in the FBX Exporter plug-in before exporting the file.  Even for tools that don't support smoothing groups, the FBX Exporter will generate appropriate smoothing data at export-time so that correct vertex normals can be inferred while importing. 
[2020.10.22-19.25.30:459][324]LogEditorViewport: Clicking on Actor (LMB): StaticMeshActor (Plataforma_Alto_do_Ipiranga)
[2020.10.22-19.25.33:880][325]LogEditorViewport: Clicking on Actor (LMB): StaticMeshActor (Plataforma_Alto_do_Ipiranga)
[2020.10.22-19.25.38:626][480]Cmd: DELETE
[2020.10.22-19.25.38:626][480]Cmd: ACTOR DELETE
[2020.10.22-19.25.39:395][480]LogEditorActor: Deleted Actor: StaticMeshActor
[2020.10.22-19.25.39:543][480]LogUObjectHash: Compacting FUObjectHashTables data took   3.46ms
[2020.10.22-19.25.39:544][480]LogEditorActor: Deleted 1 Actors (0.258 secs)
[2020.10.22-19.25.42:475][556]LogSlate: FSceneViewport::OnFocusLost() reason 0
[2020.10.22-19.25.42:817][557]LogActorFactory: Actor Factory created Plataforma_CP_Alto_do_Ipiranga
[2020.10.22-19.25.43:498][565]LogEditorSessionSummary: EditorSessionSummary sent report. Type=Shutdown, SessionId={C7D0A56C-4867-D278-131E-FBA9A0E7D317}
[2020.10.22-19.25.43:499][565]LogEditorSessionSummary: EditorSessionSummary sent report. Type=Shutdown, SessionId={E0AEC418-4031-E946-A621-FD9C610BA8A5}
[2020.10.22-19.25.44:448][596]LogActorFactory: Actor Factory created Plataforma_CP_Alto_do_Ipiranga
[2020.10.22-19.25.45:838][625]LogSlate: FSceneViewport::OnFocusLost() reason 0
[2020.10.22-19.25.51:375][787]Cmd: TRANSACTION UNDO
[2020.10.22-19.25.51:393][787]LogEditorTransaction: Undo Set Rotation
[2020.10.22-19.25.52:961][851]Cmd: TRANSACTION UNDO
[2020.10.22-19.25.52:961][851]LogEditorTransaction: Undo Set Rotation
[2020.10.22-19.26.12:629][449]LogEditorViewport: Clicking Background
[2020.10.22-19.26.15:616][559]LogEditorViewport: Clicking on Actor (LMB): StaticMeshActor (Plataforma_CP_Alto_do_Ipiranga)
[2020.10.22-19.26.44:778][486]LogEditorViewport: Clicking Background
[2020.10.22-19.26.57:145][923]LogEditorViewport: Clicking on Actor (LMB): StaticMeshActor (Plataforma_Alto_do_Ipiranga_Elevador2)
[2020.10.22-19.26.58:442][960]LogSlate: FSceneViewport::OnFocusLost() reason 5
[2020.10.22-19.26.58:603][960]LogUObjectHash: Compacting FUObjectHashTables data took   2.73ms
[2020.10.22-19.26.59:104][960]LogSavePackage: Moving 'C:/Users/salles/Desktop/AiaiEsseTCC/Tentativa4/Saved/EstacaoAltoIpiranga1D2D139F400ED764E5E79CA5C76E6389.tmp' to 'C:/Users/salles/Desktop/AiaiEsseTCC/Tentativa4/Content/MyContent/Maps/Estações/EstacaoAltoIpiranga.umap'
[2020.10.22-19.27.00:552][995]LogUObjectHash: Compacting FUObjectHashTables data took   2.61ms
[2020.10.22-19.27.01:489][995]LogSlate: Window 'Save Content' being destroyed
[2020.10.22-19.27.01:842][995]LogSavePackage: Moving 'C:/Users/salles/Desktop/AiaiEsseTCC/Tentativa4/Saved/Plataforma_CP_Alto_do_Ipiranga54BAEC0247B4F36EDDC5E5A149C0E1F2.tmp' to 'C:/Users/salles/Desktop/AiaiEsseTCC/Tentativa4/Content/MyContent/Models/Assets/Models/Estacoes/EstacaoAltoIpiranga/Plataforma_CP_Alto_do_Ipiranga.uasset'
[2020.10.22-19.27.02:895][ 25]LogUObjectHash: Compacting FUObjectHashTables data took   3.10ms
[2020.10.22-19.27.03:280][ 25]LogWorld: UWorld::CleanupWorld for World_0, bSessionEnded=true, bCleanupResources=true
[2020.10.22-19.27.03:863][ 25]LogWorld: UWorld::CleanupWorld for World_1, bSessionEnded=true, bCleanupResources=true
[2020.10.22-19.27.03:942][ 25]LogWorld: UWorld::CleanupWorld for World_2, bSessionEnded=true, bCleanupResources=true
[2020.10.22-19.27.03:990][ 25]LogWorld: UWorld::CleanupWorld for World_3, bSessionEnded=true, bCleanupResources=true
[2020.10.22-19.27.04:015][ 25]LogSlate: Window 'Tentativa4 - Unreal Editor' being destroyed
[2020.10.22-19.27.04:016][ 25]LogWindowsTextInputMethodSystem: Display: IME system now deactivated.
[2020.10.22-19.27.04:488][ 26]Cmd: QUIT_EDITOR
[2020.10.22-19.27.05:692][ 26]LogExit: Preparing to exit.
[2020.10.22-19.27.06:993][ 26]LogWorld: UWorld::CleanupWorld for World_5, bSessionEnded=true, bCleanupResources=true
[2020.10.22-19.27.07:000][ 26]LogWorld: UWorld::CleanupWorld for World_4, bSessionEnded=true, bCleanupResources=true
[2020.10.22-19.27.07:255][ 26]LogDemo: Cleaned up 0 splitscreen connections with owner deletion
[2020.10.22-19.27.07:758][ 26]LogWorld: UWorld::CleanupWorld for None, bSessionEnded=true, bCleanupResources=true
[2020.10.22-19.27.07:758][ 26]LogExit: Editor shut down
[2020.10.22-19.27.07:759][ 26]LogExit: Transaction tracking system shut down
[2020.10.22-19.27.10:982][ 26]LogExit: Object subsystem successfully closed.
[2020.10.22-19.27.11:326][ 26]LogShaderCompilers: Display: Shaders left to compile 0
[2020.10.22-19.27.13:482][ 26]LogModuleManager: Shutting down and abandoning module MeshBuilder (672)
[2020.10.22-19.27.13:482][ 26]LogModuleManager: Shutting down and abandoning module BlueprintGraph (670)
[2020.10.22-19.27.13:482][ 26]LogModuleManager: Shutting down and abandoning module HierarchicalLODOutliner (668)
[2020.10.22-19.27.13:482][ 26]LogModuleManager: Shutting down and abandoning module SceneOutliner (666)
[2020.10.22-19.27.13:482][ 26]LogModuleManager: Shutting down and abandoning module AddContentDialog (664)
[2020.10.22-19.27.13:531][ 26]LogModuleManager: Shutting down and abandoning module WidgetCarousel (663)
[2020.10.22-19.27.13:531][ 26]LogModuleManager: Shutting down and abandoning module EditorWidgets (660)
[2020.10.22-19.27.13:531][ 26]LogModuleManager: Shutting down and abandoning module CollectionManager (658)
[2020.10.22-19.27.13:544][ 26]LogModuleManager: Shutting down and abandoning module StatsViewer (656)
[2020.10.22-19.27.13:588][ 26]LogModuleManager: Shutting down and abandoning module VirtualTexturingEditor (654)
[2020.10.22-19.27.13:588][ 26]LogModuleManager: Shutting down and abandoning module FoliageEdit (652)
[2020.10.22-19.27.13:624][ 26]LogModuleManager: Shutting down and abandoning module LandscapeEditor (650)
[2020.10.22-19.27.13:674][ 26]LogModuleManager: Shutting down and abandoning module MeshPaintMode (648)
[2020.10.22-19.27.13:674][ 26]LogModuleManager: Shutting down and abandoning module SceneDepthPickerMode (646)
[2020.10.22-19.27.13:674][ 26]LogModuleManager: Shutting down and abandoning module ActorPickerMode (644)
[2020.10.22-19.27.13:674][ 26]LogModuleManager: Shutting down and abandoning module GeometryMode (642)
[2020.10.22-19.27.13:680][ 26]LogModuleManager: Shutting down and abandoning module TextureAlignMode (640)
[2020.10.22-19.27.13:680][ 26]LogModuleManager: Shutting down and abandoning module BspMode (638)
[2020.10.22-19.27.13:680][ 26]LogModuleManager: Shutting down and abandoning module PIEPreviewDeviceProfileSelector (636)
[2020.10.22-19.27.13:695][ 26]LogModuleManager: Shutting down and abandoning module SequenceRecorderSections (634)
[2020.10.22-19.27.13:719][ 26]LogModuleManager: Shutting down and abandoning module AutomationWorker (632)
[2020.10.22-19.27.13:719][ 26]LogModuleManager: Shutting down and abandoning module OculusMR (630)
[2020.10.22-19.27.13:719][ 26]LogModuleManager: Shutting down and abandoning module AudioCaptureEditor (628)
[2020.10.22-19.27.13:728][ 26]LogModuleManager: Shutting down and abandoning module MatineeToLevelSequence (626)
[2020.10.22-19.27.13:735][ 26]LogModuleManager: Shutting down and abandoning module LevelSequenceEditor (624)
[2020.10.22-19.27.13:828][ 26]LogModuleManager: Shutting down and abandoning module PlacementMode (623)
[2020.10.22-19.27.13:828][ 26]LogModuleManager: Shutting down and abandoning module MaterialEditor (622)
[2020.10.22-19.27.13:877][ 26]LogModuleManager: Shutting down and abandoning module ActorSequenceEditor (618)
[2020.10.22-19.27.13:907][ 26]LogModuleManager: Shutting down and abandoning module WmfMediaFactory (616)
[2020.10.22-19.27.13:907][ 26]LogModuleManager: Shutting down and abandoning module WmfMediaEditor (614)
[2020.10.22-19.27.13:907][ 26]LogModuleManager: Shutting down and abandoning module WebMMediaFactory (612)
[2020.10.22-19.27.13:907][ 26]LogModuleManager: Shutting down and abandoning module WebMMediaEditor (610)
[2020.10.22-19.27.13:907][ 26]LogModuleManager: Shutting down and abandoning module WebMMedia (608)
[2020.10.22-19.27.13:933][ 26]LogModuleManager: Shutting down and abandoning module MediaPlayerEditor (606)
[2020.10.22-19.27.13:944][ 26]LogModuleManager: Shutting down and abandoning module MediaCompositingEditor (604)
[2020.10.22-19.27.13:980][ 26]LogModuleManager: Shutting down and abandoning module SequenceRecorder (603)
[2020.10.22-19.27.13:980][ 26]LogModuleManager: Shutting down and abandoning module OpenExrWrapper (600)
[2020.10.22-19.27.13:980][ 26]LogModuleManager: Shutting down and abandoning module ImgMediaFactory (598)
[2020.10.22-19.27.13:980][ 26]LogModuleManager: Shutting down and abandoning module ImgMediaEditor (596)
[2020.10.22-19.27.13:980][ 26]LogModuleManager: Shutting down and abandoning module AvfMediaFactory (594)
[2020.10.22-19.27.13:980][ 26]LogModuleManager: Shutting down and abandoning module AvfMediaEditor (592)
[2020.10.22-19.27.13:980][ 26]LogModuleManager: Shutting down and abandoning module AndroidMediaFactory (590)
[2020.10.22-19.27.13:980][ 26]LogModuleManager: Shutting down and abandoning module AndroidMediaEditor (588)
[2020.10.22-19.27.13:980][ 26]LogModuleManager: Shutting down and abandoning module MagicLeapCameraPreviewFactory (586)
[2020.10.22-19.27.13:980][ 26]LogModuleManager: Shutting down and abandoning module MagicLeapMediaCodecFactory (584)
[2020.10.22-19.27.13:980][ 26]LogModuleManager: Shutting down and abandoning module MagicLeapMediaFactory (582)
[2020.10.22-19.27.13:980][ 26]LogModuleManager: Shutting down and abandoning module MagicLeapMediaEditor (580)
[2020.10.22-19.27.13:980][ 26]LogModuleManager: Shutting down and abandoning module CharacterAI (578)
[2020.10.22-19.27.13:980][ 26]LogModuleManager: Shutting down and abandoning module SmartSnapping (576)
[2020.10.22-19.27.13:980][ 26]LogModuleManager: Shutting down and abandoning module SessionServices (574)
[2020.10.22-19.27.13:980][ 26]LogModuleManager: Shutting down and abandoning module MeshPaint (572)
[2020.10.22-19.27.13:996][ 26]LogModuleManager: Shutting down and abandoning module ViewportSnapping (570)
[2020.10.22-19.27.13:996][ 26]LogModuleManager: Shutting down and abandoning module ViewportInteraction (568)
[2020.10.22-19.27.13:996][ 26]LogModuleManager: Shutting down and abandoning module ClothPainter (566)
[2020.10.22-19.27.14:043][ 26]LogModuleManager: Shutting down and abandoning module SkeletalMeshEditor (565)
[2020.10.22-19.27.14:082][ 26]LogModuleManager: Shutting down and abandoning module LogVisualizer (562)
[2020.10.22-19.27.14:141][ 26]LogModuleManager: Shutting down and abandoning module IntroTutorials (560)
[2020.10.22-19.27.14:141][ 26]LogModuleManager: Shutting down and abandoning module GameProjectGeneration (559)
[2020.10.22-19.27.14:177][ 26]LogModuleManager: Shutting down and abandoning module LuminPlatformEditor (556)
[2020.10.22-19.27.14:177][ 26]LogModuleManager: Shutting down and abandoning module IOSPlatformEditor (554)
[2020.10.22-19.27.14:351][ 26]LogModuleManager: Shutting down and abandoning module HTML5PlatformEditor (552)
[2020.10.22-19.27.14:351][ 26]LogModuleManager: Shutting down and abandoning module AndroidPlatformEditor (550)
[2020.10.22-19.27.14:351][ 26]LogModuleManager: Shutting down and abandoning module AndroidDeviceDetection (549)
[2020.10.22-19.27.15:182][ 26]LogModuleManager: Shutting down and abandoning module WindowsPlatformEditor (546)
[2020.10.22-19.27.15:183][ 26]LogModuleManager: Shutting down and abandoning module LuminRuntimeSettings (544)
[2020.10.22-19.27.15:183][ 26]LogModuleManager: Shutting down and abandoning module IOSRuntimeSettings (542)
[2020.10.22-19.27.15:183][ 26]LogModuleManager: Shutting down and abandoning module AndroidRuntimeSettings (540)
[2020.10.22-19.27.15:183][ 26]LogModuleManager: Shutting down and abandoning module TimeManagementEditor (538)
[2020.10.22-19.27.15:183][ 26]LogModuleManager: Shutting down and abandoning module InputBindingEditor (536)
[2020.10.22-19.27.15:197][ 26]LogModuleManager: Shutting down and abandoning module MergeActors (534)
[2020.10.22-19.27.15:208][ 26]LogModuleManager: Shutting down and abandoning module LocalizationDashboard (532)
[2020.10.22-19.27.15:235][ 26]LogModuleManager: Shutting down and abandoning module LocalizationService (531)
[2020.10.22-19.27.15:266][ 26]LogModuleManager: Shutting down and abandoning module HardwareTargeting (528)
[2020.10.22-19.27.15:266][ 26]LogModuleManager: Shutting down and abandoning module DeviceProfileEditor (526)
[2020.10.22-19.27.15:278][ 26]LogModuleManager: Shutting down and abandoning module UndoHistory (524)
[2020.10.22-19.27.15:285][ 26]LogModuleManager: Shutting down and abandoning module XmlParser (522)
[2020.10.22-19.27.15:322][ 26]LogModuleManager: Shutting down and abandoning module Blutility (520)
[2020.10.22-19.27.15:350][ 26]LogModuleManager: Shutting down and abandoning module ProjectSettingsViewer (518)
[2020.10.22-19.27.15:350][ 26]LogModuleManager: Shutting down and abandoning module ProjectTargetPlatformEditor (517)
[2020.10.22-19.27.15:351][ 26]LogModuleManager: Shutting down and abandoning module EditorSettingsViewer (514)
[2020.10.22-19.27.15:351][ 26]LogModuleManager: Shutting down and abandoning module SettingsEditor (512)
[2020.10.22-19.27.15:368][ 26]LogModuleManager: Shutting down and abandoning module ProjectLauncher (510)
[2020.10.22-19.27.15:378][ 26]LogModuleManager: Shutting down and abandoning module SessionFrontend (508)
[2020.10.22-19.27.15:405][ 26]LogModuleManager: Shutting down and abandoning module ProfilerClient (506)
[2020.10.22-19.27.15:415][ 26]LogModuleManager: Shutting down and abandoning module DeviceManager (504)
[2020.10.22-19.27.15:446][ 26]LogModuleManager: Shutting down and abandoning module TargetDeviceServices (503)
[2020.10.22-19.27.15:521][ 26]LogModuleManager: Shutting down and abandoning module AutomationController (500)
[2020.10.22-19.27.15:568][ 26]LogModuleManager: Shutting down and abandoning module AutomationWindow (498)
[2020.10.22-19.27.15:607][ 26]LogModuleManager: Shutting down and abandoning module Layers (496)
[2020.10.22-19.27.15:773][ 26]LogModuleManager: Shutting down and abandoning module ComponentVisualizers (494)
[2020.10.22-19.27.15:773][ 26]LogModuleManager: Shutting down and abandoning module DetailCustomizations (492)
[2020.10.22-19.27.15:773][ 26]LogModuleManager: Shutting down and abandoning module PackagesDialog (490)
[2020.10.22-19.27.15:773][ 26]LogModuleManager: Shutting down and abandoning module AnimationBlueprintEditor (488)
[2020.10.22-19.27.15:792][ 26]LogModuleManager: Shutting down and abandoning module Persona (486)
[2020.10.22-19.27.15:837][ 26]LogModuleManager: Shutting down and abandoning module AdvancedPreviewScene (485)
[2020.10.22-19.27.15:951][ 26]LogModuleManager: Shutting down and abandoning module AnimGraph (483)
[2020.10.22-19.27.15:951][ 26]LogModuleManager: Shutting down and abandoning module Kismet (480)
[2020.10.22-19.27.16:167][ 26]LogModuleManager: Shutting down and abandoning module KismetWidgets (479)
[2020.10.22-19.27.16:198][ 26]LogModuleManager: Shutting down and abandoning module GraphEditor (476)
[2020.10.22-19.27.16:199][ 26]LogModuleManager: Shutting down and abandoning module StructViewer (474)
[2020.10.22-19.27.16:199][ 26]LogModuleManager: Shutting down and abandoning module ClassViewer (472)
[2020.10.22-19.27.16:208][ 26]LogModuleManager: Shutting down and abandoning module Toolbox (470)
[2020.10.22-19.27.16:208][ 26]LogModuleManager: Shutting down and abandoning module ModuleUI (468)
[2020.10.22-19.27.16:216][ 26]LogModuleManager: Shutting down and abandoning module MovieSceneTools (466)
[2020.10.22-19.27.16:385][ 26]LogModuleManager: Shutting down and abandoning module OutputLog (464)
[2020.10.22-19.27.16:395][ 26]LogModuleManager: Shutting down and abandoning module GammaUI (462)
[2020.10.22-19.27.16:424][ 26]LogModuleManager: Shutting down and abandoning module Documentation (460)
[2020.10.22-19.27.16:424][ 26]LogModuleManager: Shutting down and abandoning module LiveCoding (458)
[2020.10.22-19.27.16:464][ 26]LogModuleManager: Shutting down and abandoning module LevelSequence (456)
[2020.10.22-19.27.16:482][ 26]LogModuleManager: Shutting down and abandoning module MovieSceneTracks (454)
[2020.10.22-19.27.16:482][ 26]LogModuleManager: Shutting down and abandoning module MovieScene (452)
[2020.10.22-19.27.16:492][ 26]LogModuleManager: Shutting down and abandoning module StreamingPauseRendering (450)
[2020.10.22-19.27.16:505][ 26]LogModuleManager: Shutting down and abandoning module LauncherPlatform (448)
[2020.10.22-19.27.16:505][ 26]LogModuleManager: Shutting down and abandoning module AnalyticsET (446)
[2020.10.22-19.27.16:505][ 26]LogModuleManager: Shutting down and abandoning module PortalServices (444)
[2020.10.22-19.27.16:505][ 26]LogModuleManager: Shutting down and abandoning module PortalRpc (442)
[2020.10.22-19.27.16:505][ 26]LogModuleManager: Shutting down and abandoning module MessagingRpc (440)
[2020.10.22-19.27.16:505][ 26]LogModuleManager: Shutting down and abandoning module AIModule (438)
[2020.10.22-19.27.16:533][ 26]LogModuleManager: Shutting down and abandoning module GameplayDebugger (437)
[2020.10.22-19.27.16:674][ 26]LogModuleManager: Shutting down and abandoning module AITestSuite (435)
[2020.10.22-19.27.16:703][ 26]LogModuleManager: Shutting down and abandoning module NavigationSystem (433)
[2020.10.22-19.27.16:703][ 26]LogModuleManager: Shutting down and abandoning module DesktopPlatform (430)
[2020.10.22-19.27.16:710][ 26]LogModuleManager: Shutting down and abandoning module ImageWriteQueue (428)
[2020.10.22-19.27.16:714][ 26]LogModuleManager: Shutting down and abandoning module ProfilerService (426)
[2020.10.22-19.27.16:970][ 26]LogModuleManager: Shutting down and abandoning module TaskGraph (424)
[2020.10.22-19.27.17:092][ 26]LogModuleManager: Shutting down and abandoning module ScreenshotTools (422)
[2020.10.22-19.27.17:092][ 26]LogModuleManager: Shutting down and abandoning module SteamVRController (420)
[2020.10.22-19.27.17:092][ 26]LogModuleManager: Shutting down and abandoning module ProceduralMeshComponentEditor (418)
[2020.10.22-19.27.17:092][ 26]LogModuleManager: Shutting down and abandoning module ProceduralMeshComponent (416)
[2020.10.22-19.27.17:106][ 26]LogModuleManager: Shutting down and abandoning module OculusEditor (414)
[2020.10.22-19.27.17:124][ 26]LogModuleManager: Shutting down and abandoning module OculusInput (412)
[2020.10.22-19.27.17:124][ 26]LogModuleManager: Shutting down and abandoning module MobilePatchingUtils (410)
[2020.10.22-19.27.17:124][ 26]LogModuleManager: Shutting down and abandoning module EditableMesh (408)
[2020.10.22-19.27.17:129][ 26]LogModuleManager: Shutting down and abandoning module CustomMeshComponent (406)
[2020.10.22-19.27.17:129][ 26]LogModuleManager: Shutting down and abandoning module CableComponent (404)
[2020.10.22-19.27.17:129][ 26]LogModuleManager: Shutting down and abandoning module AudioCapture (402)
[2020.10.22-19.27.17:129][ 26]LogModuleManager: Shutting down and abandoning module ArchVisCharacter (400)
[2020.10.22-19.27.17:129][ 26]LogModuleManager: Shutting down and abandoning module AppleImageUtilsBlueprintSupport (398)
[2020.10.22-19.27.17:129][ 26]LogModuleManager: Shutting down and abandoning module AppleImageUtils (396)
[2020.10.22-19.27.17:129][ 26]LogModuleManager: Shutting down and abandoning module AndroidPermission (394)
[2020.10.22-19.27.17:129][ 26]LogModuleManager: Shutting down and abandoning module NUTUnrealEngine4 (392)
[2020.10.22-19.27.17:157][ 26]LogModuleManager: Shutting down and abandoning module NetcodeUnitTest (390)
[2020.10.22-19.27.17:227][ 26]LogModuleManager: Shutting down and abandoning module MediaCompositing (388)
[2020.10.22-19.27.17:227][ 26]LogModuleManager: Shutting down and abandoning module ImgMedia (386)
[2020.10.22-19.27.17:247][ 26]LogModuleManager: Shutting down and abandoning module MagicLeapHelperVulkan (384)
[2020.10.22-19.27.17:247][ 26]LogModuleManager: Shutting down and abandoning module MagicLeapHelperOpenGL (382)
[2020.10.22-19.27.17:247][ 26]LogModuleManager: Shutting down and abandoning module MagicLeapAudio (380)
[2020.10.22-19.27.17:256][ 26]LogModuleManager: Shutting down and abandoning module HTML5Networking (378)
[2020.10.22-19.27.17:257][ 26]LogModuleManager: Shutting down and abandoning module GeometryCacheTracks (376)
[2020.10.22-19.27.17:257][ 26]LogModuleManager: Shutting down and abandoning module GeometryCacheSequencer (374)
[2020.10.22-19.27.17:257][ 26]LogModuleManager: Shutting down and abandoning module BackChannel (372)
[2020.10.22-19.27.17:262][ 26]LogModuleManager: Shutting down and abandoning module AutomationUtilsEditor (370)
[2020.10.22-19.27.17:262][ 26]LogModuleManager: Shutting down and abandoning module AutomationUtils (368)
[2020.10.22-19.27.17:296][ 26]LogModuleManager: Shutting down and abandoning module AlembicImporter (366)
[2020.10.22-19.27.17:301][ 26]LogModuleManager: Shutting down and abandoning module AlembicLibrary (365)
[2020.10.22-19.27.17:301][ 26]LogModuleManager: Shutting down and abandoning module GeometryCache (364)
[2020.10.22-19.27.17:301][ 26]LogModuleManager: Shutting down and abandoning module GeometryCacheEd (363)
[2020.10.22-19.27.17:301][ 26]LogModuleManager: Shutting down and abandoning module VariantManagerContent (358)
[2020.10.22-19.27.17:326][ 26]LogModuleManager: Shutting down and abandoning module DatasmithContentEditor (356)
[2020.10.22-19.27.17:326][ 26]LogModuleManager: Shutting down and abandoning module SpeedTreeImporter (354)
[2020.10.22-19.27.17:326][ 26]LogModuleManager: Shutting down and abandoning module PluginBrowser (352)
[2020.10.22-19.27.17:413][ 26]LogModuleManager: Shutting down and abandoning module MobileLauncherProfileWizard (350)
[2020.10.22-19.27.17:449][ 26]LogModuleManager: Shutting down and abandoning module MaterialAnalyzer (348)
[2020.10.22-19.27.17:455][ 26]LogModuleManager: Shutting down and abandoning module CurveEditorTools (346)
[2020.10.22-19.27.17:493][ 26]LogModuleManager: Shutting down and abandoning module CurveEditor (345)
[2020.10.22-19.27.17:525][ 26]LogModuleManager: Shutting down and abandoning module CryptoKeysOpenSSL (342)
[2020.10.22-19.27.17:525][ 26]LogModuleManager: Shutting down and abandoning module CryptoKeys (340)
[2020.10.22-19.27.17:525][ 26]LogModuleManager: Shutting down and abandoning module VisualStudioSourceCodeAccess (338)
[2020.10.22-19.27.17:552][ 26]LogModuleManager: Shutting down and abandoning module VisualStudioCodeSourceCodeAccess (336)
[2020.10.22-19.27.17:552][ 26]LogModuleManager: Shutting down and abandoning module UObjectPlugin (334)
[2020.10.22-19.27.17:552][ 26]LogModuleManager: Shutting down and abandoning module SubversionSourceControl (332)
[2020.10.22-19.27.17:584][ 26]LogModuleManager: Shutting down and abandoning module PerforceSourceControl (330)
[2020.10.22-19.27.17:663][ 26]LogModuleManager: Shutting down and abandoning module GitSourceControl (328)
[2020.10.22-19.27.17:714][ 26]LogModuleManager: Shutting down and abandoning module SourceControl (327)
[2020.10.22-19.27.17:742][ 26]LogModuleManager: Shutting down and abandoning module CLionSourceCodeAccess (324)
[2020.10.22-19.27.17:742][ 26]LogModuleManager: Shutting down and abandoning module AnimationSharingEd (322)
[2020.10.22-19.27.17:742][ 26]LogModuleManager: Shutting down and abandoning module ActorLayerUtilitiesEditor (320)
[2020.10.22-19.27.17:742][ 26]LogModuleManager: Shutting down and abandoning module ActorLayerUtilities (318)
[2020.10.22-19.27.17:742][ 26]LogModuleManager: Shutting down and abandoning module LightPropagationVolumeEditor (316)
[2020.10.22-19.27.17:742][ 26]LogModuleManager: Shutting down and abandoning module PaperTiledImporter (314)
[2020.10.22-19.27.17:742][ 26]LogModuleManager: Shutting down and abandoning module PaperSpriteSheetImporter (312)
[2020.10.22-19.27.17:765][ 26]LogModuleManager: Shutting down and abandoning module Paper2DEditor (310)
[2020.10.22-19.27.17:815][ 26]LogModuleManager: Shutting down and abandoning module SignificanceManager (308)
[2020.10.22-19.27.17:815][ 26]LogModuleManager: Shutting down and abandoning module RuntimePhysXCooking (306)
[2020.10.22-19.27.17:815][ 26]LogModuleManager: Shutting down and abandoning module PhysXVehiclesEditor (304)
[2020.10.22-19.27.17:815][ 26]LogModuleManager: Shutting down and abandoning module LocationServicesBPLibrary (300)
[2020.10.22-19.27.17:815][ 26]LogModuleManager: Shutting down and abandoning module ActorSequence (298)
[2020.10.22-19.27.17:815][ 26]LogModuleManager: Shutting down and abandoning module UdpMessaging (296)
[2020.10.22-19.27.17:916][ 26]LogModuleManager: Shutting down and abandoning module TcpMessaging (294)
[2020.10.22-19.27.18:032][ 26]LogModuleManager: Shutting down and abandoning module MagicLeapIdentity (292)
[2020.10.22-19.27.18:032][ 26]LogModuleManager: Shutting down and abandoning module MagicLeapSecureStorage (290)
[2020.10.22-19.27.18:032][ 26]LogModuleManager: Shutting down and abandoning module MagicLeapHandTracking (288)
[2020.10.22-19.27.18:037][ 26]LogModuleManager: Shutting down and abandoning module MagicLeapEyeTracker (286)
[2020.10.22-19.27.18:037][ 26]LogModuleManager: Shutting down and abandoning module MagicLeapController (284)
[2020.10.22-19.27.18:037][ 26]LogSlate: Slate User Destroyed.  User Index 0, Is Virtual User: 0
[2020.10.22-19.27.18:037][ 26]LogModuleManager: Shutting down and abandoning module MagicLeapAR (282)
[2020.10.22-19.27.18:041][ 26]LogModuleManager: Shutting down and abandoning module AugmentedReality (281)
[2020.10.22-19.27.18:041][ 26]LogModuleManager: Shutting down and abandoning module GameplayTagsEditor (278)
[2020.10.22-19.27.18:053][ 26]LogModuleManager: Shutting down and abandoning module FacialAnimationEditor (276)
[2020.10.22-19.27.18:062][ 26]LogModuleManager: Shutting down and abandoning module FacialAnimation (274)
[2020.10.22-19.27.18:062][ 26]LogModuleManager: Shutting down and abandoning module DataValidation (272)
[2020.10.22-19.27.18:062][ 26]LogModuleManager: Shutting down and abandoning module AssetManagerEditor (270)
[2020.10.22-19.27.18:073][ 26]LogModuleManager: Shutting down and abandoning module LevelEditor (269)
[2020.10.22-19.27.18:093][ 26]LogModuleManager: Shutting down and abandoning module PixelInspectorModule (268)
[2020.10.22-19.27.18:124][ 26]LogModuleManager: Shutting down and abandoning module CommonMenuExtensions (266)
[2020.10.22-19.27.18:124][ 26]LogModuleManager: Shutting down and abandoning module MainFrame (264)
[2020.10.22-19.27.18:124][ 26]LogModuleManager: Shutting down and abandoning module HotReload (263)
[2020.10.22-19.27.18:135][ 26]LogModuleManager: Shutting down and abandoning module ContentBrowser (259)
[2020.10.22-19.27.18:136][ 26]LogModuleManager: Shutting down and abandoning module TreeMap (257)
[2020.10.22-19.27.18:163][ 26]LogModuleManager: Shutting down and abandoning module AnimationSharing (254)
[2020.10.22-19.27.18:163][ 26]LogModuleManager: Shutting down and abandoning module LightPropagationVolumeRuntime (252)
[2020.10.22-19.27.18:163][ 26]LogModuleManager: Shutting down and abandoning module Paper2D (250)
[2020.10.22-19.27.18:193][ 26]LogModuleManager: Shutting down and abandoning module WindowsMoviePlayer (248)
[2020.10.22-19.27.18:343][ 26]LogModuleManager: Shutting down and abandoning module WebMMoviePlayer (246)
[2020.10.22-19.27.18:364][ 26]LogModuleManager: Shutting down and abandoning module NetworkReplayStreaming (244)
[2020.10.22-19.27.18:364][ 26]LogModuleManager: Shutting down and abandoning module PacketHandler (242)
[2020.10.22-19.27.18:364][ 26]LogModuleManager: Shutting down and abandoning module ClothingSystemEditor (240)
[2020.10.22-19.27.18:364][ 26]LogModuleManager: Shutting down and abandoning module ClothingSystemRuntime (238)
[2020.10.22-19.27.18:548][ 26]LogModuleManager: Shutting down and abandoning module MediaAssets (236)
[2020.10.22-19.27.18:555][ 26]LogModuleManager: Shutting down and abandoning module Overlay (234)
[2020.10.22-19.27.18:555][ 26]LogModuleManager: Shutting down and abandoning module OverlayEditor (233)
[2020.10.22-19.27.18:555][ 26]LogModuleManager: Shutting down and abandoning module VREditor (230)
[2020.10.22-19.27.18:579][ 26]LogModuleManager: Shutting down and abandoning module StringTableEditor (228)
[2020.10.22-19.27.18:625][ 26]LogModuleManager: Shutting down and abandoning module GameplayTasksEditor (226)
[2020.10.22-19.27.18:625][ 26]LogModuleManager: Shutting down and abandoning module BehaviorTreeEditor (224)
[2020.10.22-19.27.18:625][ 26]LogModuleManager: Shutting down and abandoning module FunctionalTesting (222)
[2020.10.22-19.27.18:638][ 26]LogModuleManager: Shutting down and abandoning module CollisionAnalyzer (220)
[2020.10.22-19.27.18:662][ 26]LogModuleManager: Shutting down and abandoning module WorkspaceMenuStructure (219)
[2020.10.22-19.27.18:833][ 26]LogModuleManager: Shutting down and abandoning module UMG (216)
[2020.10.22-19.27.18:839][ 26]LogModuleManager: Shutting down and abandoning module UMGEditor (215)
[2020.10.22-19.27.18:846][ 26]LogModuleManager: Shutting down and abandoning module Sequencer (214)
[2020.10.22-19.27.18:898][ 26]LogModuleManager: Shutting down and abandoning module MessageLog (211)
[2020.10.22-19.27.18:898][ 26]LogModuleManager: Shutting down and abandoning module SlateReflector (206)
[2020.10.22-19.27.18:959][ 26]LogModuleManager: Shutting down and abandoning module Slate (204)
[2020.10.22-19.27.18:959][ 26]LogModuleManager: Shutting down and abandoning module LandscapeEditorUtilities (202)
[2020.10.22-19.27.18:959][ 26]LogModuleManager: Shutting down and abandoning module EditorStyle (200)
[2020.10.22-19.27.18:960][ 26]LogModuleManager: Shutting down and abandoning module UnrealEd (198)
[2020.10.22-19.27.18:960][ 26]LogModuleManager: Shutting down and abandoning module MRMesh (196)
[2020.10.22-19.27.18:960][ 26]LogModuleManager: Shutting down and abandoning module SourceCodeAccess (194)
[2020.10.22-19.27.18:960][ 26]LogModuleManager: Shutting down and abandoning module HeadMountedDisplay (192)
[2020.10.22-19.27.18:979][ 26]LogModuleManager: Shutting down and abandoning module XAudio2 (190)
[2020.10.22-19.27.18:979][ 26]LogModuleManager: Shutting down and abandoning module Networking (188)
[2020.10.22-19.27.18:979][ 26]LogModuleManager: Shutting down and abandoning module Core (186)
[2020.10.22-19.27.18:979][ 26]LogModuleManager: Shutting down and abandoning module KismetCompiler (184)
[2020.10.22-19.27.18:979][ 26]LogModuleManager: Shutting down and abandoning module MeshUtilities (182)
[2020.10.22-19.27.18:986][ 26]LogModuleManager: Shutting down and abandoning module MeshMergeUtilities (181)
[2020.10.22-19.27.19:008][ 26]LogModuleManager: Shutting down and abandoning module MeshReductionInterface (180)
[2020.10.22-19.27.19:009][ 26]LogModuleManager: Shutting down and abandoning module SkeletalMeshReduction (179)
[2020.10.22-19.27.19:047][ 26]LogModuleManager: Shutting down and abandoning module ProxyLODMeshReduction (177)
[2020.10.22-19.27.19:065][ 26]LogModuleManager: Shutting down and abandoning module QuadricMeshReduction (175)
[2020.10.22-19.27.19:092][ 26]LogModuleManager: Shutting down and abandoning module MaterialBaking (171)
[2020.10.22-19.27.19:131][ 26]LogModuleManager: Shutting down and abandoning module NullInstallBundleManager (166)
[2020.10.22-19.27.19:131][ 26]LogModuleManager: Shutting down and abandoning module DerivedDataCache (164)
[2020.10.22-19.27.19:135][ 26]LogDerivedDataCache: Shutdown
[2020.10.22-19.27.19:135][ 26]LogModuleManager: Shutting down and abandoning module XGEController (162)
[2020.10.22-19.27.19:164][ 26]LogModuleManager: Shutting down and abandoning module TargetPlatform (160)
[2020.10.22-19.27.19:194][ 26]LogModuleManager: Shutting down and abandoning module VulkanShaderFormat (159)
[2020.10.22-19.27.19:223][ 26]LogModuleManager: Shutting down and abandoning module ShaderFormatVectorVM (157)
[2020.10.22-19.27.19:260][ 26]LogModuleManager: Shutting down and abandoning module ShaderFormatOpenGL (155)
[2020.10.22-19.27.19:265][ 26]LogModuleManager: Shutting down and abandoning module ShaderFormatD3D (153)
[2020.10.22-19.27.19:291][ 26]LogModuleManager: Shutting down and abandoning module MetalShaderFormat (151)
[2020.10.22-19.27.19:306][ 26]LogModuleManager: Shutting down and abandoning module TextureFormatUncompressed (149)
[2020.10.22-19.27.19:306][ 26]LogModuleManager: Shutting down and abandoning module TextureFormatPVR (147)
[2020.10.22-19.27.19:306][ 26]LogModuleManager: Shutting down and abandoning module TextureFormatDXT (145)
[2020.10.22-19.27.19:341][ 26]LogModuleManager: Shutting down and abandoning module TextureFormatIntelISPCTexComp (143)
[2020.10.22-19.27.19:349][ 26]LogModuleManager: Shutting down and abandoning module TextureFormatASTC (141)
[2020.10.22-19.27.19:349][ 26]LogModuleManager: Shutting down and abandoning module ImageWrapper (140)
[2020.10.22-19.27.19:349][ 26]LogModuleManager: Shutting down and abandoning module TextureFormatAndroid (137)
[2020.10.22-19.27.19:349][ 26]LogModuleManager: Shutting down and abandoning module AudioFormatOpus (135)
[2020.10.22-19.27.19:357][ 26]LogModuleManager: Shutting down and abandoning module AudioFormatOgg (133)
[2020.10.22-19.27.19:357][ 26]LogModuleManager: Shutting down and abandoning module AudioFormatADPCM (131)
[2020.10.22-19.27.19:357][ 26]LogModuleManager: Shutting down and abandoning module LuminTargetPlatform (129)
[2020.10.22-19.27.19:369][ 26]LogModuleManager: Shutting down and abandoning module LinuxTargetPlatform (127)
[2020.10.22-19.27.19:369][ 26]LogModuleManager: Shutting down and abandoning module LinuxServerTargetPlatform (125)
[2020.10.22-19.27.19:380][ 26]LogModuleManager: Shutting down and abandoning module LinuxNoEditorTargetPlatform (123)
[2020.10.22-19.27.19:381][ 26]LogModuleManager: Shutting down and abandoning module LinuxClientTargetPlatform (121)
[2020.10.22-19.27.19:415][ 26]LogModuleManager: Shutting down and abandoning module TVOSTargetPlatform (119)
[2020.10.22-19.27.19:416][ 26]LogModuleManager: Shutting down and abandoning module Messaging (117)
[2020.10.22-19.27.19:416][ 26]LogModuleManager: Shutting down and abandoning module IOSTargetPlatform (115)
[2020.10.22-19.27.19:417][ 26]LogModuleManager: Shutting down and abandoning module HTML5TargetPlatform (113)
[2020.10.22-19.27.19:417][ 26]LogModuleManager: Shutting down and abandoning module AndroidTargetPlatform (111)
[2020.10.22-19.27.19:421][ 26]LogModuleManager: Shutting down and abandoning module WindowsTargetPlatform (109)
[2020.10.22-19.27.19:421][ 26]LogModuleManager: Shutting down and abandoning module WindowsServerTargetPlatform (107)
[2020.10.22-19.27.19:421][ 26]LogModuleManager: Shutting down and abandoning module WindowsNoEditorTargetPlatform (105)
[2020.10.22-19.27.19:421][ 26]LogModuleManager: Shutting down and abandoning module WindowsClientTargetPlatform (103)
[2020.10.22-19.27.19:421][ 26]LogModuleManager: Shutting down and abandoning module MacTargetPlatform (101)
[2020.10.22-19.27.19:421][ 26]LogModuleManager: Shutting down and abandoning module MacServerTargetPlatform (99)
[2020.10.22-19.27.19:421][ 26]LogModuleManager: Shutting down and abandoning module MacNoEditorTargetPlatform (97)
[2020.10.22-19.27.19:421][ 26]LogModuleManager: Shutting down and abandoning module MacClientTargetPlatform (95)
[2020.10.22-19.27.19:421][ 26]LogModuleManager: Shutting down and abandoning module AllDesktopTargetPlatform (93)
[2020.10.22-19.27.19:421][ 26]LogModuleManager: Shutting down and abandoning module InputCore (90)
[2020.10.22-19.27.19:421][ 26]LogModuleManager: Shutting down and abandoning module Settings (88)
[2020.10.22-19.27.19:421][ 26]LogModuleManager: Shutting down and abandoning module DirectoryWatcher (86)
[2020.10.22-19.27.19:421][ 26]LogModuleManager: Shutting down and abandoning module PhysXCooking (84)
[2020.10.22-19.27.19:421][ 26]LogModuleManager: Shutting down and abandoning module WindowsPlatformFeatures (82)
[2020.10.22-19.27.19:449][ 26]LogModuleManager: Shutting down and abandoning module GameplayMediaEncoder (81)
[2020.10.22-19.27.19:477][ 26]LogModuleManager: Shutting down and abandoning module SteamVR (78)
[2020.10.22-19.27.19:484][ 26]LogHMD: Freeing OpenVRDLLHandle.
[2020.10.22-19.27.19:492][ 26]LogModuleManager: Shutting down and abandoning module OculusHMD (76)
[2020.10.22-19.27.19:505][ 26]LogModuleManager: Shutting down and abandoning module ExampleDeviceProfileSelector (74)
[2020.10.22-19.27.19:505][ 26]LogModuleManager: Shutting down and abandoning module LauncherChunkInstaller (72)
[2020.10.22-19.27.19:505][ 26]LogModuleManager: Shutting down and abandoning module OnlineBlueprintSupport (70)
[2020.10.22-19.27.19:505][ 26]LogModuleManager: Shutting down and abandoning module OnlineSubsystem (66)
[2020.10.22-19.27.19:747][ 26]LogModuleManager: Shutting down and abandoning module XMPP (61)
[2020.10.22-19.27.19:759][ 26]LogModuleManager: Shutting down and abandoning module WebSockets (60)
[2020.10.22-19.27.20:015][ 26]LogModuleManager: Shutting down and abandoning module HTTP (57)
[2020.10.22-19.27.20:016][ 26]LogHttp: Display: Http module shutting down, but needs to wait on 1 outstanding Http requests:
[2020.10.22-19.27.20:016][ 26]LogHttp: Display: 	verb=[POST] url=[https://datarouter.ol.epicgames.com/datarouter/api/v1/public/data?SessionID=%7B7528A567-42DB-F534-03E1-B88A9906E5DC%7D&AppID=UEEditor.Rocket.Release&AppVersion=4.23.1-9631420%2B%2B%2BUE4%2BRelease-4.23&UserID=67ba10724d560c688afd0b872ac04ae0%7Cf11ff26015a34a9c92b608694a5cdef0%7C44a143d0-0deb-4259-a870-5861c956a322&AppEnvironment=datacollector-binary&UploadType=eteventstream] status=Processing
[2020.10.22-19.27.20:046][ 26]LogModuleManager: Shutting down and abandoning module SSL (56)
[2020.10.22-19.27.20:059][ 26]LogModuleManager: Shutting down and abandoning module WmfMedia (52)
[2020.10.22-19.27.20:117][ 26]LogModuleManager: Shutting down and abandoning module Media (51)
[2020.10.22-19.27.20:118][ 26]LogModuleManager: Shutting down and abandoning module MagicLeap (48)
[2020.10.22-19.27.20:145][ 26]LogModuleManager: Shutting down and abandoning module DatasmithContent (46)
[2020.10.22-19.27.20:145][ 26]LogModuleManager: Shutting down and abandoning module AISupportModule (44)
[2020.10.22-19.27.20:145][ 26]LogModuleManager: Shutting down and abandoning module PlatformCryptoOpenSSL (42)
[2020.10.22-19.27.20:150][ 26]LogModuleManager: Shutting down and abandoning module PlatformCrypto (40)
[2020.10.22-19.27.20:150][ 26]LogModuleManager: Shutting down and abandoning module AnimationModifiers (38)
[2020.10.22-19.27.20:162][ 26]LogModuleManager: Shutting down and abandoning module PropertyEditor (37)
[2020.10.22-19.27.20:162][ 26]LogModuleManager: Shutting down and abandoning module AudioEditor (34)
[2020.10.22-19.27.20:189][ 26]LogModuleManager: Shutting down and abandoning module TextureCompressor (32)
[2020.10.22-19.27.20:200][ 26]LogModuleManager: Shutting down and abandoning module RenderCore (30)
[2020.10.22-19.27.20:200][ 26]LogModuleManager: Shutting down and abandoning module Landscape (28)
[2020.10.22-19.27.20:200][ 26]LogModuleManager: Shutting down and abandoning module SlateRHIRenderer (26)
[2020.10.22-19.27.20:216][ 26]LogModuleManager: Shutting down and abandoning module OpenGLDrv (24)
[2020.10.22-19.27.20:242][ 26]LogModuleManager: Shutting down and abandoning module D3D11RHI (22)
[2020.10.22-19.27.20:242][ 26]LogModuleManager: Shutting down and abandoning module AnimGraphRuntime (20)
[2020.10.22-19.27.20:248][ 26]LogModuleManager: Shutting down and abandoning module Renderer (18)
[2020.10.22-19.27.20:254][ 26]LogModuleManager: Shutting down and abandoning module Engine (16)
[2020.10.22-19.27.20:263][ 26]LogModuleManager: Shutting down and abandoning module CoreUObject (14)
[2020.10.22-19.27.20:264][ 26]LogModuleManager: Shutting down and abandoning module NetworkFile (12)
[2020.10.22-19.27.20:269][ 26]LogModuleManager: Shutting down and abandoning module CookedIterativeFile (10)
[2020.10.22-19.27.20:269][ 26]LogModuleManager: Shutting down and abandoning module StreamingFile (8)
[2020.10.22-19.27.20:291][ 26]LogModuleManager: Shutting down and abandoning module SandboxFile (6)
[2020.10.22-19.27.20:291][ 26]LogModuleManager: Shutting down and abandoning module PakFile (4)
[2020.10.22-19.27.20:302][ 26]LogModuleManager: Shutting down and abandoning module RSA (3)
[2020.10.22-19.27.20:324][ 26]LogD3D11RHI: Shutdown
[2020.10.22-19.27.20:329][ 26]LogD3D11RHI: CleanupD3DDevice
[2020.10.22-19.27.20:411][ 26]LogRendererCore: FGlobalDynamicReadBuffer::Cleanup()
[2020.10.22-19.27.20:417][ 26]LogRendererCore: FGlobalDynamicReadBuffer::Cleanup()
[2020.10.22-19.27.20:417][ 26]LogRendererCore: FGlobalDynamicReadBuffer::Cleanup()
[2020.10.22-19.27.20:433][ 26]LogD3D11RHI: [IntelMetricsDiscovery] Stopped
[2020.10.22-19.27.20:568][ 26]LogD3D11RHI: ~FD3D11DynamicRHI
[2020.10.22-19.27.20:624][ 26]LogExit: Exiting.
[2020.10.22-19.27.20:660][ 26]Log file closed, 10/22/20 16:27:20
